#
# A fatal error has been detected by the Java Runtime Environment:
#
#  EXCEPTION_ACCESS_VIOLATION (0xc0000005) at pc=0x00007ffbb4b95331, pid=7520, tid=11804
#
# JRE version: Java(TM) SE Runtime Environment (17.0.6+9) (build 17.0.6+9-LTS-190)
# Java VM: Java HotSpot(TM) 64-Bit Server VM (17.0.6+9-LTS-190, mixed mode, sharing, tiered, compressed oops, compressed class ptrs, g1 gc, windows-amd64)
# Problematic frame:
# V  [jvm.dll+0x2e5331]
#
# No core dump will be written. Minidumps are not enabled by default on client versions of Windows
#
# If you would like to submit a bug report, please visit:
#   https://bugreport.java.com/bugreport/crash.jsp
#

---------------  S U M M A R Y ------------

Command Line: -javaagent:C:\Program Files\JetBrains\IntelliJ IDEA 2022.3\lib\idea_rt.jar=50955:C:\Program Files\JetBrains\IntelliJ IDEA 2022.3\bin -Dfile.encoding=UTF-8 main.Main

Host: Intel(R) Core(TM) i5-9600K CPU @ 3.70GHz, 6 cores, 15G,  Windows 10 , 64 bit Build 19041 (10.0.19041.3155)
Time: Thu Aug 10 11:34:07 2023 Västeuropa, sommartid elapsed time: 3.495132 seconds (0d 0h 0m 3s)

---------------  T H R E A D  ---------------

Current thread (0x000002a177279030):  GCTaskThread "GC Thread#0" [stack: 0x000000d2d6f00000,0x000000d2d7000000] [id=11804]

Stack: [0x000000d2d6f00000,0x000000d2d7000000],  sp=0x000000d2d6fff6d8,  free space=1021k
Native frames: (J=compiled Java code, j=interpreted, Vv=VM code, C=native code)
V  [jvm.dll+0x2e5331]
V  [jvm.dll+0x3028ab]
V  [jvm.dll+0x2d6690]
V  [jvm.dll+0x2d6c5a]
V  [jvm.dll+0x2d6d57]
V  [jvm.dll+0x2dc1db]
V  [jvm.dll+0x7ff32b]
V  [jvm.dll+0x7ff376]
V  [jvm.dll+0x781a7a]
V  [jvm.dll+0x672375]
C  [ucrtbase.dll+0x21bb2]
C  [KERNEL32.DLL+0x17614]
C  [ntdll.dll+0x526b1]


siginfo: EXCEPTION_ACCESS_VIOLATION (0xc0000005), data execution prevention violation at address 0x00007ffb8d8f4000


Register to memory mapping:

RIP=0x00007ffbb4b95331 jvm.dll
RAX=0x00000c4b00004ac2 is an unknown value
RBX=0x0000000000000005 is an unknown value
RCX=0x000000000000007c is an unknown value
RDX=0x0000000000000001 is an unknown value
RSP=0x000000d2d6fff6d8 points into unknown readable memory: 0x000002a17721f560 | 60 f5 21 77 a1 02 00 00
RBP=0x0 is NULL
RSI=0x000002a1772291b0 points into unknown readable memory: 0x0000000000000000 | 00 00 00 00 00 00 00 00
RDI=0x000002a177228670 points into unknown readable memory: 0x0000000000000000 | 00 00 00 00 00 00 00 00
R8 =0x000000000000002f is an unknown value
R9 =0x0000000000000001 is an unknown value
R10=0x000000000000007c is an unknown value
R11=0x000002a17721ed40 points into unknown readable memory: 0x00007ffbb51a04d8 | d8 04 1a b5 fb 7f 00 00
R12=0x0 is NULL
R13=0x000002a125482e40 points into unknown readable memory: 0x00007ffbb51a6c58 | 58 6c 1a b5 fb 7f 00 00
R14=0x0000000000000008 is an unknown value
R15=0x000000d2d6fff730 points into unknown readable memory: 0x000000070901719d | 9d 71 01 09 07 00 00 00


Registers:
RAX=0x00000c4b00004ac2, RBX=0x0000000000000005, RCX=0x000000000000007c, RDX=0x0000000000000001
RSP=0x000000d2d6fff6d8, RBP=0x0000000000000000, RSI=0x000002a1772291b0, RDI=0x000002a177228670
R8 =0x000000000000002f, R9 =0x0000000000000001, R10=0x000000000000007c, R11=0x000002a17721ed40
R12=0x0000000000000000, R13=0x000002a125482e40, R14=0x0000000000000008, R15=0x000000d2d6fff730
RIP=0x00007ffbb4b95331, EFLAGS=0x0000000000010202

Top of Stack: (sp=0x000000d2d6fff6d8)
0x000000d2d6fff6d8:   000002a17721f560 000002a125024470
0x000000d2d6fff6e8:   000002a17721f938 000000d2d6fff800
0x000000d2d6fff6f8:   00007ffbb4bb28ab 00001232000006e6
0x000000d2d6fff708:   000002a125482e40 000002a17721ed40
0x000000d2d6fff718:   000000070901719c 000000d2d6fff790
0x000000d2d6fff728:   00007ffbb4b86690 000000070901719d
0x000000d2d6fff738:   0000000000000000 000000d2d6fff800
0x000000d2d6fff748:   0000000000000000 000000d2d74fec70
0x000000d2d6fff758:   00007ffbb4f1cb8f 0000000000000000
0x000000d2d6fff768:   0000000000000000 0000000000000000
0x000000d2d6fff778:   0000000000000000 0000000000000000
0x000000d2d6fff788:   00007ffbb503ff37 000002a17721f560
0x000000d2d6fff798:   000002a125024470 00000000000003d8
0x000000d2d6fff7a8:   000002a17721f938 0000000000000005
0x000000d2d6fff7b8:   00007ffbb4b86c5a 000002a125482e40
0x000000d2d6fff7c8:   0000000000000013 000000d2d74fec70 

Instructions: (pc=0x00007ffbb4b95331)
0x00007ffbb4b95231:   5f 0b 4e 83 41 f7 e8 41 03 d0 c1 fa 10 8b c2 c1
0x00007ffbb4b95241:   e8 1f 03 d0 41 69 c0 a7 41 00 00 69 ca ff ff ff
0x00007ffbb4b95251:   7f 2b c1 85 c0 8d 88 ff ff ff 7f 0f 4e c1 33 d2
0x00007ffbb4b95261:   89 86 04 02 00 00 41 f7 73 08 eb b3 41 8b c1 4c
0x00007ffbb4b95271:   8d 34 c5 00 00 00 00 49 8b 43 10 49 8b 0c 06 8b
0x00007ffbb4b95281:   81 00 01 00 00 44 8b 91 80 00 00 00 44 2b d0 8b
0x00007ffbb4b95291:   c2 41 81 e2 ff ff 01 00 41 81 fa ff ff 01 00 45
0x00007ffbb4b952a1:   0f 44 d4 48 8d 3c c5 00 00 00 00 49 8b 43 10 48
0x00007ffbb4b952b1:   8b 0c 07 8b 81 00 01 00 00 44 8b 81 80 00 00 00
0x00007ffbb4b952c1:   44 2b c0 32 c0 41 81 e0 ff ff 01 00 41 81 f8 ff
0x00007ffbb4b952d1:   ff 01 00 45 0f 44 c4 45 3b c2 76 0a 49 8b 43 10
0x00007ffbb4b952e1:   48 8b 3c 07 eb 14 45 85 d2 0f 84 83 00 00 00 49
0x00007ffbb4b952f1:   8b 43 10 41 8b d1 49 8b 3c 06 48 8b 87 00 01 00
0x00007ffbb4b95301:   00 90 8b 8f 80 00 00 00 2b c8 81 e1 ff ff 01 00
0x00007ffbb4b95311:   81 f9 ff ff 01 00 41 0f 44 cc 85 c9 75 12 ba ff
0x00007ffbb4b95321:   ff ff ff 32 c0 89 96 00 02 00 00 e9 c4 00 00 00
0x00007ffbb4b95331:   48 8b 8f 80 01 00 00 4c 8b c8 44 8b c0 4e 8b 04
0x00007ffbb4b95341:   c1 8d 48 01 81 e1 ff ff 01 00 4d 89 07 45 8b c4
0x00007ffbb4b95351:   41 0f 94 c0 49 c1 e9 20 45 03 c8 49 c1 e1 20 4c
0x00007ffbb4b95361:   0b c9 f0 4c 0f b1 8f 00 01 00 00 0f 94 c0 84 c0
0x00007ffbb4b95371:   75 05 ba ff ff ff ff 89 96 00 02 00 00 eb 75 75
0x00007ffbb4b95381:   77 49 8b 43 10 8d 4b ff 83 e1 01 4c 8b 14 c8 49
0x00007ffbb4b95391:   8b 82 00 01 00 00 90 41 8b 8a 80 00 00 00 2b c8
0x00007ffbb4b953a1:   81 e1 ff ff 01 00 81 f9 ff ff 01 00 41 0f 44 cc
0x00007ffbb4b953b1:   85 c9 75 04 32 c0 eb 3c 49 8b 8a 80 01 00 00 4c
0x00007ffbb4b953c1:   8b c0 8b d0 48 8b 14 d1 8d 48 01 81 e1 ff ff 01
0x00007ffbb4b953d1:   00 49 89 17 41 8b d4 0f 94 c2 49 c1 e8 20 44 03
0x00007ffbb4b953e1:   c2 49 c1 e0 20 4c 0b c1 f0 4d 0f b1 82 00 01 00
0x00007ffbb4b953f1:   00 0f 94 c0 84 c0 75 2a 41 8b 4b 08 ff c5 8d 04
0x00007ffbb4b95401:   09 3b e8 0f 82 a8 fd ff ff 32 c0 48 8b 5c 24 30
0x00007ffbb4b95411:   48 8b 6c 24 38 48 8b 74 24 40 41 5f 41 5e 41 5c
0x00007ffbb4b95421:   5f c3 b0 01 eb e5 cc cc cc cc cc cc cc cc cc 48 


Stack slot to memory mapping:
stack at sp + 0 slots: 0x000002a17721f560 points into unknown readable memory: 0x000002a11e39e094 | 94 e0 39 1e a1 02 00 00
stack at sp + 1 slots: 0x000002a125024470 points into unknown readable memory: 0x000002a100000006 | 06 00 00 00 a1 02 00 00
stack at sp + 2 slots: 0x000002a17721f938 points into unknown readable memory: 0x10034a6230f70966 | 66 09 f7 30 62 4a 03 10
stack at sp + 3 slots: 0x000000d2d6fff800 points into unknown readable memory: 0x00007ffbb51a04a0 | a0 04 1a b5 fb 7f 00 00
stack at sp + 4 slots: 0x00007ffbb4bb28ab jvm.dll
stack at sp + 5 slots: 0x00001232000006e6 is an unknown value
stack at sp + 6 slots: 0x000002a125482e40 points into unknown readable memory: 0x00007ffbb51a6c58 | 58 6c 1a b5 fb 7f 00 00
stack at sp + 7 slots: 0x000002a17721ed40 points into unknown readable memory: 0x00007ffbb51a04d8 | d8 04 1a b5 fb 7f 00 00


---------------  P R O C E S S  ---------------

Threads class SMR info:
_java_thread_list=0x000002a125251960, length=19, elements={
0x000002a17720fa10, 0x000002a17f37bb70, 0x000002a17f37c8f0, 0x000002a17f38d580,
0x000002a17f38e040, 0x000002a17f390910, 0x000002a17f3911d0, 0x000002a17f3952c0,
0x000002a17f39dc80, 0x000002a17f3b2d70, 0x000002a17f363930, 0x000002a11c8f6720,
0x000002a11c8f6bf0, 0x000002a11caa2010, 0x000002a11caa3040, 0x000002a11caa3fc0,
0x000002a11e36b1a0, 0x000002a11e481590, 0x000002a11e47ef10
}

Java Threads: ( => current thread )
  0x000002a17720fa10 JavaThread "main" [_thread_blocked, id=8640, stack(0x000000d2d6e00000,0x000000d2d6f00000)]
  0x000002a17f37bb70 JavaThread "Reference Handler" daemon [_thread_blocked, id=14884, stack(0x000000d2d7500000,0x000000d2d7600000)]
  0x000002a17f37c8f0 JavaThread "Finalizer" daemon [_thread_blocked, id=6980, stack(0x000000d2d7600000,0x000000d2d7700000)]
  0x000002a17f38d580 JavaThread "Signal Dispatcher" daemon [_thread_blocked, id=6112, stack(0x000000d2d7700000,0x000000d2d7800000)]
  0x000002a17f38e040 JavaThread "Attach Listener" daemon [_thread_blocked, id=15144, stack(0x000000d2d7800000,0x000000d2d7900000)]
  0x000002a17f390910 JavaThread "Service Thread" daemon [_thread_blocked, id=3144, stack(0x000000d2d7900000,0x000000d2d7a00000)]
  0x000002a17f3911d0 JavaThread "Monitor Deflation Thread" daemon [_thread_blocked, id=15604, stack(0x000000d2d7a00000,0x000000d2d7b00000)]
  0x000002a17f3952c0 JavaThread "C2 CompilerThread0" daemon [_thread_blocked, id=15972, stack(0x000000d2d7b00000,0x000000d2d7c00000)]
  0x000002a17f39dc80 JavaThread "C1 CompilerThread0" daemon [_thread_blocked, id=16108, stack(0x000000d2d7c00000,0x000000d2d7d00000)]
  0x000002a17f3b2d70 JavaThread "Sweeper thread" daemon [_thread_blocked, id=872, stack(0x000000d2d7d00000,0x000000d2d7e00000)]
  0x000002a17f363930 JavaThread "Common-Cleaner" daemon [_thread_blocked, id=7024, stack(0x000000d2d7e00000,0x000000d2d7f00000)]
  0x000002a11c8f6720 JavaThread "Monitor Ctrl-Break" daemon [_thread_in_native, id=16372, stack(0x000000d2d7f00000,0x000000d2d8000000)]
  0x000002a11c8f6bf0 JavaThread "Notification Thread" daemon [_thread_blocked, id=12472, stack(0x000000d2d8000000,0x000000d2d8100000)]
  0x000002a11caa2010 JavaThread "Java2D Disposer" daemon [_thread_blocked, id=9980, stack(0x000000d2d8200000,0x000000d2d8300000)]
  0x000002a11caa3040 JavaThread "AWT-Shutdown" [_thread_blocked, id=12216, stack(0x000000d2d8300000,0x000000d2d8400000)]
  0x000002a11caa3fc0 JavaThread "AWT-Windows" daemon [_thread_blocked, id=1500, stack(0x000000d2d8400000,0x000000d2d8500000)]
  0x000002a11e36b1a0 JavaThread "AWT-EventQueue-0" [_thread_blocked, id=7352, stack(0x000000d2d8700000,0x000000d2d8800000)]
  0x000002a11e481590 JavaThread "D3D Screen Updater" daemon [_thread_in_native, id=5184, stack(0x000000d2d8800000,0x000000d2d8900000)]
  0x000002a11e47ef10 JavaThread "Thread-0" [_thread_blocked, id=4252, stack(0x000000d2d8900000,0x000000d2d8a00000)]

Other Threads:
  0x000002a17f3777b0 VMThread "VM Thread" [stack: 0x000000d2d7400000,0x000000d2d7500000] [id=14924]
  0x000002a17729ff80 WatcherThread [stack: 0x000000d2d8100000,0x000000d2d8200000] [id=6176]
=>0x000002a177279030 GCTaskThread "GC Thread#0" [stack: 0x000000d2d6f00000,0x000000d2d7000000] [id=11804]
  0x000002a124f07fe0 GCTaskThread "GC Thread#1" [stack: 0x000000d2d8a00000,0x000000d2d8b00000] [id=15432]
  0x000002a124fdc1c0 GCTaskThread "GC Thread#2" [stack: 0x000000d2d8b00000,0x000000d2d8c00000] [id=3752]
  0x000002a1252fdc70 GCTaskThread "GC Thread#3" [stack: 0x000000d2d8c00000,0x000000d2d8d00000] [id=6928]
  0x000002a124e86a90 GCTaskThread "GC Thread#4" [stack: 0x000000d2d8d00000,0x000000d2d8e00000] [id=728]
  0x000002a125120280 GCTaskThread "GC Thread#5" [stack: 0x000000d2d8e00000,0x000000d2d8f00000] [id=12104]
  0x000002a177289d10 ConcurrentGCThread "G1 Main Marker" [stack: 0x000000d2d7000000,0x000000d2d7100000] [id=7944]
  0x000002a17728add0 ConcurrentGCThread "G1 Conc#0" [stack: 0x000000d2d7100000,0x000000d2d7200000] [id=1504]
  0x000002a1772d74d0 ConcurrentGCThread "G1 Refine#0" [stack: 0x000000d2d7200000,0x000000d2d7300000] [id=2236]
  0x000002a17f2434e0 ConcurrentGCThread "G1 Service" [stack: 0x000000d2d7300000,0x000000d2d7400000] [id=6828]

Threads with active compile tasks:

VM state: at safepoint (normal execution)

VM Mutex/Monitor currently owned by a thread:  ([mutex/lock_event])
[0x000002a177209c80] Threads_lock - owner thread: 0x000002a17f3777b0
[0x000002a1772099b0] Heap_lock - owner thread: 0x000002a17720fa10

Heap address: 0x0000000701600000, size: 4074 MB, Compressed Oops mode: Zero based, Oop shift amount: 3

CDS archive(s) mapped at: [0x0000000800000000-0x0000000800bd0000-0x0000000800bd0000), size 12386304, SharedBaseAddress: 0x0000000800000000, ArchiveRelocationMode: 0.
Compressed class space mapped at: 0x0000000800c00000-0x0000000840c00000, reserved size: 1073741824
Narrow klass base: 0x0000000800000000, Narrow klass shift: 0, Narrow klass range: 0x100000000

GC Precious Log:
 CPUs: 6 total, 6 available
 Memory: 16290M
 Large Page Support: Disabled
 NUMA Support: Disabled
 Compressed Oops: Enabled (Zero based)
 Heap Region Size: 2M
 Heap Min Capacity: 8M
 Heap Initial Capacity: 256M
 Heap Max Capacity: 4074M
 Pre-touch: Disabled
 Parallel Workers: 6
 Concurrent Workers: 2
 Concurrent Refinement Workers: 6
 Periodic GC: Disabled

Heap:
 garbage-first heap   total 262144K, used 230700K [0x0000000701600000, 0x0000000800000000)
  region size 2048K, 65 young (133120K), 2 survivors (4096K)
 Metaspace       used 9056K, committed 9216K, reserved 1056768K
  class space    used 946K, committed 1024K, reserved 1048576K

Heap Regions: E=young(eden), S=young(survivor), O=old, HS=humongous(starts), HC=humongous(continues), CS=collection set, F=free, OA=open archive, CA=closed archive, TAMS=top-at-mark-start (previous, next)
|   0|0x0000000701600000, 0x0000000701800000, 0x0000000701800000|100%|HS|  |TAMS 0x0000000701600000, 0x0000000701600000| Complete 
|   1|0x0000000701800000, 0x0000000701a00000, 0x0000000701a00000|100%|HC|  |TAMS 0x0000000701800000, 0x0000000701800000| Complete 
|   2|0x0000000701a00000, 0x0000000701c00000, 0x0000000701c00000|100%|HS|  |TAMS 0x0000000701a00000, 0x0000000701a00000| Complete 
|   3|0x0000000701c00000, 0x0000000701e00000, 0x0000000701e00000|100%|HC|  |TAMS 0x0000000701c00000, 0x0000000701c00000| Complete 
|   4|0x0000000701e00000, 0x0000000702000000, 0x0000000702000000|100%|HS|  |TAMS 0x0000000701e00000, 0x0000000701e00000| Complete 
|   5|0x0000000702000000, 0x0000000702200000, 0x0000000702200000|100%|HC|  |TAMS 0x0000000702000000, 0x0000000702000000| Complete 
|   6|0x0000000702200000, 0x0000000702400000, 0x0000000702400000|100%|HS|  |TAMS 0x0000000702200000, 0x0000000702200000| Complete 
|   7|0x0000000702400000, 0x0000000702600000, 0x0000000702600000|100%|HC|  |TAMS 0x0000000702400000, 0x0000000702400000| Complete 
|   8|0x0000000702600000, 0x0000000702800000, 0x0000000702800000|100%|HS|  |TAMS 0x0000000702600000, 0x0000000702600000| Complete 
|   9|0x0000000702800000, 0x0000000702a00000, 0x0000000702a00000|100%|HC|  |TAMS 0x0000000702800000, 0x0000000702800000| Complete 
|  10|0x0000000702a00000, 0x0000000702c00000, 0x0000000702c00000|100%|HS|  |TAMS 0x0000000702a00000, 0x0000000702a00000| Complete 
|  11|0x0000000702c00000, 0x0000000702e00000, 0x0000000702e00000|100%|HC|  |TAMS 0x0000000702c00000, 0x0000000702c00000| Complete 
|  12|0x0000000702e00000, 0x0000000703000000, 0x0000000703000000|100%|HS|  |TAMS 0x0000000702e00000, 0x0000000702e00000| Complete 
|  13|0x0000000703000000, 0x0000000703200000, 0x0000000703200000|100%|HC|  |TAMS 0x0000000703000000, 0x0000000703000000| Complete 
|  14|0x0000000703200000, 0x0000000703400000, 0x0000000703400000|100%|HS|  |TAMS 0x0000000703200000, 0x0000000703200000| Complete 
|  15|0x0000000703400000, 0x0000000703600000, 0x0000000703600000|100%|HC|  |TAMS 0x0000000703400000, 0x0000000703400000| Complete 
|  16|0x0000000703600000, 0x0000000703800000, 0x0000000703800000|100%|HS|  |TAMS 0x0000000703600000, 0x0000000703600000| Complete 
|  17|0x0000000703800000, 0x0000000703a00000, 0x0000000703a00000|100%|HS|  |TAMS 0x0000000703800000, 0x0000000703800000| Complete 
|  18|0x0000000703a00000, 0x0000000703c00000, 0x0000000703c00000|100%|HS|  |TAMS 0x0000000703a00000, 0x0000000703a00000| Complete 
|  19|0x0000000703c00000, 0x0000000703e00000, 0x0000000703e00000|100%|HS|  |TAMS 0x0000000703c00000, 0x0000000703c00000| Complete 
|  20|0x0000000703e00000, 0x0000000704000000, 0x0000000704000000|100%|HS|  |TAMS 0x0000000703e00000, 0x0000000703e00000| Complete 
|  21|0x0000000704000000, 0x0000000704200000, 0x0000000704200000|100%|HS|  |TAMS 0x0000000704000000, 0x0000000704000000| Complete 
|  22|0x0000000704200000, 0x0000000704400000, 0x0000000704400000|100%|HS|  |TAMS 0x0000000704200000, 0x0000000704200000| Complete 
|  23|0x0000000704400000, 0x0000000704600000, 0x0000000704600000|100%|HS|  |TAMS 0x0000000704400000, 0x0000000704400000| Complete 
|  24|0x0000000704600000, 0x0000000704800000, 0x0000000704800000|100%|HS|  |TAMS 0x0000000704600000, 0x0000000704600000| Complete 
|  25|0x0000000704800000, 0x0000000704a00000, 0x0000000704a00000|100%|HC|  |TAMS 0x0000000704800000, 0x0000000704800000| Complete 
|  26|0x0000000704a00000, 0x0000000704c00000, 0x0000000704c00000|100%|HS|  |TAMS 0x0000000704a00000, 0x0000000704a00000| Complete 
|  27|0x0000000704c00000, 0x0000000704e00000, 0x0000000704e00000|100%|HC|  |TAMS 0x0000000704c00000, 0x0000000704c00000| Complete 
|  28|0x0000000704e00000, 0x0000000705000000, 0x0000000705000000|100%|HS|  |TAMS 0x0000000704e00000, 0x0000000704e00000| Complete 
|  29|0x0000000705000000, 0x0000000705200000, 0x0000000705200000|100%|HC|  |TAMS 0x0000000705000000, 0x0000000705000000| Complete 
|  30|0x0000000705200000, 0x0000000705400000, 0x0000000705400000|100%|HS|  |TAMS 0x0000000705200000, 0x0000000705200000| Complete 
|  31|0x0000000705400000, 0x0000000705600000, 0x0000000705600000|100%|HC|  |TAMS 0x0000000705400000, 0x0000000705400000| Complete 
|  32|0x0000000705600000, 0x0000000705800000, 0x0000000705800000|100%|HS|  |TAMS 0x0000000705600000, 0x0000000705600000| Complete 
|  33|0x0000000705800000, 0x0000000705a00000, 0x0000000705a00000|100%|HC|  |TAMS 0x0000000705800000, 0x0000000705800000| Complete 
|  34|0x0000000705a00000, 0x0000000705c00000, 0x0000000705c00000|100%|HS|  |TAMS 0x0000000705a00000, 0x0000000705a00000| Complete 
|  35|0x0000000705c00000, 0x0000000705e00000, 0x0000000705e00000|100%|HC|  |TAMS 0x0000000705c00000, 0x0000000705c00000| Complete 
|  36|0x0000000705e00000, 0x0000000706000000, 0x0000000706000000|100%|HS|  |TAMS 0x0000000705e00000, 0x0000000705e00000| Complete 
|  37|0x0000000706000000, 0x0000000706200000, 0x0000000706200000|100%|HC|  |TAMS 0x0000000706000000, 0x0000000706000000| Complete 
|  38|0x0000000706200000, 0x0000000706400000, 0x0000000706400000|100%|HS|  |TAMS 0x0000000706200000, 0x0000000706200000| Complete 
|  39|0x0000000706400000, 0x0000000706600000, 0x0000000706600000|100%|HC|  |TAMS 0x0000000706400000, 0x0000000706400000| Complete 
|  40|0x0000000706600000, 0x0000000706800000, 0x0000000706800000|100%|HS|  |TAMS 0x0000000706600000, 0x0000000706600000| Complete 
|  41|0x0000000706800000, 0x0000000706a00000, 0x0000000706a00000|100%|HS|  |TAMS 0x0000000706800000, 0x0000000706800000| Complete 
|  42|0x0000000706a00000, 0x0000000706c00000, 0x0000000706c00000|100%|HS|  |TAMS 0x0000000706a00000, 0x0000000706a00000| Complete 
|  43|0x0000000706c00000, 0x0000000706e00000, 0x0000000706e00000|100%|HS|  |TAMS 0x0000000706c00000, 0x0000000706c00000| Complete 
|  44|0x0000000706e00000, 0x0000000707000000, 0x0000000707000000|100%|HS|  |TAMS 0x0000000706e00000, 0x0000000706e00000| Complete 
|  45|0x0000000707000000, 0x0000000707200000, 0x0000000707200000|100%|HS|  |TAMS 0x0000000707000000, 0x0000000707000000| Complete 
|  46|0x0000000707200000, 0x0000000707400000, 0x0000000707400000|100%|HS|  |TAMS 0x0000000707200000, 0x0000000707200000| Complete 
|  47|0x0000000707400000, 0x0000000707600000, 0x0000000707600000|100%|HS|  |TAMS 0x0000000707400000, 0x0000000707400000| Complete 
|  48|0x0000000707600000, 0x0000000707600000, 0x0000000707800000|  0%| F|  |TAMS 0x0000000707600000, 0x0000000707600000| Untracked 
|  49|0x0000000707800000, 0x0000000707800000, 0x0000000707a00000|  0%| F|  |TAMS 0x0000000707800000, 0x0000000707800000| Untracked 
|  50|0x0000000707a00000, 0x0000000707a00000, 0x0000000707c00000|  0%| F|  |TAMS 0x0000000707a00000, 0x0000000707a00000| Untracked 
|  51|0x0000000707c00000, 0x0000000707c00000, 0x0000000707e00000|  0%| F|  |TAMS 0x0000000707c00000, 0x0000000707c00000| Untracked 
|  52|0x0000000707e00000, 0x0000000707e00000, 0x0000000708000000|  0%| F|  |TAMS 0x0000000707e00000, 0x0000000707e00000| Untracked 
|  53|0x0000000708000000, 0x0000000708000000, 0x0000000708200000|  0%| F|  |TAMS 0x0000000708000000, 0x0000000708000000| Untracked 
|  54|0x0000000708200000, 0x0000000708200000, 0x0000000708400000|  0%| F|  |TAMS 0x0000000708200000, 0x0000000708200000| Untracked 
|  55|0x0000000708400000, 0x0000000708400000, 0x0000000708600000|  0%| F|  |TAMS 0x0000000708400000, 0x0000000708400000| Untracked 
|  56|0x0000000708600000, 0x0000000708600000, 0x0000000708800000|  0%| F|  |TAMS 0x0000000708600000, 0x0000000708600000| Untracked 
|  57|0x0000000708800000, 0x0000000708800000, 0x0000000708a00000|  0%| F|  |TAMS 0x0000000708800000, 0x0000000708800000| Untracked 
|  58|0x0000000708a00000, 0x0000000708a00000, 0x0000000708c00000|  0%| F|  |TAMS 0x0000000708a00000, 0x0000000708a00000| Untracked 
|  59|0x0000000708c00000, 0x0000000708c00000, 0x0000000708e00000|  0%| F|  |TAMS 0x0000000708c00000, 0x0000000708c00000| Untracked 
|  60|0x0000000708e00000, 0x0000000708e00000, 0x0000000709000000|  0%| F|  |TAMS 0x0000000708e00000, 0x0000000708e00000| Untracked 
|  61|0x0000000709000000, 0x000000070914b458, 0x0000000709200000| 64%| S|  |TAMS 0x0000000709000000, 0x0000000709000000| Complete 
|  62|0x0000000709200000, 0x000000070934b1e8, 0x0000000709400000| 64%| E|CS|TAMS 0x0000000709200000, 0x0000000709200000| Complete 
|  63|0x0000000709400000, 0x0000000709600000, 0x0000000709600000|100%| E|CS|TAMS 0x0000000709400000, 0x0000000709400000| Complete 
|  64|0x0000000709600000, 0x0000000709800000, 0x0000000709800000|100%| S|  |TAMS 0x0000000709600000, 0x0000000709600000| Complete 
|  65|0x0000000709800000, 0x0000000709a00000, 0x0000000709a00000|100%| E|CS|TAMS 0x0000000709800000, 0x0000000709800000| Complete 
|  66|0x0000000709a00000, 0x0000000709c00000, 0x0000000709c00000|100%| E|CS|TAMS 0x0000000709a00000, 0x0000000709a00000| Complete 
|  67|0x0000000709c00000, 0x0000000709e00000, 0x0000000709e00000|100%| E|CS|TAMS 0x0000000709c00000, 0x0000000709c00000| Complete 
|  68|0x0000000709e00000, 0x000000070a000000, 0x000000070a000000|100%| E|CS|TAMS 0x0000000709e00000, 0x0000000709e00000| Complete 
|  69|0x000000070a000000, 0x000000070a200000, 0x000000070a200000|100%| E|CS|TAMS 0x000000070a000000, 0x000000070a000000| Complete 
|  70|0x000000070a200000, 0x000000070a400000, 0x000000070a400000|100%| E|CS|TAMS 0x000000070a200000, 0x000000070a200000| Complete 
|  71|0x000000070a400000, 0x000000070a600000, 0x000000070a600000|100%| E|CS|TAMS 0x000000070a400000, 0x000000070a400000| Complete 
|  72|0x000000070a600000, 0x000000070a800000, 0x000000070a800000|100%| E|CS|TAMS 0x000000070a600000, 0x000000070a600000| Complete 
|  73|0x000000070a800000, 0x000000070aa00000, 0x000000070aa00000|100%| E|CS|TAMS 0x000000070a800000, 0x000000070a800000| Complete 
|  74|0x000000070aa00000, 0x000000070ac00000, 0x000000070ac00000|100%| E|CS|TAMS 0x000000070aa00000, 0x000000070aa00000| Complete 
|  75|0x000000070ac00000, 0x000000070ae00000, 0x000000070ae00000|100%| E|CS|TAMS 0x000000070ac00000, 0x000000070ac00000| Complete 
|  76|0x000000070ae00000, 0x000000070b000000, 0x000000070b000000|100%| E|CS|TAMS 0x000000070ae00000, 0x000000070ae00000| Complete 
|  77|0x000000070b000000, 0x000000070b200000, 0x000000070b200000|100%| E|CS|TAMS 0x000000070b000000, 0x000000070b000000| Complete 
|  78|0x000000070b200000, 0x000000070b400000, 0x000000070b400000|100%| E|CS|TAMS 0x000000070b200000, 0x000000070b200000| Complete 
|  79|0x000000070b400000, 0x000000070b600000, 0x000000070b600000|100%| E|CS|TAMS 0x000000070b400000, 0x000000070b400000| Complete 
|  80|0x000000070b600000, 0x000000070b800000, 0x000000070b800000|100%| E|CS|TAMS 0x000000070b600000, 0x000000070b600000| Complete 
|  81|0x000000070b800000, 0x000000070ba00000, 0x000000070ba00000|100%| E|CS|TAMS 0x000000070b800000, 0x000000070b800000| Complete 
|  82|0x000000070ba00000, 0x000000070bc00000, 0x000000070bc00000|100%| E|CS|TAMS 0x000000070ba00000, 0x000000070ba00000| Complete 
|  83|0x000000070bc00000, 0x000000070be00000, 0x000000070be00000|100%| E|CS|TAMS 0x000000070bc00000, 0x000000070bc00000| Complete 
|  84|0x000000070be00000, 0x000000070c000000, 0x000000070c000000|100%| E|CS|TAMS 0x000000070be00000, 0x000000070be00000| Complete 
|  85|0x000000070c000000, 0x000000070c200000, 0x000000070c200000|100%| E|CS|TAMS 0x000000070c000000, 0x000000070c000000| Complete 
|  86|0x000000070c200000, 0x000000070c400000, 0x000000070c400000|100%| E|CS|TAMS 0x000000070c200000, 0x000000070c200000| Complete 
|  87|0x000000070c400000, 0x000000070c600000, 0x000000070c600000|100%| E|CS|TAMS 0x000000070c400000, 0x000000070c400000| Complete 
|  88|0x000000070c600000, 0x000000070c800000, 0x000000070c800000|100%| E|CS|TAMS 0x000000070c600000, 0x000000070c600000| Complete 
|  89|0x000000070c800000, 0x000000070ca00000, 0x000000070ca00000|100%| E|CS|TAMS 0x000000070c800000, 0x000000070c800000| Complete 
|  90|0x000000070ca00000, 0x000000070cc00000, 0x000000070cc00000|100%| E|CS|TAMS 0x000000070ca00000, 0x000000070ca00000| Complete 
|  91|0x000000070cc00000, 0x000000070ce00000, 0x000000070ce00000|100%| E|CS|TAMS 0x000000070cc00000, 0x000000070cc00000| Complete 
|  92|0x000000070ce00000, 0x000000070d000000, 0x000000070d000000|100%| E|CS|TAMS 0x000000070ce00000, 0x000000070ce00000| Complete 
|  93|0x000000070d000000, 0x000000070d200000, 0x000000070d200000|100%| E|CS|TAMS 0x000000070d000000, 0x000000070d000000| Complete 
|  94|0x000000070d200000, 0x000000070d400000, 0x000000070d400000|100%| E|CS|TAMS 0x000000070d200000, 0x000000070d200000| Complete 
|  95|0x000000070d400000, 0x000000070d600000, 0x000000070d600000|100%| E|CS|TAMS 0x000000070d400000, 0x000000070d400000| Complete 
|  96|0x000000070d600000, 0x000000070d800000, 0x000000070d800000|100%| E|CS|TAMS 0x000000070d600000, 0x000000070d600000| Complete 
|  97|0x000000070d800000, 0x000000070da00000, 0x000000070da00000|100%| E|CS|TAMS 0x000000070d800000, 0x000000070d800000| Complete 
|  98|0x000000070da00000, 0x000000070dc00000, 0x000000070dc00000|100%| E|CS|TAMS 0x000000070da00000, 0x000000070da00000| Complete 
|  99|0x000000070dc00000, 0x000000070de00000, 0x000000070de00000|100%| E|CS|TAMS 0x000000070dc00000, 0x000000070dc00000| Complete 
| 100|0x000000070de00000, 0x000000070e000000, 0x000000070e000000|100%| E|CS|TAMS 0x000000070de00000, 0x000000070de00000| Complete 
| 101|0x000000070e000000, 0x000000070e200000, 0x000000070e200000|100%| E|CS|TAMS 0x000000070e000000, 0x000000070e000000| Complete 
| 102|0x000000070e200000, 0x000000070e400000, 0x000000070e400000|100%| E|CS|TAMS 0x000000070e200000, 0x000000070e200000| Complete 
| 103|0x000000070e400000, 0x000000070e600000, 0x000000070e600000|100%| E|CS|TAMS 0x000000070e400000, 0x000000070e400000| Complete 
| 104|0x000000070e600000, 0x000000070e800000, 0x000000070e800000|100%| E|CS|TAMS 0x000000070e600000, 0x000000070e600000| Complete 
| 105|0x000000070e800000, 0x000000070ea00000, 0x000000070ea00000|100%| E|CS|TAMS 0x000000070e800000, 0x000000070e800000| Complete 
| 106|0x000000070ea00000, 0x000000070ec00000, 0x000000070ec00000|100%| E|CS|TAMS 0x000000070ea00000, 0x000000070ea00000| Complete 
| 107|0x000000070ec00000, 0x000000070ee00000, 0x000000070ee00000|100%| E|CS|TAMS 0x000000070ec00000, 0x000000070ec00000| Complete 
| 108|0x000000070ee00000, 0x000000070f000000, 0x000000070f000000|100%| E|CS|TAMS 0x000000070ee00000, 0x000000070ee00000| Complete 
| 109|0x000000070f000000, 0x000000070f200000, 0x000000070f200000|100%| E|CS|TAMS 0x000000070f000000, 0x000000070f000000| Complete 
| 110|0x000000070f200000, 0x000000070f400000, 0x000000070f400000|100%| E|CS|TAMS 0x000000070f200000, 0x000000070f200000| Complete 
| 111|0x000000070f400000, 0x000000070f600000, 0x000000070f600000|100%| E|CS|TAMS 0x000000070f400000, 0x000000070f400000| Complete 
| 112|0x000000070f600000, 0x000000070f800000, 0x000000070f800000|100%| E|CS|TAMS 0x000000070f600000, 0x000000070f600000| Complete 
| 113|0x000000070f800000, 0x000000070fa00000, 0x000000070fa00000|100%| E|CS|TAMS 0x000000070f800000, 0x000000070f800000| Complete 
| 114|0x000000070fa00000, 0x000000070fc00000, 0x000000070fc00000|100%| E|CS|TAMS 0x000000070fa00000, 0x000000070fa00000| Complete 
| 115|0x000000070fc00000, 0x000000070fe00000, 0x000000070fe00000|100%| E|CS|TAMS 0x000000070fc00000, 0x000000070fc00000| Complete 
| 116|0x000000070fe00000, 0x0000000710000000, 0x0000000710000000|100%| E|CS|TAMS 0x000000070fe00000, 0x000000070fe00000| Complete 
| 117|0x0000000710000000, 0x0000000710200000, 0x0000000710200000|100%| E|CS|TAMS 0x0000000710000000, 0x0000000710000000| Complete 
| 118|0x0000000710200000, 0x0000000710400000, 0x0000000710400000|100%| E|CS|TAMS 0x0000000710200000, 0x0000000710200000| Complete 
| 119|0x0000000710400000, 0x0000000710600000, 0x0000000710600000|100%| E|CS|TAMS 0x0000000710400000, 0x0000000710400000| Complete 
| 120|0x0000000710600000, 0x0000000710800000, 0x0000000710800000|100%| E|CS|TAMS 0x0000000710600000, 0x0000000710600000| Complete 
| 121|0x0000000710800000, 0x0000000710a00000, 0x0000000710a00000|100%| E|CS|TAMS 0x0000000710800000, 0x0000000710800000| Complete 
| 122|0x0000000710a00000, 0x0000000710c00000, 0x0000000710c00000|100%| E|CS|TAMS 0x0000000710a00000, 0x0000000710a00000| Complete 
| 123|0x0000000710c00000, 0x0000000710e00000, 0x0000000710e00000|100%| E|CS|TAMS 0x0000000710c00000, 0x0000000710c00000| Complete 
| 124|0x0000000710e00000, 0x0000000711000000, 0x0000000711000000|100%| E|CS|TAMS 0x0000000710e00000, 0x0000000710e00000| Complete 
| 125|0x0000000711000000, 0x0000000711200000, 0x0000000711200000|100%| E|CS|TAMS 0x0000000711000000, 0x0000000711000000| Complete 
| 126|0x0000000711200000, 0x0000000711400000, 0x0000000711400000|100%| E|CS|TAMS 0x0000000711200000, 0x0000000711200000| Complete 
| 127|0x0000000711400000, 0x0000000711600000, 0x0000000711600000|100%| E|CS|TAMS 0x0000000711400000, 0x0000000711400000| Complete 

Card table byte_map: [0x000002a179b20000,0x000002a17a320000] _byte_map_base: 0x000002a176315000

Marking Bits (Prev, Next): (CMBitMap*) 0x000002a177279550, (CMBitMap*) 0x000002a177279590
 Prev Bits: [0x000002a17ab20000, 0x000002a17eac8000)
 Next Bits: [0x000002a1167b0000, 0x000002a11a758000)

Polling page: 0x000002a1772f0000

Metaspace:

Usage:
  Non-class:      7.92 MB used.
      Class:    946.73 KB used.
       Both:      8.84 MB used.

Virtual space:
  Non-class space:        8.00 MB reserved,       8.00 MB (100%) committed,  1 nodes.
      Class space:        1.00 GB reserved,       1.00 MB ( <1%) committed,  1 nodes.
             Both:        1.01 GB reserved,       9.00 MB ( <1%) committed. 

Chunk freelists:
   Non-Class:  4.00 KB
       Class:  3.01 MB
        Both:  3.02 MB

MaxMetaspaceSize: unlimited
CompressedClassSpaceSize: 1.00 GB
Initial GC threshold: 21.00 MB
Current GC threshold: 21.00 MB
CDS: on
MetaspaceReclaimPolicy: balanced
 - commit_granule_bytes: 65536.
 - commit_granule_words: 8192.
 - virtual_space_node_default_size: 1048576.
 - enlarge_chunks_in_place: 1.
 - new_chunks_are_fully_committed: 0.
 - uncommit_free_chunks: 1.
 - use_allocation_guard: 0.
 - handle_deallocations: 1.


Internal statistics:

num_allocs_failed_limit: 0.
num_arena_births: 120.
num_arena_deaths: 0.
num_vsnodes_births: 2.
num_vsnodes_deaths: 0.
num_space_committed: 144.
num_space_uncommitted: 0.
num_chunks_returned_to_freelist: 0.
num_chunks_taken_from_freelist: 187.
num_chunk_merges: 0.
num_chunk_splits: 100.
num_chunks_enlarged: 33.
num_purges: 0.
num_inconsistent_stats: 0.

CodeHeap 'non-profiled nmethods': size=120000Kb used=1323Kb max_used=1323Kb free=118677Kb
 bounds [0x000002a10f280000, 0x000002a10f4f0000, 0x000002a1167b0000]
CodeHeap 'profiled nmethods': size=120000Kb used=3408Kb max_used=3408Kb free=116591Kb
 bounds [0x000002a1077b0000, 0x000002a107b10000, 0x000002a10ece0000]
CodeHeap 'non-nmethods': size=5760Kb used=1269Kb max_used=1327Kb free=4490Kb
 bounds [0x000002a10ece0000, 0x000002a10ef50000, 0x000002a10f280000]
 total_blobs=2664 nmethods=2070 adapters=507
 compilation: enabled
              stopped_count=0, restarted_count=0
 full_count=0

Compilation events (20 events):
Event: 3.119 Thread 0x000002a17f3952c0 2061   !   4       sun.awt.PostEventQueue::flush (168 bytes)
Event: 3.172 Thread 0x000002a17f3952c0 nmethod 2061 0x000002a10f3bcd90 code [0x000002a10f3bd180, 0x000002a10f3c1a78]
Event: 3.172 Thread 0x000002a17f3952c0 2062       4       java.awt.EventQueue::eventToCacheIndex (80 bytes)
Event: 3.173 Thread 0x000002a17f3952c0 nmethod 2062 0x000002a10f3c3a10 code [0x000002a10f3c3ba0, 0x000002a10f3c3c98]
Event: 3.185 Thread 0x000002a17f3952c0 2063       4       sun.java2d.d3d.D3DSurfaceData$D3DWindowSurfaceData::markClean (9 bytes)
Event: 3.187 Thread 0x000002a17f3952c0 nmethod 2063 0x000002a10f3c3d90 code [0x000002a10f3c3f20, 0x000002a10f3c44b8]
Event: 3.187 Thread 0x000002a17f3952c0 2064   !   4       sun.java2d.d3d.D3DSurfaceData::swapBuffers (147 bytes)
Event: 3.198 Thread 0x000002a17f3952c0 nmethod 2064 0x000002a10f3c4690 code [0x000002a10f3c4880, 0x000002a10f3c56d0]
Event: 3.382 Thread 0x000002a17f3952c0 2065       4       sun.java2d.SunGraphics2D::setClip (17 bytes)
Event: 3.389 Thread 0x000002a17f3952c0 nmethod 2065 0x000002a10f3c6090 code [0x000002a10f3c6240, 0x000002a10f3c6bb8]
Event: 3.405 Thread 0x000002a17f3952c0 2066       4       java.util.ArrayList::<init> (61 bytes)
Event: 3.406 Thread 0x000002a17f3952c0 nmethod 2066 0x000002a10f3c7210 code [0x000002a10f3c73a0, 0x000002a10f3c7618]
Event: 3.415 Thread 0x000002a17f3952c0 2067       4       sun.font.SunFontManager::findFontFromPlatform (384 bytes)
Event: 3.429 Thread 0x000002a17f3952c0 nmethod 2067 0x000002a10f3c7710 code [0x000002a10f3c7900, 0x000002a10f3c8cd8]
Event: 3.429 Thread 0x000002a17f3952c0 2068       4       sun.awt.AWTAutoShutdown::notifyToolkitThreadFree (8 bytes)
Event: 3.430 Thread 0x000002a17f3952c0 nmethod 2068 0x000002a10f3c9910 code [0x000002a10f3c9aa0, 0x000002a10f3c9eb8]
Event: 3.430 Thread 0x000002a17f3952c0 2069       4       sun.java2d.pipe.RenderQueue::unlock (4 bytes)
Event: 3.431 Thread 0x000002a17f3952c0 nmethod 2069 0x000002a10f3ca110 code [0x000002a10f3ca2a0, 0x000002a10f3ca4a8]
Event: 3.448 Thread 0x000002a17f3952c0 2070       4       java.security.AccessControlContext::<init> (63 bytes)
Event: 3.449 Thread 0x000002a17f3952c0 nmethod 2070 0x000002a10f3ca690 code [0x000002a10f3ca800, 0x000002a10f3caaf8]

GC Heap History (19 events):
Event: 0.462 GC heap before
{Heap before GC invocations=0 (full 0):
 garbage-first heap   total 262144K, used 32768K [0x0000000701600000, 0x0000000800000000)
  region size 2048K, 10 young (20480K), 0 survivors (0K)
 Metaspace       used 8167K, committed 8384K, reserved 1056768K
  class space    used 915K, committed 1024K, reserved 1048576K
}
Event: 0.464 GC heap after
{Heap after GC invocations=1 (full 0):
 garbage-first heap   total 262144K, used 14916K [0x0000000701600000, 0x0000000800000000)
  region size 2048K, 2 young (4096K), 2 survivors (4096K)
 Metaspace       used 8167K, committed 8384K, reserved 1056768K
  class space    used 915K, committed 1024K, reserved 1048576K
}
Event: 0.584 GC heap before
{Heap before GC invocations=1 (full 0):
 garbage-first heap   total 262144K, used 86596K [0x0000000701600000, 0x0000000800000000)
  region size 2048K, 17 young (34816K), 2 survivors (4096K)
 Metaspace       used 8191K, committed 8448K, reserved 1056768K
  class space    used 915K, committed 1024K, reserved 1048576K
}
Event: 0.586 GC heap after
{Heap after GC invocations=2 (full 0):
 garbage-first heap   total 262144K, used 56135K [0x0000000701600000, 0x0000000800000000)
  region size 2048K, 2 young (4096K), 2 survivors (4096K)
 Metaspace       used 8191K, committed 8448K, reserved 1056768K
  class space    used 915K, committed 1024K, reserved 1048576K
}
Event: 1.167 GC heap before
{Heap before GC invocations=2 (full 0):
 garbage-first heap   total 262144K, used 250695K [0x0000000701600000, 0x0000000800000000)
  region size 2048K, 72 young (147456K), 2 survivors (4096K)
 Metaspace       used 8779K, committed 8960K, reserved 1056768K
  class space    used 930K, committed 1024K, reserved 1048576K
}
Event: 1.169 GC heap after
{Heap after GC invocations=3 (full 0):
 garbage-first heap   total 262144K, used 109301K [0x0000000701600000, 0x0000000800000000)
  region size 2048K, 2 young (4096K), 2 survivors (4096K)
 Metaspace       used 8779K, committed 8960K, reserved 1056768K
  class space    used 930K, committed 1024K, reserved 1048576K
}
Event: 1.497 GC heap before
{Heap before GC invocations=3 (full 0):
 garbage-first heap   total 262144K, used 228085K [0x0000000701600000, 0x0000000800000000)
  region size 2048K, 60 young (122880K), 2 survivors (4096K)
 Metaspace       used 9054K, committed 9216K, reserved 1056768K
  class space    used 946K, committed 1024K, reserved 1048576K
}
Event: 1.499 GC heap after
{Heap after GC invocations=4 (full 0):
 garbage-first heap   total 262144K, used 101546K [0x0000000701600000, 0x0000000800000000)
  region size 2048K, 2 young (4096K), 2 survivors (4096K)
 Metaspace       used 9054K, committed 9216K, reserved 1056768K
  class space    used 946K, committed 1024K, reserved 1048576K
}
Event: 1.837 GC heap before
{Heap before GC invocations=4 (full 0):
 garbage-first heap   total 262144K, used 228522K [0x0000000701600000, 0x0000000800000000)
  region size 2048K, 64 young (131072K), 2 survivors (4096K)
 Metaspace       used 9055K, committed 9216K, reserved 1056768K
  class space    used 946K, committed 1024K, reserved 1048576K
}
Event: 1.839 GC heap after
{Heap after GC invocations=5 (full 0):
 garbage-first heap   total 262144K, used 101719K [0x0000000701600000, 0x0000000800000000)
  region size 2048K, 2 young (4096K), 2 survivors (4096K)
 Metaspace       used 9055K, committed 9216K, reserved 1056768K
  class space    used 946K, committed 1024K, reserved 1048576K
}
Event: 2.146 GC heap before
{Heap before GC invocations=5 (full 0):
 garbage-first heap   total 262144K, used 230743K [0x0000000701600000, 0x0000000800000000)
  region size 2048K, 65 young (133120K), 2 survivors (4096K)
 Metaspace       used 9055K, committed 9216K, reserved 1056768K
  class space    used 946K, committed 1024K, reserved 1048576K
}
Event: 2.148 GC heap after
{Heap after GC invocations=6 (full 0):
 garbage-first heap   total 262144K, used 101763K [0x0000000701600000, 0x0000000800000000)
  region size 2048K, 2 young (4096K), 2 survivors (4096K)
 Metaspace       used 9055K, committed 9216K, reserved 1056768K
  class space    used 946K, committed 1024K, reserved 1048576K
}
Event: 2.491 GC heap before
{Heap before GC invocations=6 (full 0):
 garbage-first heap   total 262144K, used 230787K [0x0000000701600000, 0x0000000800000000)
  region size 2048K, 65 young (133120K), 2 survivors (4096K)
 Metaspace       used 9055K, committed 9216K, reserved 1056768K
  class space    used 946K, committed 1024K, reserved 1048576K
}
Event: 2.493 GC heap after
{Heap after GC invocations=7 (full 0):
 garbage-first heap   total 262144K, used 101570K [0x0000000701600000, 0x0000000800000000)
  region size 2048K, 2 young (4096K), 2 survivors (4096K)
 Metaspace       used 9055K, committed 9216K, reserved 1056768K
  class space    used 946K, committed 1024K, reserved 1048576K
}
Event: 2.862 GC heap before
{Heap before GC invocations=7 (full 0):
 garbage-first heap   total 262144K, used 230594K [0x0000000701600000, 0x0000000800000000)
  region size 2048K, 65 young (133120K), 2 survivors (4096K)
 Metaspace       used 9055K, committed 9216K, reserved 1056768K
  class space    used 946K, committed 1024K, reserved 1048576K
}
Event: 2.864 GC heap after
{Heap after GC invocations=8 (full 0):
 garbage-first heap   total 262144K, used 101573K [0x0000000701600000, 0x0000000800000000)
  region size 2048K, 2 young (4096K), 2 survivors (4096K)
 Metaspace       used 9055K, committed 9216K, reserved 1056768K
  class space    used 946K, committed 1024K, reserved 1048576K
}
Event: 3.181 GC heap before
{Heap before GC invocations=8 (full 0):
 garbage-first heap   total 262144K, used 230597K [0x0000000701600000, 0x0000000800000000)
  region size 2048K, 65 young (133120K), 2 survivors (4096K)
 Metaspace       used 9055K, committed 9216K, reserved 1056768K
  class space    used 946K, committed 1024K, reserved 1048576K
}
Event: 3.183 GC heap after
{Heap after GC invocations=9 (full 0):
 garbage-first heap   total 262144K, used 101676K [0x0000000701600000, 0x0000000800000000)
  region size 2048K, 2 young (4096K), 2 survivors (4096K)
 Metaspace       used 9055K, committed 9216K, reserved 1056768K
  class space    used 946K, committed 1024K, reserved 1048576K
}
Event: 3.489 GC heap before
{Heap before GC invocations=9 (full 0):
 garbage-first heap   total 262144K, used 230700K [0x0000000701600000, 0x0000000800000000)
  region size 2048K, 65 young (133120K), 2 survivors (4096K)
 Metaspace       used 9056K, committed 9216K, reserved 1056768K
  class space    used 946K, committed 1024K, reserved 1048576K
}

Deoptimization events (20 events):
Event: 1.816 Thread 0x000002a11e36b1a0 Uncommon trap: trap_request=0xffffff45 fr.pc=0x000002a10f361c28 relative=0x0000000000000388
Event: 1.816 Thread 0x000002a11e36b1a0 Uncommon trap: reason=unstable_if action=reinterpret pc=0x000002a10f361c28 method=sun.font.FileFontStrike.getSlot0GlyphImagePtrs([I[JI)I @ 63 c2
Event: 1.816 Thread 0x000002a11e36b1a0 DEOPT PACKING pc=0x000002a10f361c28 sp=0x000000d2d87fe2e0
Event: 1.816 Thread 0x000002a11e36b1a0 DEOPT UNPACKING pc=0x000002a10ed323a3 sp=0x000000d2d87fe218 mode 2
Event: 2.542 Thread 0x000002a11e481590 Uncommon trap: trap_request=0xffffffcc fr.pc=0x000002a10f3aa084 relative=0x0000000000000364
Event: 2.542 Thread 0x000002a11e481590 Uncommon trap: reason=intrinsic_or_type_checked_inlining action=make_not_entrant pc=0x000002a10f3aa084 method=java.util.Arrays.copyOf([Ljava/lang/Object;ILjava/lang/Class;)[Ljava/lang/Object; @ 35 c2
Event: 2.542 Thread 0x000002a11e481590 DEOPT PACKING pc=0x000002a10f3aa084 sp=0x000000d2d88ff520
Event: 2.542 Thread 0x000002a11e481590 DEOPT UNPACKING pc=0x000002a10ed323a3 sp=0x000000d2d88ff4b0 mode 2
Event: 2.801 Thread 0x000002a11e36b1a0 Uncommon trap: trap_request=0xffffff45 fr.pc=0x000002a10f380fb4 relative=0x00000000000009d4
Event: 2.801 Thread 0x000002a11e36b1a0 Uncommon trap: reason=unstable_if action=reinterpret pc=0x000002a10f380fb4 method=sun.font.CompositeGlyphMapper.charsToGlyphsNS(I[C[I)Z @ 103 c2
Event: 2.801 Thread 0x000002a11e36b1a0 DEOPT PACKING pc=0x000002a10f380fb4 sp=0x000000d2d87fe2f0
Event: 2.801 Thread 0x000002a11e36b1a0 DEOPT UNPACKING pc=0x000002a10ed323a3 sp=0x000000d2d87fe1d0 mode 2
Event: 2.801 Thread 0x000002a11e36b1a0 Uncommon trap: trap_request=0xffffff45 fr.pc=0x000002a10f31585c relative=0x00000000000002bc
Event: 2.801 Thread 0x000002a11e36b1a0 Uncommon trap: reason=unstable_if action=reinterpret pc=0x000002a10f31585c method=sun.font.FileFontStrike.getSlot0GlyphImagePtrs([I[JI)I @ 63 c2
Event: 2.801 Thread 0x000002a11e36b1a0 DEOPT PACKING pc=0x000002a10f31585c sp=0x000000d2d87fe170
Event: 2.801 Thread 0x000002a11e36b1a0 DEOPT UNPACKING pc=0x000002a10ed323a3 sp=0x000000d2d87fe128 mode 2
Event: 2.864 Thread 0x000002a11e36b1a0 Uncommon trap: trap_request=0xffffff45 fr.pc=0x000002a10f37c378 relative=0x0000000000002258
Event: 2.864 Thread 0x000002a11e36b1a0 Uncommon trap: reason=unstable_if action=reinterpret pc=0x000002a10f37c378 method=sun.java2d.pipe.BufferedContext.validate(Lsun/java2d/pipe/hw/AccelSurface;Lsun/java2d/pipe/hw/AccelSurface;Lsun/java2d/pipe/Region;Ljava/awt/Composite;Ljava/awt/geom/AffineT
Event: 2.864 Thread 0x000002a11e36b1a0 DEOPT PACKING pc=0x000002a10f37c378 sp=0x000000d2d87fe250
Event: 2.864 Thread 0x000002a11e36b1a0 DEOPT UNPACKING pc=0x000002a10ed323a3 sp=0x000000d2d87fe1f8 mode 2

Classes unloaded (0 events):
No events

Classes redefined (0 events):
No events

Internal exceptions (17 events):
Event: 0.050 Thread 0x000002a11c8f6720 Exception <a 'java/lang/NoSuchMethodError'{0x000000071126bc30}: 'java.lang.Object java.lang.invoke.DirectMethodHandle$Holder.invokeStaticInit(java.lang.Object)'> (0x000000071126bc30) 
thrown [s\open\src\hotspot\share\interpreter\linkResolver.cpp, line 759]
Event: 0.053 Thread 0x000002a11c8f6720 Exception <a 'java/lang/NoSuchMethodError'{0x00000007112798f0}: 'void java.lang.invoke.DirectMethodHandle$Holder.invokeStatic(java.lang.Object, java.lang.Object)'> (0x00000007112798f0) 
thrown [s\open\src\hotspot\share\interpreter\linkResolver.cpp, line 759]
Event: 0.060 Thread 0x000002a17720fa10 Exception <a 'java/lang/ClassNotFoundException'{0x000000071122faf0}: sun/awt/resources/spi/awtProvider> (0x000000071122faf0) 
thrown [s\open\src\hotspot\share\classfile\systemDictionary.cpp, line 256]
Event: 0.072 Thread 0x000002a17720fa10 Exception <a 'java/io/FileNotFoundException'{0x00000007112e9ff8}> (0x00000007112e9ff8) 
thrown [s\open\src\hotspot\share\prims\jni.cpp, line 516]
Event: 0.076 Thread 0x000002a17720fa10 Exception <a 'java/io/FileNotFoundException'{0x0000000711316ee8}> (0x0000000711316ee8) 
thrown [s\open\src\hotspot\share\prims\jni.cpp, line 516]
Event: 0.107 Thread 0x000002a17720fa10 Exception <a 'java/lang/NoSuchMethodError'{0x00000007110047a8}: 'void java.lang.invoke.DirectMethodHandle$Holder.invokeSpecial(java.lang.Object, java.lang.Object, java.lang.Object)'> (0x00000007110047a8) 
thrown [s\open\src\hotspot\share\interpreter\linkResolver.cpp, line 759]
Event: 0.112 Thread 0x000002a17720fa10 Exception <a 'java/lang/NoSuchMethodError'{0x000000071102e770}: 'java.lang.Object java.lang.invoke.DirectMethodHandle$Holder.newInvokeSpecial(java.lang.Object, java.lang.Object, java.lang.Object, java.lang.Object, java.lang.Object)'> (0x000000071102e770) 
thrown [s\open\src\hotspot\share\interpreter\linkResolver.cpp, line 759]
Event: 0.113 Thread 0x000002a17720fa10 Exception <a 'java/lang/NoSuchMethodError'{0x000000071103a138}: 'java.lang.Object java.lang.invoke.DirectMethodHandle$Holder.invokeStatic(java.lang.Object, int, java.lang.Object, java.lang.Object, java.lang.Object, java.lang.Object)'> (0x000000071103a138) 
thrown [s\open\src\hotspot\share\interpreter\linkResolver.cpp, line 759]
Event: 0.116 Thread 0x000002a17720fa10 Exception <a 'java/lang/NoSuchMethodError'{0x000000071105f8f8}: 'java.lang.Object java.lang.invoke.DirectMethodHandle$Holder.invokeStatic(java.lang.Object, int, java.lang.Object)'> (0x000000071105f8f8) 
thrown [s\open\src\hotspot\share\interpreter\linkResolver.cpp, line 759]
Event: 0.131 Thread 0x000002a17720fa10 Exception <a 'java/lang/ClassNotFoundException'{0x000000071111a5e8}: com/sun/swing/internal/plaf/metal/resources/spi/metalProvider> (0x000000071111a5e8) 
thrown [s\open\src\hotspot\share\classfile\systemDictionary.cpp, line 256]
Event: 0.132 Thread 0x000002a17720fa10 Exception <a 'java/lang/ClassNotFoundException'{0x000000071111e1f8}: com/sun/swing/internal/plaf/basic/resources/spi/basicProvider> (0x000000071111e1f8) 
thrown [s\open\src\hotspot\share\classfile\systemDictionary.cpp, line 256]
Event: 0.242 Thread 0x000002a17720fa10 Exception <a 'java/lang/NoSuchMethodError'{0x000000071116d380}: 'void java.lang.invoke.DirectMethodHandle$Holder.invokeStaticInit(java.lang.Object)'> (0x000000071116d380) 
thrown [s\open\src\hotspot\share\interpreter\linkResolver.cpp, line 759]
Event: 0.262 Thread 0x000002a11caa3fc0 Exception <a 'java/lang/NoSuchMethodError'{0x00000007113aa900}: 'void java.lang.invoke.DirectMethodHandle$Holder.invokeVirtual(java.lang.Object, java.lang.Object)'> (0x00000007113aa900) 
thrown [s\open\src\hotspot\share\interpreter\linkResolver.cpp, line 759]
Event: 0.369 Thread 0x000002a17720fa10 Exception <a 'java/lang/NoSuchMethodError'{0x000000071082cd08}: 'java.lang.Object java.lang.invoke.DirectMethodHandle$Holder.invokeStaticInit(java.lang.Object, int, int, int, int)'> (0x000000071082cd08) 
thrown [s\open\src\hotspot\share\interpreter\linkResolver.cpp, line 759]
Event: 0.395 Thread 0x000002a17720fa10 Exception <a 'java/lang/NoSuchMethodError'{0x000000071085b7a8}: 'java.lang.Object java.lang.invoke.DirectMethodHandle$Holder.invokeStaticInit(java.lang.Object, java.lang.Object, int, int, int, int)'> (0x000000071085b7a8) 
thrown [s\open\src\hotspot\share\interpreter\linkResolver.cpp, line 759]
Event: 1.500 Thread 0x000002a11e36b1a0 Implicit null exception at 0x000002a10f30b4cb to 0x000002a10f30d030
Event: 2.864 Thread 0x000002a11e36b1a0 Implicit null exception at 0x000002a10f37abac to 0x000002a10f37c33c

VM Operations (20 events):
Event: 0.465 Executing VM operation: G1CollectForAllocation done
Event: 0.584 Executing VM operation: G1CollectForAllocation
Event: 0.586 Executing VM operation: G1CollectForAllocation done
Event: 1.126 Executing VM operation: ICBufferFull
Event: 1.126 Executing VM operation: ICBufferFull done
Event: 1.167 Executing VM operation: G1CollectForAllocation
Event: 1.169 Executing VM operation: G1CollectForAllocation done
Event: 1.497 Executing VM operation: G1CollectForAllocation
Event: 1.499 Executing VM operation: G1CollectForAllocation done
Event: 1.837 Executing VM operation: G1CollectForAllocation
Event: 1.839 Executing VM operation: G1CollectForAllocation done
Event: 2.146 Executing VM operation: G1CollectForAllocation
Event: 2.148 Executing VM operation: G1CollectForAllocation done
Event: 2.490 Executing VM operation: G1CollectForAllocation
Event: 2.493 Executing VM operation: G1CollectForAllocation done
Event: 2.862 Executing VM operation: G1CollectForAllocation
Event: 2.864 Executing VM operation: G1CollectForAllocation done
Event: 3.181 Executing VM operation: G1CollectForAllocation
Event: 3.183 Executing VM operation: G1CollectForAllocation done
Event: 3.489 Executing VM operation: G1CollectForAllocation

Events (20 events):
Event: 1.320 loading class sun/util/cldr/CLDRTimeZoneNameProviderImpl done
Event: 1.322 loading class sun/util/locale/provider/BaseLocaleDataMetaInfo
Event: 1.322 loading class sun/util/locale/provider/BaseLocaleDataMetaInfo done
Event: 1.323 loading class sun/util/resources/cldr/TimeZoneNames
Event: 1.323 loading class sun/util/resources/TimeZoneNamesBundle
Event: 1.323 loading class sun/util/resources/OpenListResourceBundle
Event: 1.323 loading class sun/util/resources/OpenListResourceBundle done
Event: 1.323 loading class sun/util/resources/TimeZoneNamesBundle done
Event: 1.323 loading class sun/util/resources/cldr/TimeZoneNames done
Event: 1.323 loading class sun/util/resources/cldr/TimeZoneNames_en
Event: 1.323 loading class sun/util/resources/cldr/TimeZoneNames_en done
Event: 1.323 loading class sun/util/resources/cldr/TimeZoneNames_en_US
Event: 1.323 loading class sun/util/resources/cldr/TimeZoneNames_en_US done
Event: 1.324 loading class sun/util/resources/TimeZoneNames
Event: 1.325 loading class sun/util/resources/TimeZoneNames done
Event: 1.325 loading class sun/util/resources/TimeZoneNames_en
Event: 1.325 loading class sun/util/resources/TimeZoneNames_en done
Event: 1.827 Thread 0x000002a124cd3700 Thread exited: 0x000002a124cd3700
Event: 3.448 loading class java/security/DomainCombiner
Event: 3.448 loading class java/security/DomainCombiner done


Dynamic libraries:
0x00007ff747ef0000 - 0x00007ff747f00000 	C:\Program Files\Java\jdk-17\bin\java.exe
0x00007ffc33b30000 - 0x00007ffc33d28000 	C:\WINDOWS\SYSTEM32\ntdll.dll
0x00007ffc32480000 - 0x00007ffc3253f000 	C:\WINDOWS\System32\KERNEL32.DLL
0x00007ffc31530000 - 0x00007ffc31826000 	C:\WINDOWS\System32\KERNELBASE.dll
0x00007ffc31830000 - 0x00007ffc31930000 	C:\WINDOWS\System32\ucrtbase.dll
0x00007ffc2b520000 - 0x00007ffc2b53b000 	C:\Program Files\Java\jdk-17\bin\VCRUNTIME140.dll
0x00007ffc2c2b0000 - 0x00007ffc2c2c8000 	C:\Program Files\Java\jdk-17\bin\jli.dll
0x00007ffc33a40000 - 0x00007ffc33aef000 	C:\WINDOWS\System32\ADVAPI32.dll
0x00007ffc328e0000 - 0x00007ffc3297e000 	C:\WINDOWS\System32\msvcrt.dll
0x00007ffc329f0000 - 0x00007ffc32a8c000 	C:\WINDOWS\System32\sechost.dll
0x00007ffc33260000 - 0x00007ffc33386000 	C:\WINDOWS\System32\RPCRT4.dll
0x00007ffc338a0000 - 0x00007ffc33a3d000 	C:\WINDOWS\System32\USER32.dll
0x00007ffc31240000 - 0x00007ffc31262000 	C:\WINDOWS\System32\win32u.dll
0x00007ffc246f0000 - 0x00007ffc2498a000 	C:\WINDOWS\WinSxS\amd64_microsoft.windows.common-controls_6595b64144ccf1df_6.0.19041.1110_none_60b5254171f9507e\COMCTL32.dll
0x00007ffc32540000 - 0x00007ffc3256c000 	C:\WINDOWS\System32\GDI32.dll
0x00007ffc31270000 - 0x00007ffc31385000 	C:\WINDOWS\System32\gdi32full.dll
0x00007ffc31400000 - 0x00007ffc3149d000 	C:\WINDOWS\System32\msvcp_win.dll
0x00007ffc2a710000 - 0x00007ffc2a71a000 	C:\WINDOWS\SYSTEM32\VERSION.dll
0x00007ffc32850000 - 0x00007ffc32880000 	C:\WINDOWS\System32\IMM32.DLL
0x00007ffc2cee0000 - 0x00007ffc2ceec000 	C:\Program Files\Java\jdk-17\bin\vcruntime140_1.dll
0x00007ffc233f0000 - 0x00007ffc2347e000 	C:\Program Files\Java\jdk-17\bin\msvcp140.dll
0x00007ffbb48b0000 - 0x00007ffbb5487000 	C:\Program Files\Java\jdk-17\bin\server\jvm.dll
0x00007ffc33420000 - 0x00007ffc33428000 	C:\WINDOWS\System32\PSAPI.DLL
0x00007ffc26930000 - 0x00007ffc26957000 	C:\WINDOWS\SYSTEM32\WINMM.dll
0x00007ffc2b4e0000 - 0x00007ffc2b4e9000 	C:\WINDOWS\SYSTEM32\WSOCK32.dll
0x00007ffc32980000 - 0x00007ffc329eb000 	C:\WINDOWS\System32\WS2_32.dll
0x00007ffc2fa90000 - 0x00007ffc2faa2000 	C:\WINDOWS\SYSTEM32\kernel.appcore.dll
0x00007ffc2c2a0000 - 0x00007ffc2c2aa000 	C:\Program Files\Java\jdk-17\bin\jimage.dll
0x00007ffc2ecd0000 - 0x00007ffc2eeb4000 	C:\WINDOWS\SYSTEM32\DBGHELP.DLL
0x00007ffc16e70000 - 0x00007ffc16ea4000 	C:\WINDOWS\SYSTEM32\dbgcore.DLL
0x00007ffc314a0000 - 0x00007ffc31522000 	C:\WINDOWS\System32\bcryptPrimitives.dll
0x00007ffc2b4f0000 - 0x00007ffc2b4fe000 	C:\Program Files\Java\jdk-17\bin\instrument.dll
0x00007ffc18c10000 - 0x00007ffc18c35000 	C:\Program Files\Java\jdk-17\bin\java.dll
0x00007ffc18b30000 - 0x00007ffc18c07000 	C:\Program Files\Java\jdk-17\bin\jsvml.dll
0x00007ffc31c50000 - 0x00007ffc32394000 	C:\WINDOWS\System32\SHELL32.dll
0x00007ffc2f2b0000 - 0x00007ffc2fa43000 	C:\WINDOWS\SYSTEM32\windows.storage.dll
0x00007ffc32a90000 - 0x00007ffc32de4000 	C:\WINDOWS\System32\combase.dll
0x00007ffc30c50000 - 0x00007ffc30c7e000 	C:\WINDOWS\SYSTEM32\Wldp.dll
0x00007ffc32ea0000 - 0x00007ffc32f4d000 	C:\WINDOWS\System32\SHCORE.dll
0x00007ffc31bf0000 - 0x00007ffc31c45000 	C:\WINDOWS\System32\shlwapi.dll
0x00007ffc31140000 - 0x00007ffc31165000 	C:\WINDOWS\SYSTEM32\profapi.dll
0x00007ffc18b10000 - 0x00007ffc18b28000 	C:\Program Files\Java\jdk-17\bin\zip.dll
0x00007ffc25020000 - 0x00007ffc25039000 	C:\Program Files\Java\jdk-17\bin\net.dll
0x00007ffc28cc0000 - 0x00007ffc28dca000 	C:\WINDOWS\SYSTEM32\WINHTTP.dll
0x00007ffc309b0000 - 0x00007ffc30a1a000 	C:\WINDOWS\system32\mswsock.dll
0x00007ffc233d0000 - 0x00007ffc233e6000 	C:\Program Files\Java\jdk-17\bin\nio.dll
0x00007ffc18ab0000 - 0x00007ffc18aca000 	C:\Program Files\JetBrains\IntelliJ IDEA 2022.3\bin\breakgen64.dll
0x00007ffbd8c10000 - 0x00007ffbd8da1000 	C:\Program Files\Java\jdk-17\bin\awt.dll
0x00007ffc32f50000 - 0x00007ffc3301d000 	C:\WINDOWS\System32\OLEAUT32.dll
0x00007ffc2dc10000 - 0x00007ffc2dca1000 	C:\WINDOWS\SYSTEM32\apphelp.dll
0x00007ffc2dd20000 - 0x00007ffc2ddbe000 	C:\WINDOWS\system32\uxtheme.dll
0x00007ffc33120000 - 0x00007ffc33234000 	C:\WINDOWS\System32\MSCTF.dll
0x00007ffc32570000 - 0x00007ffc3269a000 	C:\WINDOWS\System32\ole32.dll
0x00007ffc2e1c0000 - 0x00007ffc2e1ef000 	C:\WINDOWS\system32\DWMAPI.DLL
0x00007ffbffad0000 - 0x00007ffbffbf5000 	C:\WINDOWS\system32\opengl32.dll
0x00007ffbffaa0000 - 0x00007ffbffacc000 	C:\WINDOWS\SYSTEM32\GLU32.dll
0x00007ffbfc570000 - 0x00007ffbfc73d000 	C:\WINDOWS\system32\d3d9.dll
0x00007ffc28050000 - 0x00007ffc2810c000 	C:\WINDOWS\System32\DriverStore\FileRepository\nv_dispi.inf_amd64_3c2bd4a1ec6d228e\nvldumdx.dll
0x00007ffc30de0000 - 0x00007ffc30df2000 	C:\WINDOWS\SYSTEM32\msasn1.dll
0x00007ffc2a540000 - 0x00007ffc2a571000 	C:\WINDOWS\SYSTEM32\cryptnet.dll
0x00007ffc31930000 - 0x00007ffc31a8e000 	C:\WINDOWS\System32\CRYPT32.dll
0x00007ffc2a3f0000 - 0x00007ffc2a538000 	C:\WINDOWS\SYSTEM32\drvstore.dll
0x00007ffc30fa0000 - 0x00007ffc30fd3000 	C:\WINDOWS\SYSTEM32\devobj.dll
0x00007ffc31b40000 - 0x00007ffc31b8e000 	C:\WINDOWS\System32\cfgmgr32.dll
0x00007ffc30ba0000 - 0x00007ffc30bac000 	C:\WINDOWS\SYSTEM32\cryptbase.dll
0x00007ffc31390000 - 0x00007ffc313f7000 	C:\WINDOWS\System32\wintrust.dll
0x00007ffc33240000 - 0x00007ffc3325d000 	C:\WINDOWS\System32\imagehlp.dll
0x00007ffc30bb0000 - 0x00007ffc30bc8000 	C:\WINDOWS\SYSTEM32\CRYPTSP.dll
0x00007ffc30250000 - 0x00007ffc30284000 	C:\WINDOWS\system32\rsaenh.dll
0x00007ffc31210000 - 0x00007ffc31237000 	C:\WINDOWS\System32\bcrypt.dll
0x00007ffbe7860000 - 0x00007ffbea9e9000 	C:\WINDOWS\System32\DriverStore\FileRepository\nv_dispi.inf_amd64_3c2bd4a1ec6d228e\nvd3dumx.dll
0x00007ffbf88d0000 - 0x00007ffbf8ba1000 	C:\WINDOWS\system32\nvspcap64.dll
0x00007ffc30370000 - 0x00007ffc303a3000 	C:\WINDOWS\SYSTEM32\ntmarta.dll
0x00007ffc2fa60000 - 0x00007ffc2fa83000 	C:\WINDOWS\SYSTEM32\gpapi.dll
0x00007ffc284c0000 - 0x00007ffc284fb000 	C:\WINDOWS\SYSTEM32\dxcore.dll
0x00007ffc0ae70000 - 0x00007ffc0aef6000 	C:\Program Files\Java\jdk-17\bin\freetype.dll
0x00007ffbf6da0000 - 0x00007ffbf6e65000 	C:\Program Files\Java\jdk-17\bin\fontmanager.dll
0x00007ffc210c0000 - 0x00007ffc211ba000 	C:\WINDOWS\SYSTEM32\textinputframework.dll
0x00007ffc2d5a0000 - 0x00007ffc2d8fe000 	C:\WINDOWS\System32\CoreUIComponents.dll
0x00007ffc2d900000 - 0x00007ffc2d9f2000 	C:\WINDOWS\System32\CoreMessaging.dll
0x00007ffc2cd80000 - 0x00007ffc2ced4000 	C:\WINDOWS\SYSTEM32\wintypes.dll
0x00007ffc24540000 - 0x00007ffc245a6000 	C:\WINDOWS\system32\Oleacc.dll
0x00007ffc31100000 - 0x00007ffc3112e000 	C:\WINDOWS\SYSTEM32\USERENV.dll
0x00007ffc30650000 - 0x00007ffc3068b000 	C:\WINDOWS\SYSTEM32\IPHLPAPI.DLL
0x00007ffc33100000 - 0x00007ffc33108000 	C:\WINDOWS\System32\NSI.dll
0x00007ffc2a5e0000 - 0x00007ffc2a5f7000 	C:\WINDOWS\SYSTEM32\dhcpcsvc6.DLL
0x00007ffc2ad70000 - 0x00007ffc2ad8d000 	C:\WINDOWS\SYSTEM32\dhcpcsvc.DLL
0x00007ffc306a0000 - 0x00007ffc3076a000 	C:\WINDOWS\SYSTEM32\DNSAPI.dll

dbghelp: loaded successfully - version: 4.0.5 - missing functions: none
symbol engine: initialized successfully - sym options: 0x614 - pdb path: .;C:\Program Files\Java\jdk-17\bin;C:\WINDOWS\SYSTEM32;C:\WINDOWS\WinSxS\amd64_microsoft.windows.common-controls_6595b64144ccf1df_6.0.19041.1110_none_60b5254171f9507e;C:\Program Files\Java\jdk-17\bin\server;C:\Program Files\JetBrains\IntelliJ IDEA 2022.3\bin;C:\WINDOWS\System32\DriverStore\FileRepository\nv_dispi.inf_amd64_3c2bd4a1ec6d228e

VM Arguments:
jvm_args: -javaagent:C:\Program Files\JetBrains\IntelliJ IDEA 2022.3\lib\idea_rt.jar=50955:C:\Program Files\JetBrains\IntelliJ IDEA 2022.3\bin -Dfile.encoding=UTF-8 
java_command: main.Main
java_class_path (initial): C:\Users\kevin\IdeaProjects\Chess\out\production\Chess
Launcher Type: SUN_STANDARD

[Global flags]
     intx CICompilerCount                          = 3                                         {product} {ergonomic}
     uint ConcGCThreads                            = 2                                         {product} {ergonomic}
     uint G1ConcRefinementThreads                  = 6                                         {product} {ergonomic}
   size_t G1HeapRegionSize                         = 2097152                                   {product} {ergonomic}
    uintx GCDrainStackTargetSize                   = 64                                        {product} {ergonomic}
   size_t InitialHeapSize                          = 268435456                                 {product} {ergonomic}
   size_t MarkStackSize                            = 4194304                                   {product} {ergonomic}
   size_t MaxHeapSize                              = 4271898624                                {product} {ergonomic}
   size_t MaxNewSize                               = 2562719744                                {product} {ergonomic}
   size_t MinHeapDeltaBytes                        = 2097152                                   {product} {ergonomic}
   size_t MinHeapSize                              = 8388608                                   {product} {ergonomic}
    uintx NonNMethodCodeHeapSize                   = 5832780                                {pd product} {ergonomic}
    uintx NonProfiledCodeHeapSize                  = 122912730                              {pd product} {ergonomic}
    uintx ProfiledCodeHeapSize                     = 122912730                              {pd product} {ergonomic}
    uintx ReservedCodeCacheSize                    = 251658240                              {pd product} {ergonomic}
     bool SegmentedCodeCache                       = true                                      {product} {ergonomic}
   size_t SoftMaxHeapSize                          = 4271898624                             {manageable} {ergonomic}
     bool UseCompressedClassPointers               = true                           {product lp64_product} {ergonomic}
     bool UseCompressedOops                        = true                           {product lp64_product} {ergonomic}
     bool UseG1GC                                  = true                                      {product} {ergonomic}
     bool UseLargePagesIndividualAllocation        = false                                  {pd product} {ergonomic}

Logging:
Log output configuration:
 #0: stdout all=warning uptime,level,tags
 #1: stderr all=off uptime,level,tags

Environment Variables:
JAVA_HOME=C:\Program Files\Java\jdk-17
PATH=C:\Program Files\Common Files\Oracle\Java\javapath;C:\Program Files\Microsoft MPI\Bin\;C:\WINDOWS\system32;C:\WINDOWS;C:\WINDOWS\System32\Wbem;C:\WINDOWS\System32\WindowsPowerShell\v1.0\;C:\WINDOWS\System32\OpenSSH\;C:\Program Files\NVIDIA Corporation\NVIDIA NvDLISR;C:\Program Files (x86)\NVIDIA Corporation\PhysX\Common;C:\Program Files\dotnet\;C:\Program Files\Git\cmd;C:\Program Files (x86)\Microsoft SQL Server\160\Tools\Binn\;C:\Program Files\Microsoft SQL Server\160\Tools\Binn\;C:\Program Files\Microsoft SQL Server\Client SDK\ODBC\170\Tools\Binn\;C:\Program Files\Microsoft SQL Server\160\DTS\Binn\;C:\Program Files (x86)\Microsoft SQL Server\160\DTS\Binn\;C:\Program Files\Azure Data Studio\bin;C:\Program Files\nodejs\;C:\Program Files\Java\jdk-17;C:\Users\kevin\.console-ninja\.bin;C:\Users\kevin\AppData\Local\Microsoft\WindowsApps;;C:\Users\kevin\AppData\Local\Programs\Microsoft VS Code\bin;C:\Program Files\Azure Data Studio\bin;C:\Users\kevin\AppData\Roaming\npm
USERNAME=kevin
OS=Windows_NT
PROCESSOR_IDENTIFIER=Intel64 Family 6 Model 158 Stepping 13, GenuineIntel



---------------  S Y S T E M  ---------------

OS:
 Windows 10 , 64 bit Build 19041 (10.0.19041.3155)
OS uptime: 0 days 3:47 hours

CPU: total 6 (initial active 6) (6 cores per cpu, 1 threads per core) family 6 model 158 stepping 13 microcode 0xd6, cx8, cmov, fxsr, mmx, 3dnowpref, sse, sse2, sse3, ssse3, sse4.1, sse4.2, popcnt, lzcnt, tsc, tscinvbit, avx, avx2, aes, erms, clmul, bmi1, bmi2, adx, fma, vzeroupper, clflush, clflushopt

Memory: 4k page, system-wide physical 16290M (7912M free)
TotalPageFile size 31650M (AvailPageFile size 18352M)
current process WorkingSet (physical memory assigned to process): 423M, peak: 427M
current process commit charge ("private bytes"): 608M, peak: 612M

vm_info: Java HotSpot(TM) 64-Bit Server VM (17.0.6+9-LTS-190) for windows-amd64 JRE (17.0.6+9-LTS-190), built on Dec  6 2022 15:53:54 by "mach5one" with MS VC++ 17.1 (VS2022)

END.
