#
# A fatal error has been detected by the Java Runtime Environment:
#
#  EXCEPTION_ACCESS_VIOLATION (0xc0000005) at pc=0x00007ffe33b55373, pid=14612, tid=3344
#
# JRE version: Java(TM) SE Runtime Environment (17.0.6+9) (build 17.0.6+9-LTS-190)
# Java VM: Java HotSpot(TM) 64-Bit Server VM (17.0.6+9-LTS-190, mixed mode, sharing, tiered, compressed oops, compressed class ptrs, g1 gc, windows-amd64)
# Problematic frame:
# V  [jvm.dll+0x2e5373]
#
# No core dump will be written. Minidumps are not enabled by default on client versions of Windows
#
# If you would like to submit a bug report, please visit:
#   https://bugreport.java.com/bugreport/crash.jsp
#

---------------  S U M M A R Y ------------

Command Line: -javaagent:C:\Program Files\JetBrains\IntelliJ IDEA 2022.3\lib\idea_rt.jar=61131:C:\Program Files\JetBrains\IntelliJ IDEA 2022.3\bin -Dfile.encoding=UTF-8 main.Main

Host: Intel(R) Core(TM) i5-9600K CPU @ 3.70GHz, 6 cores, 15G,  Windows 10 , 64 bit Build 19041 (10.0.19041.3155)
Time: Tue Aug  8 11:25:18 2023 Västeuropa, sommartid elapsed time: 0.380749 seconds (0d 0h 0m 0s)

---------------  T H R E A D  ---------------

Current thread (0x00000218e5f3a530):  GCTaskThread "GC Thread#4" [stack: 0x000000dae4100000,0x000000dae4200000] [id=3344]

Stack: [0x000000dae4100000,0x000000dae4200000],  sp=0x000000dae41ff528,  free space=1021k
Native frames: (J=compiled Java code, j=interpreted, Vv=VM code, C=native code)
V  [jvm.dll+0x2e5373]
V  [jvm.dll+0x3028ab]
V  [jvm.dll+0x2d6690]
V  [jvm.dll+0x2d6c5a]
V  [jvm.dll+0x2d6d57]
V  [jvm.dll+0x2dc1db]
V  [jvm.dll+0x7ff32b]
V  [jvm.dll+0x7ff376]
V  [jvm.dll+0x781a7a]
V  [jvm.dll+0x672375]
C  [ucrtbase.dll+0x21bb2]
C  [KERNEL32.DLL+0x17614]
C  [ntdll.dll+0x526b1]


siginfo: EXCEPTION_ACCESS_VIOLATION (0xc0000005), data execution prevention violation at address 0x00007ffe55185273


Register to memory mapping:

RIP=0x00007ffe33b55373 jvm.dll
RAX=0x0000000000001600 is an unknown value
RBX=0x0000000000000003 is an unknown value
RCX=0x00000218c08a7a80 points into unknown readable memory: 0x0000000000000000 | 00 00 00 00 00 00 00 00
RDX=0x0000000000000001 is an unknown value
RSP=0x000000dae41ff528 points into unknown readable memory: 0x0000000000000003 | 03 00 00 00 00 00 00 00
RBP=0x0000000000000003 is an unknown value
RSI=0x00000218c08a8020 points into unknown readable memory: 0x0000000000000000 | 00 00 00 00 00 00 00 00
RDI=0x0000000000000008 is an unknown value
R8 =0x0 is NULL
R9 =0x0 is NULL
R10=0x0 is NULL
R11=0x00000218c089cc40 points into unknown readable memory: 0x00007ffe341604d8 | d8 04 16 34 fe 7f 00 00
R12=0x0 is NULL
R13=0x00000218e5f4b040 points into unknown readable memory: 0x00007ffe34166c58 | 58 6c 16 34 fe 7f 00 00
R14=0x0 is NULL
R15=0x000000dae41ff580 points into unknown readable memory: 0x000000070f563af9 | f9 3a 56 0f 07 00 00 00


Registers:
RAX=0x0000000000001600, RBX=0x0000000000000003, RCX=0x00000218c08a7a80, RDX=0x0000000000000001
RSP=0x000000dae41ff528, RBP=0x0000000000000003, RSI=0x00000218c08a8020, RDI=0x0000000000000008
R8 =0x0000000000000000, R9 =0x0000000000000000, R10=0x0000000000000000, R11=0x00000218c089cc40
R12=0x0000000000000000, R13=0x00000218e5f4b040, R14=0x0000000000000000, R15=0x000000dae41ff580
RIP=0x00007ffe33b55373, EFLAGS=0x0000000000010246

Top of Stack: (sp=0x000000dae41ff528)
0x000000dae41ff528:   0000000000000003 00000218e5f4b040
0x000000dae41ff538:   0000000000000001 000000dae41ff650
0x000000dae41ff548:   00007ffe33b728ab 0000035d00000000
0x000000dae41ff558:   00000218e5f4b040 00000218c089cc40
0x000000dae41ff568:   000000070f563a88 000000dae41ff5e0
0x000000dae41ff578:   00007ffe33b46690 000000070f563af9
0x000000dae41ff588:   0000000000000000 000000dae41ff650
0x000000dae41ff598:   0000000000000000 000000dae2afede0
0x000000dae41ff5a8:   00007ffe33edcb8f 0000000000000000
0x000000dae41ff5b8:   0000000000000000 0000000000000000
0x000000dae41ff5c8:   0000000000000000 0000000000000000
0x000000dae41ff5d8:   00007ffe33ffff37 00000218e31e98d0
0x000000dae41ff5e8:   00000218e5f34cd0 00000000000003d8
0x000000dae41ff5f8:   00000218e31e9ca8 0000000000000003
0x000000dae41ff608:   00007ffe33b46c5a 00000218e5f4b040
0x000000dae41ff618:   0000000000000013 000000dae2afede0 

Instructions: (pc=0x00007ffe33b55373)
0x00007ffe33b55273:   c5 00 00 00 00 49 8b 43 10 49 8b 0c 06 8b 81 00
0x00007ffe33b55283:   01 00 00 44 8b 91 80 00 00 00 44 2b d0 8b c2 41
0x00007ffe33b55293:   81 e2 ff ff 01 00 41 81 fa ff ff 01 00 45 0f 44
0x00007ffe33b552a3:   d4 48 8d 3c c5 00 00 00 00 49 8b 43 10 48 8b 0c
0x00007ffe33b552b3:   07 8b 81 00 01 00 00 44 8b 81 80 00 00 00 44 2b
0x00007ffe33b552c3:   c0 32 c0 41 81 e0 ff ff 01 00 41 81 f8 ff ff 01
0x00007ffe33b552d3:   00 45 0f 44 c4 45 3b c2 76 0a 49 8b 43 10 48 8b
0x00007ffe33b552e3:   3c 07 eb 14 45 85 d2 0f 84 83 00 00 00 49 8b 43
0x00007ffe33b552f3:   10 41 8b d1 49 8b 3c 06 48 8b 87 00 01 00 00 90
0x00007ffe33b55303:   8b 8f 80 00 00 00 2b c8 81 e1 ff ff 01 00 81 f9
0x00007ffe33b55313:   ff ff 01 00 41 0f 44 cc 85 c9 75 12 ba ff ff ff
0x00007ffe33b55323:   ff 32 c0 89 96 00 02 00 00 e9 c4 00 00 00 48 8b
0x00007ffe33b55333:   8f 80 01 00 00 4c 8b c8 44 8b c0 4e 8b 04 c1 8d
0x00007ffe33b55343:   48 01 81 e1 ff ff 01 00 4d 89 07 45 8b c4 41 0f
0x00007ffe33b55353:   94 c0 49 c1 e9 20 45 03 c8 49 c1 e1 20 4c 0b c9
0x00007ffe33b55363:   f0 4c 0f b1 8f 00 01 00 00 0f 94 c0 84 c0 75 05
0x00007ffe33b55373:   ba ff ff ff ff 89 96 00 02 00 00 eb 75 75 77 49
0x00007ffe33b55383:   8b 43 10 8d 4b ff 83 e1 01 4c 8b 14 c8 49 8b 82
0x00007ffe33b55393:   00 01 00 00 90 41 8b 8a 80 00 00 00 2b c8 81 e1
0x00007ffe33b553a3:   ff ff 01 00 81 f9 ff ff 01 00 41 0f 44 cc 85 c9
0x00007ffe33b553b3:   75 04 32 c0 eb 3c 49 8b 8a 80 01 00 00 4c 8b c0
0x00007ffe33b553c3:   8b d0 48 8b 14 d1 8d 48 01 81 e1 ff ff 01 00 49
0x00007ffe33b553d3:   89 17 41 8b d4 0f 94 c2 49 c1 e8 20 44 03 c2 49
0x00007ffe33b553e3:   c1 e0 20 4c 0b c1 f0 4d 0f b1 82 00 01 00 00 0f
0x00007ffe33b553f3:   94 c0 84 c0 75 2a 41 8b 4b 08 ff c5 8d 04 09 3b
0x00007ffe33b55403:   e8 0f 82 a8 fd ff ff 32 c0 48 8b 5c 24 30 48 8b
0x00007ffe33b55413:   6c 24 38 48 8b 74 24 40 41 5f 41 5e 41 5c 5f c3
0x00007ffe33b55423:   b0 01 eb e5 cc cc cc cc cc cc cc cc cc 48 8b 91
0x00007ffe33b55433:   90 00 00 00 48 8b 81 98 00 00 00 48 89 81 90 00
0x00007ffe33b55443:   00 00 48 89 91 98 00 00 00 c3 cc cc cc 48 8b 89
0x00007ffe33b55453:   a0 06 00 00 e9 d4 a1 51 00 cc cc cc cc 48 89 54
0x00007ffe33b55463:   24 10 4c 89 44 24 18 4c 89 4c 24 20 53 48 83 ec 


Stack slot to memory mapping:
stack at sp + 0 slots: 0x0000000000000003 is an unknown value
stack at sp + 1 slots: 0x00000218e5f4b040 points into unknown readable memory: 0x00007ffe34166c58 | 58 6c 16 34 fe 7f 00 00
stack at sp + 2 slots: 0x0000000000000001 is an unknown value
stack at sp + 3 slots: 0x000000dae41ff650 points into unknown readable memory: 0x00007ffe341604a0 | a0 04 16 34 fe 7f 00 00
stack at sp + 4 slots: 0x00007ffe33b728ab jvm.dll
stack at sp + 5 slots: 0x0000035d00000000 is an unknown value
stack at sp + 6 slots: 0x00000218e5f4b040 points into unknown readable memory: 0x00007ffe34166c58 | 58 6c 16 34 fe 7f 00 00
stack at sp + 7 slots: 0x00000218c089cc40 points into unknown readable memory: 0x00007ffe341604d8 | d8 04 16 34 fe 7f 00 00


---------------  P R O C E S S  ---------------

Threads class SMR info:
_java_thread_list=0x00000218e5974f30, length=18, elements={
0x00000218c088e8b0, 0x00000218e31ab690, 0x00000218e31ac500, 0x00000218e31bbe90,
0x00000218e31bc950, 0x00000218e31bf310, 0x00000218e31c1cd0, 0x00000218e31cdbf0,
0x00000218e31d66a0, 0x00000218e31d8cb0, 0x00000218e3192110, 0x00000218e3d67d60,
0x00000218e3d68640, 0x00000218e3f76950, 0x00000218e3f7b5f0, 0x00000218e3f7bf40,
0x00000218e3f86ce0, 0x00000218e5f91ce0
}

Java Threads: ( => current thread )
  0x00000218c088e8b0 JavaThread "main" [_thread_blocked, id=10704, stack(0x000000dae2400000,0x000000dae2500000)]
  0x00000218e31ab690 JavaThread "Reference Handler" daemon [_thread_blocked, id=10020, stack(0x000000dae2b00000,0x000000dae2c00000)]
  0x00000218e31ac500 JavaThread "Finalizer" daemon [_thread_blocked, id=9988, stack(0x000000dae2c00000,0x000000dae2d00000)]
  0x00000218e31bbe90 JavaThread "Signal Dispatcher" daemon [_thread_blocked, id=11464, stack(0x000000dae2d00000,0x000000dae2e00000)]
  0x00000218e31bc950 JavaThread "Attach Listener" daemon [_thread_blocked, id=12660, stack(0x000000dae2e00000,0x000000dae2f00000)]
  0x00000218e31bf310 JavaThread "Service Thread" daemon [_thread_blocked, id=13744, stack(0x000000dae2f00000,0x000000dae3000000)]
  0x00000218e31c1cd0 JavaThread "Monitor Deflation Thread" daemon [_thread_blocked, id=9340, stack(0x000000dae3000000,0x000000dae3100000)]
  0x00000218e31cdbf0 JavaThread "C2 CompilerThread0" daemon [_thread_blocked, id=14864, stack(0x000000dae3100000,0x000000dae3200000)]
  0x00000218e31d66a0 JavaThread "C1 CompilerThread0" daemon [_thread_blocked, id=7756, stack(0x000000dae3200000,0x000000dae3300000)]
  0x00000218e31d8cb0 JavaThread "Sweeper thread" daemon [_thread_blocked, id=14252, stack(0x000000dae3300000,0x000000dae3400000)]
  0x00000218e3192110 JavaThread "Common-Cleaner" daemon [_thread_blocked, id=15268, stack(0x000000dae3400000,0x000000dae3500000)]
  0x00000218e3d67d60 JavaThread "Monitor Ctrl-Break" daemon [_thread_in_native, id=16980, stack(0x000000dae3500000,0x000000dae3600000)]
  0x00000218e3d68640 JavaThread "Notification Thread" daemon [_thread_blocked, id=2756, stack(0x000000dae3600000,0x000000dae3700000)]
  0x00000218e3f76950 JavaThread "Java2D Disposer" daemon [_thread_blocked, id=7604, stack(0x000000dae3800000,0x000000dae3900000)]
  0x00000218e3f7b5f0 JavaThread "AWT-Shutdown" [_thread_blocked, id=13252, stack(0x000000dae3900000,0x000000dae3a00000)]
  0x00000218e3f7bf40 JavaThread "AWT-Windows" daemon [_thread_blocked, id=15684, stack(0x000000dae3a00000,0x000000dae3b00000)]
  0x00000218e3f86ce0 JavaThread "AWT-EventQueue-0" [_thread_blocked, id=11672, stack(0x000000dae3b00000,0x000000dae3c00000)]
  0x00000218e5f91ce0 JavaThread "D3D Screen Updater" daemon [_thread_blocked, id=14116, stack(0x000000dae4300000,0x000000dae4400000)]

Other Threads:
  0x00000218e31a6a90 VMThread "VM Thread" [stack: 0x000000dae2a00000,0x000000dae2b00000] [id=692]
  0x00000218c0910180 WatcherThread [stack: 0x000000dae3700000,0x000000dae3800000] [id=7844]
  0x00000218c08f8440 GCTaskThread "GC Thread#0" [stack: 0x000000dae2500000,0x000000dae2600000] [id=15100]
  0x00000218e5f39d10 GCTaskThread "GC Thread#1" [stack: 0x000000dae3e00000,0x000000dae3f00000] [id=7524]
  0x00000218e5f39fd0 GCTaskThread "GC Thread#2" [stack: 0x000000dae3f00000,0x000000dae4000000] [id=6880]
  0x00000218e5f3a280 GCTaskThread "GC Thread#3" [stack: 0x000000dae4000000,0x000000dae4100000] [id=3320]
=>0x00000218e5f3a530 GCTaskThread "GC Thread#4" [stack: 0x000000dae4100000,0x000000dae4200000] [id=3344]
  0x00000218e5f3a7e0 GCTaskThread "GC Thread#5" [stack: 0x000000dae4200000,0x000000dae4300000] [id=10132]
  0x00000218c0909210 ConcurrentGCThread "G1 Main Marker" [stack: 0x000000dae2600000,0x000000dae2700000] [id=8568]
  0x00000218c090a3c0 ConcurrentGCThread "G1 Conc#0" [stack: 0x000000dae2700000,0x000000dae2800000] [id=12432]
  0x00000218c096e990 ConcurrentGCThread "G1 Refine#0" [stack: 0x000000dae2800000,0x000000dae2900000] [id=9148]
  0x00000218e305b500 ConcurrentGCThread "G1 Service" [stack: 0x000000dae2900000,0x000000dae2a00000] [id=720]

Threads with active compile tasks:

VM state: at safepoint (normal execution)

VM Mutex/Monitor currently owned by a thread:  ([mutex/lock_event])
[0x00000218c0887520] Threads_lock - owner thread: 0x00000218e31a6a90
[0x00000218c0888ba0] Heap_lock - owner thread: 0x00000218c088e8b0

Heap address: 0x0000000701600000, size: 4074 MB, Compressed Oops mode: Zero based, Oop shift amount: 3

CDS archive(s) mapped at: [0x0000000800000000-0x0000000800bd0000-0x0000000800bd0000), size 12386304, SharedBaseAddress: 0x0000000800000000, ArchiveRelocationMode: 0.
Compressed class space mapped at: 0x0000000800c00000-0x0000000840c00000, reserved size: 1073741824
Narrow klass base: 0x0000000800000000, Narrow klass shift: 0, Narrow klass range: 0x100000000

GC Precious Log:
 CPUs: 6 total, 6 available
 Memory: 16290M
 Large Page Support: Disabled
 NUMA Support: Disabled
 Compressed Oops: Enabled (Zero based)
 Heap Region Size: 2M
 Heap Min Capacity: 8M
 Heap Initial Capacity: 256M
 Heap Max Capacity: 4074M
 Pre-touch: Disabled
 Parallel Workers: 6
 Concurrent Workers: 2
 Concurrent Refinement Workers: 6
 Periodic GC: Disabled

Heap:
 garbage-first heap   total 262144K, used 98108K [0x0000000701600000, 0x0000000800000000)
  region size 2048K, 17 young (34816K), 2 survivors (4096K)
 Metaspace       used 7932K, committed 8128K, reserved 1056768K
  class space    used 921K, committed 1024K, reserved 1048576K

Heap Regions: E=young(eden), S=young(survivor), O=old, HS=humongous(starts), HC=humongous(continues), CS=collection set, F=free, OA=open archive, CA=closed archive, TAMS=top-at-mark-start (previous, next)
|   0|0x0000000701600000, 0x0000000701800000, 0x0000000701800000|100%|HS|  |TAMS 0x0000000701600000, 0x0000000701600000| Complete 
|   1|0x0000000701800000, 0x0000000701a00000, 0x0000000701a00000|100%|HC|  |TAMS 0x0000000701800000, 0x0000000701800000| Complete 
|   2|0x0000000701a00000, 0x0000000701c00000, 0x0000000701c00000|100%|HS|  |TAMS 0x0000000701a00000, 0x0000000701a00000| Complete 
|   3|0x0000000701c00000, 0x0000000701e00000, 0x0000000701e00000|100%|HC|  |TAMS 0x0000000701c00000, 0x0000000701c00000| Complete 
|   4|0x0000000701e00000, 0x0000000702000000, 0x0000000702000000|100%|HS|  |TAMS 0x0000000701e00000, 0x0000000701e00000| Complete 
|   5|0x0000000702000000, 0x0000000702200000, 0x0000000702200000|100%|HC|  |TAMS 0x0000000702000000, 0x0000000702000000| Complete 
|   6|0x0000000702200000, 0x0000000702400000, 0x0000000702400000|100%|HS|  |TAMS 0x0000000702200000, 0x0000000702200000| Complete 
|   7|0x0000000702400000, 0x0000000702600000, 0x0000000702600000|100%|HC|  |TAMS 0x0000000702400000, 0x0000000702400000| Complete 
|   8|0x0000000702600000, 0x0000000702800000, 0x0000000702800000|100%|HS|  |TAMS 0x0000000702600000, 0x0000000702600000| Complete 
|   9|0x0000000702800000, 0x0000000702a00000, 0x0000000702a00000|100%|HC|  |TAMS 0x0000000702800000, 0x0000000702800000| Complete 
|  10|0x0000000702a00000, 0x0000000702c00000, 0x0000000702c00000|100%|HS|  |TAMS 0x0000000702a00000, 0x0000000702a00000| Complete 
|  11|0x0000000702c00000, 0x0000000702e00000, 0x0000000702e00000|100%|HC|  |TAMS 0x0000000702c00000, 0x0000000702c00000| Complete 
|  12|0x0000000702e00000, 0x0000000703000000, 0x0000000703000000|100%|HS|  |TAMS 0x0000000702e00000, 0x0000000702e00000| Complete 
|  13|0x0000000703000000, 0x0000000703200000, 0x0000000703200000|100%|HC|  |TAMS 0x0000000703000000, 0x0000000703000000| Complete 
|  14|0x0000000703200000, 0x0000000703400000, 0x0000000703400000|100%|HS|  |TAMS 0x0000000703200000, 0x0000000703200000| Complete 
|  15|0x0000000703400000, 0x0000000703600000, 0x0000000703600000|100%|HC|  |TAMS 0x0000000703400000, 0x0000000703400000| Complete 
|  16|0x0000000703600000, 0x0000000703800000, 0x0000000703800000|100%|HS|  |TAMS 0x0000000703600000, 0x0000000703600000| Complete 
|  17|0x0000000703800000, 0x0000000703a00000, 0x0000000703a00000|100%|HS|  |TAMS 0x0000000703800000, 0x0000000703800000| Complete 
|  18|0x0000000703a00000, 0x0000000703c00000, 0x0000000703c00000|100%|HS|  |TAMS 0x0000000703a00000, 0x0000000703a00000| Complete 
|  19|0x0000000703c00000, 0x0000000703e00000, 0x0000000703e00000|100%|HS|  |TAMS 0x0000000703c00000, 0x0000000703c00000| Complete 
|  20|0x0000000703e00000, 0x0000000704000000, 0x0000000704000000|100%|HS|  |TAMS 0x0000000703e00000, 0x0000000703e00000| Complete 
|  21|0x0000000704000000, 0x0000000704200000, 0x0000000704200000|100%|HS|  |TAMS 0x0000000704000000, 0x0000000704000000| Complete 
|  22|0x0000000704200000, 0x0000000704400000, 0x0000000704400000|100%|HS|  |TAMS 0x0000000704200000, 0x0000000704200000| Complete 
|  23|0x0000000704400000, 0x0000000704600000, 0x0000000704600000|100%|HS|  |TAMS 0x0000000704400000, 0x0000000704400000| Complete 
|  24|0x0000000704600000, 0x0000000704800000, 0x0000000704800000|100%|HS|  |TAMS 0x0000000704600000, 0x0000000704600000| Complete 
|  25|0x0000000704800000, 0x0000000704a00000, 0x0000000704a00000|100%|HC|  |TAMS 0x0000000704800000, 0x0000000704800000| Complete 
|  26|0x0000000704a00000, 0x0000000704c00000, 0x0000000704c00000|100%|HS|  |TAMS 0x0000000704a00000, 0x0000000704a00000| Complete 
|  27|0x0000000704c00000, 0x0000000704e00000, 0x0000000704e00000|100%|HC|  |TAMS 0x0000000704c00000, 0x0000000704c00000| Complete 
|  28|0x0000000704e00000, 0x0000000705000000, 0x0000000705000000|100%|HS|  |TAMS 0x0000000704e00000, 0x0000000704e00000| Complete 
|  29|0x0000000705000000, 0x0000000705200000, 0x0000000705200000|100%|HC|  |TAMS 0x0000000705000000, 0x0000000705000000| Complete 
|  30|0x0000000705200000, 0x0000000705400000, 0x0000000705400000|100%|HS|  |TAMS 0x0000000705200000, 0x0000000705200000| Complete 
|  31|0x0000000705400000, 0x0000000705600000, 0x0000000705600000|100%|HC|  |TAMS 0x0000000705400000, 0x0000000705400000| Complete 
|  32|0x0000000705600000, 0x0000000705600000, 0x0000000705800000|  0%| F|  |TAMS 0x0000000705600000, 0x0000000705600000| Untracked 
|  33|0x0000000705800000, 0x0000000705800000, 0x0000000705a00000|  0%| F|  |TAMS 0x0000000705800000, 0x0000000705800000| Untracked 
|  34|0x0000000705a00000, 0x0000000705a00000, 0x0000000705c00000|  0%| F|  |TAMS 0x0000000705a00000, 0x0000000705a00000| Untracked 
|  35|0x0000000705c00000, 0x0000000705c00000, 0x0000000705e00000|  0%| F|  |TAMS 0x0000000705c00000, 0x0000000705c00000| Untracked 
|  36|0x0000000705e00000, 0x0000000705e00000, 0x0000000706000000|  0%| F|  |TAMS 0x0000000705e00000, 0x0000000705e00000| Untracked 
|  37|0x0000000706000000, 0x0000000706000000, 0x0000000706200000|  0%| F|  |TAMS 0x0000000706000000, 0x0000000706000000| Untracked 
|  38|0x0000000706200000, 0x0000000706200000, 0x0000000706400000|  0%| F|  |TAMS 0x0000000706200000, 0x0000000706200000| Untracked 
|  39|0x0000000706400000, 0x0000000706400000, 0x0000000706600000|  0%| F|  |TAMS 0x0000000706400000, 0x0000000706400000| Untracked 
|  40|0x0000000706600000, 0x0000000706600000, 0x0000000706800000|  0%| F|  |TAMS 0x0000000706600000, 0x0000000706600000| Untracked 
|  41|0x0000000706800000, 0x0000000706800000, 0x0000000706a00000|  0%| F|  |TAMS 0x0000000706800000, 0x0000000706800000| Untracked 
|  42|0x0000000706a00000, 0x0000000706a00000, 0x0000000706c00000|  0%| F|  |TAMS 0x0000000706a00000, 0x0000000706a00000| Untracked 
|  43|0x0000000706c00000, 0x0000000706c00000, 0x0000000706e00000|  0%| F|  |TAMS 0x0000000706c00000, 0x0000000706c00000| Untracked 
|  44|0x0000000706e00000, 0x0000000706e00000, 0x0000000707000000|  0%| F|  |TAMS 0x0000000706e00000, 0x0000000706e00000| Untracked 
|  45|0x0000000707000000, 0x0000000707000000, 0x0000000707200000|  0%| F|  |TAMS 0x0000000707000000, 0x0000000707000000| Untracked 
|  46|0x0000000707200000, 0x0000000707200000, 0x0000000707400000|  0%| F|  |TAMS 0x0000000707200000, 0x0000000707200000| Untracked 
|  47|0x0000000707400000, 0x0000000707400000, 0x0000000707600000|  0%| F|  |TAMS 0x0000000707400000, 0x0000000707400000| Untracked 
|  48|0x0000000707600000, 0x0000000707600000, 0x0000000707800000|  0%| F|  |TAMS 0x0000000707600000, 0x0000000707600000| Untracked 
|  49|0x0000000707800000, 0x0000000707800000, 0x0000000707a00000|  0%| F|  |TAMS 0x0000000707800000, 0x0000000707800000| Untracked 
|  50|0x0000000707a00000, 0x0000000707a00000, 0x0000000707c00000|  0%| F|  |TAMS 0x0000000707a00000, 0x0000000707a00000| Untracked 
|  51|0x0000000707c00000, 0x0000000707c00000, 0x0000000707e00000|  0%| F|  |TAMS 0x0000000707c00000, 0x0000000707c00000| Untracked 
|  52|0x0000000707e00000, 0x0000000707e00000, 0x0000000708000000|  0%| F|  |TAMS 0x0000000707e00000, 0x0000000707e00000| Untracked 
|  53|0x0000000708000000, 0x0000000708000000, 0x0000000708200000|  0%| F|  |TAMS 0x0000000708000000, 0x0000000708000000| Untracked 
|  54|0x0000000708200000, 0x0000000708200000, 0x0000000708400000|  0%| F|  |TAMS 0x0000000708200000, 0x0000000708200000| Untracked 
|  55|0x0000000708400000, 0x0000000708400000, 0x0000000708600000|  0%| F|  |TAMS 0x0000000708400000, 0x0000000708400000| Untracked 
|  56|0x0000000708600000, 0x0000000708600000, 0x0000000708800000|  0%| F|  |TAMS 0x0000000708600000, 0x0000000708600000| Untracked 
|  57|0x0000000708800000, 0x0000000708800000, 0x0000000708a00000|  0%| F|  |TAMS 0x0000000708800000, 0x0000000708800000| Untracked 
|  58|0x0000000708a00000, 0x0000000708a00000, 0x0000000708c00000|  0%| F|  |TAMS 0x0000000708a00000, 0x0000000708a00000| Untracked 
|  59|0x0000000708c00000, 0x0000000708c00000, 0x0000000708e00000|  0%| F|  |TAMS 0x0000000708c00000, 0x0000000708c00000| Untracked 
|  60|0x0000000708e00000, 0x0000000708e00000, 0x0000000709000000|  0%| F|  |TAMS 0x0000000708e00000, 0x0000000708e00000| Untracked 
|  61|0x0000000709000000, 0x0000000709000000, 0x0000000709200000|  0%| F|  |TAMS 0x0000000709000000, 0x0000000709000000| Untracked 
|  62|0x0000000709200000, 0x0000000709200000, 0x0000000709400000|  0%| F|  |TAMS 0x0000000709200000, 0x0000000709200000| Untracked 
|  63|0x0000000709400000, 0x0000000709400000, 0x0000000709600000|  0%| F|  |TAMS 0x0000000709400000, 0x0000000709400000| Untracked 
|  64|0x0000000709600000, 0x0000000709600000, 0x0000000709800000|  0%| F|  |TAMS 0x0000000709600000, 0x0000000709600000| Untracked 
|  65|0x0000000709800000, 0x0000000709800000, 0x0000000709a00000|  0%| F|  |TAMS 0x0000000709800000, 0x0000000709800000| Untracked 
|  66|0x0000000709a00000, 0x0000000709a00000, 0x0000000709c00000|  0%| F|  |TAMS 0x0000000709a00000, 0x0000000709a00000| Untracked 
|  67|0x0000000709c00000, 0x0000000709c00000, 0x0000000709e00000|  0%| F|  |TAMS 0x0000000709c00000, 0x0000000709c00000| Untracked 
|  68|0x0000000709e00000, 0x0000000709e00000, 0x000000070a000000|  0%| F|  |TAMS 0x0000000709e00000, 0x0000000709e00000| Untracked 
|  69|0x000000070a000000, 0x000000070a000000, 0x000000070a200000|  0%| F|  |TAMS 0x000000070a000000, 0x000000070a000000| Untracked 
|  70|0x000000070a200000, 0x000000070a200000, 0x000000070a400000|  0%| F|  |TAMS 0x000000070a200000, 0x000000070a200000| Untracked 
|  71|0x000000070a400000, 0x000000070a400000, 0x000000070a600000|  0%| F|  |TAMS 0x000000070a400000, 0x000000070a400000| Untracked 
|  72|0x000000070a600000, 0x000000070a600000, 0x000000070a800000|  0%| F|  |TAMS 0x000000070a600000, 0x000000070a600000| Untracked 
|  73|0x000000070a800000, 0x000000070a800000, 0x000000070aa00000|  0%| F|  |TAMS 0x000000070a800000, 0x000000070a800000| Untracked 
|  74|0x000000070aa00000, 0x000000070aa00000, 0x000000070ac00000|  0%| F|  |TAMS 0x000000070aa00000, 0x000000070aa00000| Untracked 
|  75|0x000000070ac00000, 0x000000070ac00000, 0x000000070ae00000|  0%| F|  |TAMS 0x000000070ac00000, 0x000000070ac00000| Untracked 
|  76|0x000000070ae00000, 0x000000070ae00000, 0x000000070b000000|  0%| F|  |TAMS 0x000000070ae00000, 0x000000070ae00000| Untracked 
|  77|0x000000070b000000, 0x000000070b000000, 0x000000070b200000|  0%| F|  |TAMS 0x000000070b000000, 0x000000070b000000| Untracked 
|  78|0x000000070b200000, 0x000000070b200000, 0x000000070b400000|  0%| F|  |TAMS 0x000000070b200000, 0x000000070b200000| Untracked 
|  79|0x000000070b400000, 0x000000070b400000, 0x000000070b600000|  0%| F|  |TAMS 0x000000070b400000, 0x000000070b400000| Untracked 
|  80|0x000000070b600000, 0x000000070b600000, 0x000000070b800000|  0%| F|  |TAMS 0x000000070b600000, 0x000000070b600000| Untracked 
|  81|0x000000070b800000, 0x000000070b800000, 0x000000070ba00000|  0%| F|  |TAMS 0x000000070b800000, 0x000000070b800000| Untracked 
|  82|0x000000070ba00000, 0x000000070ba00000, 0x000000070bc00000|  0%| F|  |TAMS 0x000000070ba00000, 0x000000070ba00000| Untracked 
|  83|0x000000070bc00000, 0x000000070bc00000, 0x000000070be00000|  0%| F|  |TAMS 0x000000070bc00000, 0x000000070bc00000| Untracked 
|  84|0x000000070be00000, 0x000000070be00000, 0x000000070c000000|  0%| F|  |TAMS 0x000000070be00000, 0x000000070be00000| Untracked 
|  85|0x000000070c000000, 0x000000070c000000, 0x000000070c200000|  0%| F|  |TAMS 0x000000070c000000, 0x000000070c000000| Untracked 
|  86|0x000000070c200000, 0x000000070c200000, 0x000000070c400000|  0%| F|  |TAMS 0x000000070c200000, 0x000000070c200000| Untracked 
|  87|0x000000070c400000, 0x000000070c400000, 0x000000070c600000|  0%| F|  |TAMS 0x000000070c400000, 0x000000070c400000| Untracked 
|  88|0x000000070c600000, 0x000000070c600000, 0x000000070c800000|  0%| F|  |TAMS 0x000000070c600000, 0x000000070c600000| Untracked 
|  89|0x000000070c800000, 0x000000070c800000, 0x000000070ca00000|  0%| F|  |TAMS 0x000000070c800000, 0x000000070c800000| Untracked 
|  90|0x000000070ca00000, 0x000000070ca00000, 0x000000070cc00000|  0%| F|  |TAMS 0x000000070ca00000, 0x000000070ca00000| Untracked 
|  91|0x000000070cc00000, 0x000000070cc00000, 0x000000070ce00000|  0%| F|  |TAMS 0x000000070cc00000, 0x000000070cc00000| Untracked 
|  92|0x000000070ce00000, 0x000000070ce00000, 0x000000070d000000|  0%| F|  |TAMS 0x000000070ce00000, 0x000000070ce00000| Untracked 
|  93|0x000000070d000000, 0x000000070d000000, 0x000000070d200000|  0%| F|  |TAMS 0x000000070d000000, 0x000000070d000000| Untracked 
|  94|0x000000070d200000, 0x000000070d200000, 0x000000070d400000|  0%| F|  |TAMS 0x000000070d200000, 0x000000070d200000| Untracked 
|  95|0x000000070d400000, 0x000000070d400000, 0x000000070d600000|  0%| F|  |TAMS 0x000000070d400000, 0x000000070d400000| Untracked 
|  96|0x000000070d600000, 0x000000070d600000, 0x000000070d800000|  0%| F|  |TAMS 0x000000070d600000, 0x000000070d600000| Untracked 
|  97|0x000000070d800000, 0x000000070d800000, 0x000000070da00000|  0%| F|  |TAMS 0x000000070d800000, 0x000000070d800000| Untracked 
|  98|0x000000070da00000, 0x000000070da00000, 0x000000070dc00000|  0%| F|  |TAMS 0x000000070da00000, 0x000000070da00000| Untracked 
|  99|0x000000070dc00000, 0x000000070dc00000, 0x000000070de00000|  0%| F|  |TAMS 0x000000070dc00000, 0x000000070dc00000| Untracked 
| 100|0x000000070de00000, 0x000000070de00000, 0x000000070e000000|  0%| F|  |TAMS 0x000000070de00000, 0x000000070de00000| Untracked 
| 101|0x000000070e000000, 0x000000070e000000, 0x000000070e200000|  0%| F|  |TAMS 0x000000070e000000, 0x000000070e000000| Untracked 
| 102|0x000000070e200000, 0x000000070e200000, 0x000000070e400000|  0%| F|  |TAMS 0x000000070e200000, 0x000000070e200000| Untracked 
| 103|0x000000070e400000, 0x000000070e400000, 0x000000070e600000|  0%| F|  |TAMS 0x000000070e400000, 0x000000070e400000| Untracked 
| 104|0x000000070e600000, 0x000000070e600000, 0x000000070e800000|  0%| F|  |TAMS 0x000000070e600000, 0x000000070e600000| Untracked 
| 105|0x000000070e800000, 0x000000070e800000, 0x000000070ea00000|  0%| F|  |TAMS 0x000000070e800000, 0x000000070e800000| Untracked 
| 106|0x000000070ea00000, 0x000000070ea00000, 0x000000070ec00000|  0%| F|  |TAMS 0x000000070ea00000, 0x000000070ea00000| Untracked 
| 107|0x000000070ec00000, 0x000000070ec00000, 0x000000070ee00000|  0%| F|  |TAMS 0x000000070ec00000, 0x000000070ec00000| Untracked 
| 108|0x000000070ee00000, 0x000000070ee00000, 0x000000070f000000|  0%| F|  |TAMS 0x000000070ee00000, 0x000000070ee00000| Untracked 
| 109|0x000000070f000000, 0x000000070f000000, 0x000000070f200000|  0%| F|  |TAMS 0x000000070f000000, 0x000000070f000000| Untracked 
| 110|0x000000070f200000, 0x000000070f22bce0, 0x000000070f400000|  8%| S|  |TAMS 0x000000070f200000, 0x000000070f200000| Complete 
| 111|0x000000070f400000, 0x000000070f600000, 0x000000070f600000|100%| S|  |TAMS 0x000000070f400000, 0x000000070f400000| Complete 
| 112|0x000000070f600000, 0x000000070f800000, 0x000000070f800000|100%| E|CS|TAMS 0x000000070f600000, 0x000000070f600000| Complete 
| 113|0x000000070f800000, 0x000000070fa00000, 0x000000070fa00000|100%| E|CS|TAMS 0x000000070f800000, 0x000000070f800000| Complete 
| 114|0x000000070fa00000, 0x000000070fc00000, 0x000000070fc00000|100%| E|CS|TAMS 0x000000070fa00000, 0x000000070fa00000| Complete 
| 115|0x000000070fc00000, 0x000000070fe00000, 0x000000070fe00000|100%| E|CS|TAMS 0x000000070fc00000, 0x000000070fc00000| Complete 
| 116|0x000000070fe00000, 0x0000000710000000, 0x0000000710000000|100%| E|CS|TAMS 0x000000070fe00000, 0x000000070fe00000| Complete 
| 117|0x0000000710000000, 0x00000007101cf070, 0x0000000710200000| 90%| E|CS|TAMS 0x0000000710000000, 0x0000000710000000| Complete 
| 118|0x0000000710200000, 0x0000000710400000, 0x0000000710400000|100%| E|CS|TAMS 0x0000000710200000, 0x0000000710200000| Complete 
| 119|0x0000000710400000, 0x0000000710600000, 0x0000000710600000|100%| E|CS|TAMS 0x0000000710400000, 0x0000000710400000| Complete 
| 120|0x0000000710600000, 0x0000000710800000, 0x0000000710800000|100%| E|CS|TAMS 0x0000000710600000, 0x0000000710600000| Complete 
| 121|0x0000000710800000, 0x0000000710a00000, 0x0000000710a00000|100%| E|CS|TAMS 0x0000000710800000, 0x0000000710800000| Complete 
| 122|0x0000000710a00000, 0x0000000710c00000, 0x0000000710c00000|100%| E|CS|TAMS 0x0000000710a00000, 0x0000000710a00000| Complete 
| 123|0x0000000710c00000, 0x0000000710e00000, 0x0000000710e00000|100%| E|CS|TAMS 0x0000000710c00000, 0x0000000710c00000| Complete 
| 124|0x0000000710e00000, 0x0000000711000000, 0x0000000711000000|100%| E|CS|TAMS 0x0000000710e00000, 0x0000000710e00000| Complete 
| 125|0x0000000711000000, 0x0000000711200000, 0x0000000711200000|100%| E|CS|TAMS 0x0000000711000000, 0x0000000711000000| Complete 
| 126|0x0000000711200000, 0x0000000711400000, 0x0000000711400000|100%| E|CS|TAMS 0x0000000711200000, 0x0000000711200000| Complete 
| 127|0x0000000711400000, 0x0000000711600000, 0x0000000711600000|100%| E|CS|TAMS 0x0000000711400000, 0x0000000711400000| Complete 

Card table byte_map: [0x00000218d7a30000,0x00000218d8230000] _byte_map_base: 0x00000218d4225000

Marking Bits (Prev, Next): (CMBitMap*) 0x00000218c08f8a50, (CMBitMap*) 0x00000218c08f8a90
 Prev Bits: [0x00000218d8a30000, 0x00000218dc9d8000)
 Next Bits: [0x00000218dc9e0000, 0x00000218e0988000)

Polling page: 0x00000218be720000

Metaspace:

Usage:
  Non-class:      6.85 MB used.
      Class:    921.31 KB used.
       Both:      7.75 MB used.

Virtual space:
  Non-class space:        8.00 MB reserved,       6.94 MB ( 87%) committed,  1 nodes.
      Class space:        1.00 GB reserved,       1.00 MB ( <1%) committed,  1 nodes.
             Both:        1.01 GB reserved,       7.94 MB ( <1%) committed. 

Chunk freelists:
   Non-Class:  1005.00 KB
       Class:  3.05 MB
        Both:  4.03 MB

MaxMetaspaceSize: unlimited
CompressedClassSpaceSize: 1.00 GB
Initial GC threshold: 21.00 MB
Current GC threshold: 21.00 MB
CDS: on
MetaspaceReclaimPolicy: balanced
 - commit_granule_bytes: 65536.
 - commit_granule_words: 8192.
 - virtual_space_node_default_size: 1048576.
 - enlarge_chunks_in_place: 1.
 - new_chunks_are_fully_committed: 0.
 - uncommit_free_chunks: 1.
 - use_allocation_guard: 0.
 - handle_deallocations: 1.


Internal statistics:

num_allocs_failed_limit: 0.
num_arena_births: 116.
num_arena_deaths: 0.
num_vsnodes_births: 2.
num_vsnodes_deaths: 0.
num_space_committed: 127.
num_space_uncommitted: 0.
num_chunks_returned_to_freelist: 0.
num_chunks_taken_from_freelist: 176.
num_chunk_merges: 0.
num_chunk_splits: 97.
num_chunks_enlarged: 33.
num_purges: 0.
num_inconsistent_stats: 0.

CodeHeap 'non-profiled nmethods': size=120000Kb used=271Kb max_used=271Kb free=119728Kb
 bounds [0x00000218cfbf0000, 0x00000218cfe60000, 0x00000218d7120000]
CodeHeap 'profiled nmethods': size=120000Kb used=1192Kb max_used=1192Kb free=118807Kb
 bounds [0x00000218c8120000, 0x00000218c8390000, 0x00000218cf650000]
CodeHeap 'non-nmethods': size=5760Kb used=1263Kb max_used=1280Kb free=4496Kb
 bounds [0x00000218cf650000, 0x00000218cf8c0000, 0x00000218cfbf0000]
 total_blobs=1405 nmethods=821 adapters=497
 compilation: enabled
              stopped_count=0, restarted_count=0
 full_count=0

Compilation events (20 events):
Event: 0.331 Thread 0x00000218e31cdbf0 nmethod 809 0x00000218cfc32790 code [0x00000218cfc32980, 0x00000218cfc33200]
Event: 0.332 Thread 0x00000218e31d66a0 nmethod 812 0x00000218c8244e90 code [0x00000218c82450e0, 0x00000218c82459e8]
Event: 0.332 Thread 0x00000218e31d66a0  813  s    3       java.util.Vector::removeElementAt (115 bytes)
Event: 0.332 Thread 0x00000218e31d66a0 nmethod 813 0x00000218c8245d90 code [0x00000218c8246020, 0x00000218c8246c08]
Event: 0.337 Thread 0x00000218e31d66a0  814       3       javax.swing.SwingUtilities::appContextGet (8 bytes)
Event: 0.337 Thread 0x00000218e31d66a0 nmethod 814 0x00000218c8247010 code [0x00000218c82471c0, 0x00000218c8247318]
Event: 0.337 Thread 0x00000218e31d66a0  815       3       java.util.Arrays::fill (21 bytes)
Event: 0.337 Thread 0x00000218e31d66a0 nmethod 815 0x00000218c8247410 code [0x00000218c82475a0, 0x00000218c8247758]
Event: 0.337 Thread 0x00000218e31d66a0  816   !   3       jdk.internal.ref.PhantomCleanable::remove (60 bytes)
Event: 0.338 Thread 0x00000218e31d66a0 nmethod 816 0x00000218c8247890 code [0x00000218c8247a40, 0x00000218c8247e78]
Event: 0.349 Thread 0x00000218e31d66a0  817       3       java.lang.StringLatin1::toLowerCase (186 bytes)
Event: 0.349 Thread 0x00000218e31d66a0 nmethod 817 0x00000218c8248010 code [0x00000218c8248280, 0x00000218c8248dd8]
Event: 0.360 Thread 0x00000218e31d66a0  818       3       java.io.WinNTFileSystem::isLetter (30 bytes)
Event: 0.361 Thread 0x00000218e31d66a0 nmethod 818 0x00000218c8249210 code [0x00000218c82493a0, 0x00000218c82495b8]
Event: 0.361 Thread 0x00000218e31d66a0  819       1       javax.imageio.spi.DigraphNode::getData (5 bytes)
Event: 0.361 Thread 0x00000218e31d66a0 nmethod 819 0x00000218cfc33a10 code [0x00000218cfc33ba0, 0x00000218cfc33c78]
Event: 0.370 Thread 0x00000218e31d66a0  820       3       java.lang.Long::valueOf (40 bytes)
Event: 0.371 Thread 0x00000218e31d66a0 nmethod 820 0x00000218c8249690 code [0x00000218c8249840, 0x00000218c8249b98]
Event: 0.371 Thread 0x00000218e31d66a0  821       3       java.lang.Float::isNaN (12 bytes)
Event: 0.371 Thread 0x00000218e31d66a0 nmethod 821 0x00000218c8249d10 code [0x00000218c8249ea0, 0x00000218c824a018]

GC Heap History (3 events):
Event: 0.231 GC heap before
{Heap before GC invocations=0 (full 0):
 garbage-first heap   total 262144K, used 45056K [0x0000000701600000, 0x0000000800000000)
  region size 2048K, 10 young (20480K), 0 survivors (0K)
 Metaspace       used 6405K, committed 6592K, reserved 1056768K
  class space    used 739K, committed 832K, reserved 1048576K
}
Event: 0.233 GC heap after
{Heap after GC invocations=1 (full 0):
 garbage-first heap   total 262144K, used 26428K [0x0000000701600000, 0x0000000800000000)
  region size 2048K, 1 young (2048K), 1 survivors (2048K)
 Metaspace       used 6405K, committed 6592K, reserved 1056768K
  class space    used 739K, committed 832K, reserved 1048576K
}
Event: 0.375 GC heap before
{Heap before GC invocations=1 (full 0):
 garbage-first heap   total 262144K, used 98108K [0x0000000701600000, 0x0000000800000000)
  region size 2048K, 16 young (32768K), 1 survivors (2048K)
 Metaspace       used 7932K, committed 8128K, reserved 1056768K
  class space    used 921K, committed 1024K, reserved 1048576K
}

Deoptimization events (20 events):
Event: 0.199 Thread 0x00000218c088e8b0 DEOPT PACKING pc=0x00000218c81f515b sp=0x000000dae24fee90
Event: 0.199 Thread 0x00000218c088e8b0 DEOPT UNPACKING pc=0x00000218cf6a2b43 sp=0x000000dae24fe350 mode 0
Event: 0.199 Thread 0x00000218c088e8b0 DEOPT PACKING pc=0x00000218c81f515b sp=0x000000dae24fee90
Event: 0.199 Thread 0x00000218c088e8b0 DEOPT UNPACKING pc=0x00000218cf6a2b43 sp=0x000000dae24fe350 mode 0
Event: 0.199 Thread 0x00000218c088e8b0 DEOPT PACKING pc=0x00000218c81f515b sp=0x000000dae24fee90
Event: 0.199 Thread 0x00000218c088e8b0 DEOPT UNPACKING pc=0x00000218cf6a2b43 sp=0x000000dae24fe350 mode 0
Event: 0.199 Thread 0x00000218c088e8b0 DEOPT PACKING pc=0x00000218c81f515b sp=0x000000dae24fee90
Event: 0.199 Thread 0x00000218c088e8b0 DEOPT UNPACKING pc=0x00000218cf6a2b43 sp=0x000000dae24fe350 mode 0
Event: 0.199 Thread 0x00000218c088e8b0 DEOPT PACKING pc=0x00000218c81f515b sp=0x000000dae24fee90
Event: 0.199 Thread 0x00000218c088e8b0 DEOPT UNPACKING pc=0x00000218cf6a2b43 sp=0x000000dae24fe350 mode 0
Event: 0.199 Thread 0x00000218c088e8b0 DEOPT PACKING pc=0x00000218c81f515b sp=0x000000dae24fee90
Event: 0.199 Thread 0x00000218c088e8b0 DEOPT UNPACKING pc=0x00000218cf6a2b43 sp=0x000000dae24fe350 mode 0
Event: 0.200 Thread 0x00000218c088e8b0 DEOPT PACKING pc=0x00000218c81f515b sp=0x000000dae24fee90
Event: 0.200 Thread 0x00000218c088e8b0 DEOPT UNPACKING pc=0x00000218cf6a2b43 sp=0x000000dae24fe350 mode 0
Event: 0.200 Thread 0x00000218c088e8b0 DEOPT PACKING pc=0x00000218c81f515b sp=0x000000dae24fee90
Event: 0.200 Thread 0x00000218c088e8b0 DEOPT UNPACKING pc=0x00000218cf6a2b43 sp=0x000000dae24fe350 mode 0
Event: 0.250 Thread 0x00000218e3f86ce0 DEOPT PACKING pc=0x00000218c8148567 sp=0x000000dae3bfc8f0
Event: 0.250 Thread 0x00000218e3f86ce0 DEOPT UNPACKING pc=0x00000218cf6a2b43 sp=0x000000dae3bfbd10 mode 0
Event: 0.253 Thread 0x00000218e3f86ce0 DEOPT PACKING pc=0x00000218c8145a51 sp=0x000000dae3bfc060
Event: 0.253 Thread 0x00000218e3f86ce0 DEOPT UNPACKING pc=0x00000218cf6a2b43 sp=0x000000dae3bfb4d8 mode 0

Classes unloaded (0 events):
No events

Classes redefined (0 events):
No events

Internal exceptions (15 events):
Event: 0.050 Thread 0x00000218e3d67d60 Exception <a 'java/lang/NoSuchMethodError'{0x000000071126b988}: 'java.lang.Object java.lang.invoke.DirectMethodHandle$Holder.invokeStaticInit(java.lang.Object)'> (0x000000071126b988) 
thrown [s\open\src\hotspot\share\interpreter\linkResolver.cpp, line 759]
Event: 0.054 Thread 0x00000218e3d67d60 Exception <a 'java/lang/NoSuchMethodError'{0x0000000711279648}: 'void java.lang.invoke.DirectMethodHandle$Holder.invokeStatic(java.lang.Object, java.lang.Object)'> (0x0000000711279648) 
thrown [s\open\src\hotspot\share\interpreter\linkResolver.cpp, line 759]
Event: 0.061 Thread 0x00000218c088e8b0 Exception <a 'java/lang/ClassNotFoundException'{0x0000000711231ea8}: sun/awt/resources/spi/awtProvider> (0x0000000711231ea8) 
thrown [s\open\src\hotspot\share\classfile\systemDictionary.cpp, line 256]
Event: 0.073 Thread 0x00000218c088e8b0 Exception <a 'java/io/FileNotFoundException'{0x00000007112ec428}> (0x00000007112ec428) 
thrown [s\open\src\hotspot\share\prims\jni.cpp, line 516]
Event: 0.076 Thread 0x00000218c088e8b0 Exception <a 'java/io/FileNotFoundException'{0x00000007113192b0}> (0x00000007113192b0) 
thrown [s\open\src\hotspot\share\prims\jni.cpp, line 516]
Event: 0.108 Thread 0x00000218e3f86ce0 Exception <a 'java/lang/NoSuchMethodError'{0x00000007110350e0}: 'void java.lang.invoke.DirectMethodHandle$Holder.invokeSpecial(java.lang.Object, java.lang.Object, java.lang.Object)'> (0x00000007110350e0) 
thrown [s\open\src\hotspot\share\interpreter\linkResolver.cpp, line 759]
Event: 0.112 Thread 0x00000218e3f86ce0 Exception <a 'java/lang/NoSuchMethodError'{0x000000071105f350}: 'java.lang.Object java.lang.invoke.DirectMethodHandle$Holder.newInvokeSpecial(java.lang.Object, java.lang.Object, java.lang.Object, java.lang.Object, java.lang.Object)'> (0x000000071105f350) 
thrown [s\open\src\hotspot\share\interpreter\linkResolver.cpp, line 759]
Event: 0.113 Thread 0x00000218e3f86ce0 Exception <a 'java/lang/NoSuchMethodError'{0x00000007110d15e8}: 'java.lang.Object java.lang.invoke.DirectMethodHandle$Holder.invokeStatic(java.lang.Object, int, java.lang.Object, java.lang.Object, java.lang.Object, java.lang.Object)'> (0x00000007110d15e8) 
thrown [s\open\src\hotspot\share\interpreter\linkResolver.cpp, line 759]
Event: 0.114 Thread 0x00000218c088e8b0 Exception <a 'java/lang/NoSuchMethodError'{0x0000000711092a90}: 'java.lang.Object java.lang.invoke.DirectMethodHandle$Holder.invokeStaticInit(java.lang.Object, int, int, int, int)'> (0x0000000711092a90) 
thrown [s\open\src\hotspot\share\interpreter\linkResolver.cpp, line 759]
Event: 0.116 Thread 0x00000218e3f86ce0 Exception <a 'java/lang/NoSuchMethodError'{0x00000007110f6da8}: 'java.lang.Object java.lang.invoke.DirectMethodHandle$Holder.invokeStatic(java.lang.Object, int, java.lang.Object)'> (0x00000007110f6da8) 
thrown [s\open\src\hotspot\share\interpreter\linkResolver.cpp, line 759]
Event: 0.131 Thread 0x00000218e3f86ce0 Exception <a 'java/lang/ClassNotFoundException'{0x00000007111b19e0}: com/sun/swing/internal/plaf/metal/resources/spi/metalProvider> (0x00000007111b19e0) 
thrown [s\open\src\hotspot\share\classfile\systemDictionary.cpp, line 256]
Event: 0.132 Thread 0x00000218c088e8b0 Exception <a 'java/lang/NoSuchMethodError'{0x00000007110bf368}: 'java.lang.Object java.lang.invoke.DirectMethodHandle$Holder.invokeStaticInit(java.lang.Object, java.lang.Object, int, int, int, int)'> (0x00000007110bf368) 
thrown [s\open\src\hotspot\share\interpreter\linkResolver.cpp, line 759]
Event: 0.132 Thread 0x00000218e3f86ce0 Exception <a 'java/lang/ClassNotFoundException'{0x00000007111b5868}: com/sun/swing/internal/plaf/basic/resources/spi/basicProvider> (0x00000007111b5868) 
thrown [s\open\src\hotspot\share\classfile\systemDictionary.cpp, line 256]
Event: 0.242 Thread 0x00000218e3f86ce0 Exception <a 'java/lang/NoSuchMethodError'{0x000000071150db50}: 'void java.lang.invoke.DirectMethodHandle$Holder.invokeStaticInit(java.lang.Object)'> (0x000000071150db50) 
thrown [s\open\src\hotspot\share\interpreter\linkResolver.cpp, line 759]
Event: 0.258 Thread 0x00000218e3f7bf40 Exception <a 'java/lang/NoSuchMethodError'{0x000000071149bd80}: 'void java.lang.invoke.DirectMethodHandle$Holder.invokeVirtual(java.lang.Object, java.lang.Object)'> (0x000000071149bd80) 
thrown [s\open\src\hotspot\share\interpreter\linkResolver.cpp, line 759]

VM Operations (13 events):
Event: 0.030 Executing VM operation: HandshakeAllThreads
Event: 0.030 Executing VM operation: HandshakeAllThreads done
Event: 0.050 Executing VM operation: HandshakeAllThreads
Event: 0.050 Executing VM operation: HandshakeAllThreads done
Event: 0.081 Executing VM operation: HandshakeAllThreads
Event: 0.081 Executing VM operation: HandshakeAllThreads done
Event: 0.231 Executing VM operation: G1CollectForAllocation
Event: 0.233 Executing VM operation: G1CollectForAllocation done
Event: 0.253 Executing VM operation: HandshakeAllThreads
Event: 0.253 Executing VM operation: HandshakeAllThreads done
Event: 0.278 Executing VM operation: HandshakeAllThreads
Event: 0.278 Executing VM operation: HandshakeAllThreads done
Event: 0.375 Executing VM operation: G1CollectForAllocation

Events (20 events):
Event: 0.283 loading class sun/awt/im/CompositionAreaHandler
Event: 0.283 loading class sun/awt/im/CompositionAreaHandler done
Event: 0.283 loading class java/text/AttributedString
Event: 0.284 loading class java/text/AttributedString done
Event: 0.284 loading class java/text/AttributedString$AttributedStringIterator
Event: 0.284 loading class java/text/AttributedCharacterIterator
Event: 0.284 loading class java/text/CharacterIterator
Event: 0.284 loading class java/text/CharacterIterator done
Event: 0.284 loading class java/text/AttributedCharacterIterator done
Event: 0.284 loading class java/text/AttributedString$AttributedStringIterator done
Event: 0.284 loading class java/awt/TextComponent
Event: 0.284 loading class java/awt/TextComponent done
Event: 0.284 loading class javax/swing/text/JTextComponent
Event: 0.284 loading class javax/swing/Scrollable
Event: 0.284 loading class javax/swing/Scrollable done
Event: 0.284 loading class javax/swing/text/JTextComponent done
Event: 0.285 loading class java/util/concurrent/locks/AbstractQueuedSynchronizer$ConditionNode
Event: 0.285 loading class java/util/concurrent/ForkJoinPool$ManagedBlocker
Event: 0.285 loading class java/util/concurrent/ForkJoinPool$ManagedBlocker done
Event: 0.285 loading class java/util/concurrent/locks/AbstractQueuedSynchronizer$ConditionNode done


Dynamic libraries:
0x00007ff71ea40000 - 0x00007ff71ea50000 	C:\Program Files\Java\jdk-17\bin\java.exe
0x00007ffe8caf0000 - 0x00007ffe8cce8000 	C:\WINDOWS\SYSTEM32\ntdll.dll
0x00007ffe8ac70000 - 0x00007ffe8ad2f000 	C:\WINDOWS\System32\KERNEL32.DLL
0x00007ffe8a510000 - 0x00007ffe8a806000 	C:\WINDOWS\System32\KERNELBASE.dll
0x00007ffe8aa50000 - 0x00007ffe8ab50000 	C:\WINDOWS\System32\ucrtbase.dll
0x00007ffe85f40000 - 0x00007ffe85f58000 	C:\Program Files\Java\jdk-17\bin\jli.dll
0x00007ffe84670000 - 0x00007ffe8468b000 	C:\Program Files\Java\jdk-17\bin\VCRUNTIME140.dll
0x00007ffe8b8a0000 - 0x00007ffe8b94f000 	C:\WINDOWS\System32\ADVAPI32.dll
0x00007ffe8ca10000 - 0x00007ffe8caae000 	C:\WINDOWS\System32\msvcrt.dll
0x00007ffe8bcb0000 - 0x00007ffe8bd4c000 	C:\WINDOWS\System32\sechost.dll
0x00007ffe8c8e0000 - 0x00007ffe8ca06000 	C:\WINDOWS\System32\RPCRT4.dll
0x00007ffe8add0000 - 0x00007ffe8af6d000 	C:\WINDOWS\System32\USER32.dll
0x00007ffe7c670000 - 0x00007ffe7c90a000 	C:\WINDOWS\WinSxS\amd64_microsoft.windows.common-controls_6595b64144ccf1df_6.0.19041.1110_none_60b5254171f9507e\COMCTL32.dll
0x00007ffe8a410000 - 0x00007ffe8a432000 	C:\WINDOWS\System32\win32u.dll
0x00007ffe8bc70000 - 0x00007ffe8bc9c000 	C:\WINDOWS\System32\GDI32.dll
0x00007ffe8a1d0000 - 0x00007ffe8a2e5000 	C:\WINDOWS\System32\gdi32full.dll
0x00007ffe8a470000 - 0x00007ffe8a50d000 	C:\WINDOWS\System32\msvcp_win.dll
0x00007ffe83b60000 - 0x00007ffe83b6a000 	C:\WINDOWS\SYSTEM32\VERSION.dll
0x00007ffe8abb0000 - 0x00007ffe8abe0000 	C:\WINDOWS\System32\IMM32.DLL
0x00007ffe86ad0000 - 0x00007ffe86adc000 	C:\Program Files\Java\jdk-17\bin\vcruntime140_1.dll
0x00007ffe7eb40000 - 0x00007ffe7ebce000 	C:\Program Files\Java\jdk-17\bin\msvcp140.dll
0x00007ffe33870000 - 0x00007ffe34447000 	C:\Program Files\Java\jdk-17\bin\server\jvm.dll
0x00007ffe8adc0000 - 0x00007ffe8adc8000 	C:\WINDOWS\System32\PSAPI.DLL
0x00007ffe7c560000 - 0x00007ffe7c569000 	C:\WINDOWS\SYSTEM32\WSOCK32.dll
0x00007ffe8ba10000 - 0x00007ffe8ba7b000 	C:\WINDOWS\System32\WS2_32.dll
0x00007ffe7fa70000 - 0x00007ffe7fa97000 	C:\WINDOWS\SYSTEM32\WINMM.dll
0x00007ffe88a60000 - 0x00007ffe88a72000 	C:\WINDOWS\SYSTEM32\kernel.appcore.dll
0x00007ffe85f10000 - 0x00007ffe85f1a000 	C:\Program Files\Java\jdk-17\bin\jimage.dll
0x00007ffe87ca0000 - 0x00007ffe87e84000 	C:\WINDOWS\SYSTEM32\DBGHELP.DLL
0x00007ffe7f810000 - 0x00007ffe7f844000 	C:\WINDOWS\SYSTEM32\dbgcore.DLL
0x00007ffe8a860000 - 0x00007ffe8a8e2000 	C:\WINDOWS\System32\bcryptPrimitives.dll
0x00007ffe80750000 - 0x00007ffe8075e000 	C:\Program Files\Java\jdk-17\bin\instrument.dll
0x00007ffe80720000 - 0x00007ffe80745000 	C:\Program Files\Java\jdk-17\bin\java.dll
0x00007ffe7dc70000 - 0x00007ffe7dd47000 	C:\Program Files\Java\jdk-17\bin\jsvml.dll
0x00007ffe8af70000 - 0x00007ffe8b6b4000 	C:\WINDOWS\System32\SHELL32.dll
0x00007ffe88280000 - 0x00007ffe88a14000 	C:\WINDOWS\SYSTEM32\windows.storage.dll
0x00007ffe8c500000 - 0x00007ffe8c854000 	C:\WINDOWS\System32\combase.dll
0x00007ffe89c10000 - 0x00007ffe89c3e000 	C:\WINDOWS\SYSTEM32\Wldp.dll
0x00007ffe8c2a0000 - 0x00007ffe8c34d000 	C:\WINDOWS\System32\SHCORE.dll
0x00007ffe8c860000 - 0x00007ffe8c8b5000 	C:\WINDOWS\System32\shlwapi.dll
0x00007ffe8a100000 - 0x00007ffe8a125000 	C:\WINDOWS\SYSTEM32\profapi.dll
0x00007ffe802c0000 - 0x00007ffe802d8000 	C:\Program Files\Java\jdk-17\bin\zip.dll
0x00007ffe80700000 - 0x00007ffe80719000 	C:\Program Files\Java\jdk-17\bin\net.dll
0x00007ffe82cc0000 - 0x00007ffe82dca000 	C:\WINDOWS\SYSTEM32\WINHTTP.dll
0x00007ffe89970000 - 0x00007ffe899da000 	C:\WINDOWS\system32\mswsock.dll
0x00007ffe801f0000 - 0x00007ffe80206000 	C:\Program Files\Java\jdk-17\bin\nio.dll
0x00007ffe7f270000 - 0x00007ffe7f28a000 	C:\Program Files\JetBrains\IntelliJ IDEA 2022.3\bin\breakgen64.dll
0x00007ffe58190000 - 0x00007ffe58321000 	C:\Program Files\Java\jdk-17\bin\awt.dll
0x00007ffe8ba80000 - 0x00007ffe8bb4d000 	C:\WINDOWS\System32\OLEAUT32.dll
0x00007ffe86be0000 - 0x00007ffe86c71000 	C:\WINDOWS\SYSTEM32\apphelp.dll
0x00007ffe86cf0000 - 0x00007ffe86d8e000 	C:\WINDOWS\system32\uxtheme.dll
0x00007ffe8bb50000 - 0x00007ffe8bc64000 	C:\WINDOWS\System32\MSCTF.dll
0x00007ffe8b6c0000 - 0x00007ffe8b7ea000 	C:\WINDOWS\System32\ole32.dll
0x00007ffe89b70000 - 0x00007ffe89b88000 	C:\WINDOWS\SYSTEM32\CRYPTSP.dll
0x00007ffe89220000 - 0x00007ffe89254000 	C:\WINDOWS\system32\rsaenh.dll
0x00007ffe8a440000 - 0x00007ffe8a467000 	C:\WINDOWS\System32\bcrypt.dll
0x00007ffe8a0c0000 - 0x00007ffe8a0ee000 	C:\WINDOWS\SYSTEM32\USERENV.dll
0x00007ffe89b60000 - 0x00007ffe89b6c000 	C:\WINDOWS\SYSTEM32\CRYPTBASE.dll
0x00007ffe89610000 - 0x00007ffe8964c000 	C:\WINDOWS\SYSTEM32\IPHLPAPI.DLL
0x00007ffe8bca0000 - 0x00007ffe8bca8000 	C:\WINDOWS\System32\NSI.dll
0x00007ffe83a40000 - 0x00007ffe83a57000 	C:\WINDOWS\SYSTEM32\dhcpcsvc6.DLL
0x00007ffe83aa0000 - 0x00007ffe83abd000 	C:\WINDOWS\SYSTEM32\dhcpcsvc.DLL
0x00007ffe89660000 - 0x00007ffe8972a000 	C:\WINDOWS\SYSTEM32\DNSAPI.dll
0x00007ffe86fb0000 - 0x00007ffe86fdf000 	C:\WINDOWS\system32\DWMAPI.DLL
0x00007ffe38a70000 - 0x00007ffe38b95000 	C:\WINDOWS\system32\opengl32.dll
0x00007ffe64420000 - 0x00007ffe6444c000 	C:\WINDOWS\SYSTEM32\GLU32.dll
0x00007ffe69b50000 - 0x00007ffe69d1d000 	C:\WINDOWS\system32\d3d9.dll
0x00007ffe81130000 - 0x00007ffe811ec000 	C:\WINDOWS\System32\DriverStore\FileRepository\nv_dispi.inf_amd64_3c2bd4a1ec6d228e\nvldumdx.dll
0x00007ffe89da0000 - 0x00007ffe89db2000 	C:\WINDOWS\SYSTEM32\msasn1.dll
0x00007ffe83a60000 - 0x00007ffe83a91000 	C:\WINDOWS\SYSTEM32\cryptnet.dll
0x00007ffe8a8f0000 - 0x00007ffe8aa4e000 	C:\WINDOWS\System32\CRYPT32.dll
0x00007ffe83710000 - 0x00007ffe83858000 	C:\WINDOWS\SYSTEM32\drvstore.dll
0x00007ffe89f60000 - 0x00007ffe89f93000 	C:\WINDOWS\SYSTEM32\devobj.dll
0x00007ffe8a810000 - 0x00007ffe8a85e000 	C:\WINDOWS\System32\cfgmgr32.dll
0x00007ffe8a3a0000 - 0x00007ffe8a407000 	C:\WINDOWS\System32\wintrust.dll
0x00007ffe8c8c0000 - 0x00007ffe8c8dd000 	C:\WINDOWS\System32\imagehlp.dll
0x00007ffe45510000 - 0x00007ffe48699000 	C:\WINDOWS\System32\DriverStore\FileRepository\nv_dispi.inf_amd64_3c2bd4a1ec6d228e\nvd3dumx.dll
0x00007ffe51470000 - 0x00007ffe51741000 	C:\WINDOWS\system32\nvspcap64.dll
0x00007ffe89340000 - 0x00007ffe89373000 	C:\WINDOWS\SYSTEM32\ntmarta.dll
0x00007ffe88a30000 - 0x00007ffe88a53000 	C:\WINDOWS\SYSTEM32\gpapi.dll
0x00007ffe81510000 - 0x00007ffe8154b000 	C:\WINDOWS\SYSTEM32\dxcore.dll
0x00007ffe7eab0000 - 0x00007ffe7eb36000 	C:\Program Files\Java\jdk-17\bin\freetype.dll
0x00007ffe5e6e0000 - 0x00007ffe5e7a5000 	C:\Program Files\Java\jdk-17\bin\fontmanager.dll
0x00007ffe7f150000 - 0x00007ffe7f249000 	C:\WINDOWS\SYSTEM32\textinputframework.dll
0x00007ffe86570000 - 0x00007ffe868ce000 	C:\WINDOWS\System32\CoreUIComponents.dll
0x00007ffe85d50000 - 0x00007ffe85ea4000 	C:\WINDOWS\SYSTEM32\wintypes.dll
0x00007ffe868d0000 - 0x00007ffe869c2000 	C:\WINDOWS\System32\CoreMessaging.dll
0x00007ffe80760000 - 0x00007ffe807c6000 	C:\WINDOWS\system32\Oleacc.dll

dbghelp: loaded successfully - version: 4.0.5 - missing functions: none
symbol engine: initialized successfully - sym options: 0x614 - pdb path: .;C:\Program Files\Java\jdk-17\bin;C:\WINDOWS\SYSTEM32;C:\WINDOWS\WinSxS\amd64_microsoft.windows.common-controls_6595b64144ccf1df_6.0.19041.1110_none_60b5254171f9507e;C:\Program Files\Java\jdk-17\bin\server;C:\Program Files\JetBrains\IntelliJ IDEA 2022.3\bin;C:\WINDOWS\System32\DriverStore\FileRepository\nv_dispi.inf_amd64_3c2bd4a1ec6d228e

VM Arguments:
jvm_args: -javaagent:C:\Program Files\JetBrains\IntelliJ IDEA 2022.3\lib\idea_rt.jar=61131:C:\Program Files\JetBrains\IntelliJ IDEA 2022.3\bin -Dfile.encoding=UTF-8 
java_command: main.Main
java_class_path (initial): C:\Users\kevin\IdeaProjects\Chess\out\production\Chess
Launcher Type: SUN_STANDARD

[Global flags]
     intx CICompilerCount                          = 3                                         {product} {ergonomic}
     uint ConcGCThreads                            = 2                                         {product} {ergonomic}
     uint G1ConcRefinementThreads                  = 6                                         {product} {ergonomic}
   size_t G1HeapRegionSize                         = 2097152                                   {product} {ergonomic}
    uintx GCDrainStackTargetSize                   = 64                                        {product} {ergonomic}
   size_t InitialHeapSize                          = 268435456                                 {product} {ergonomic}
   size_t MarkStackSize                            = 4194304                                   {product} {ergonomic}
   size_t MaxHeapSize                              = 4271898624                                {product} {ergonomic}
   size_t MaxNewSize                               = 2562719744                                {product} {ergonomic}
   size_t MinHeapDeltaBytes                        = 2097152                                   {product} {ergonomic}
   size_t MinHeapSize                              = 8388608                                   {product} {ergonomic}
    uintx NonNMethodCodeHeapSize                   = 5832780                                {pd product} {ergonomic}
    uintx NonProfiledCodeHeapSize                  = 122912730                              {pd product} {ergonomic}
    uintx ProfiledCodeHeapSize                     = 122912730                              {pd product} {ergonomic}
    uintx ReservedCodeCacheSize                    = 251658240                              {pd product} {ergonomic}
     bool SegmentedCodeCache                       = true                                      {product} {ergonomic}
   size_t SoftMaxHeapSize                          = 4271898624                             {manageable} {ergonomic}
     bool UseCompressedClassPointers               = true                           {product lp64_product} {ergonomic}
     bool UseCompressedOops                        = true                           {product lp64_product} {ergonomic}
     bool UseG1GC                                  = true                                      {product} {ergonomic}
     bool UseLargePagesIndividualAllocation        = false                                  {pd product} {ergonomic}

Logging:
Log output configuration:
 #0: stdout all=warning uptime,level,tags
 #1: stderr all=off uptime,level,tags

Environment Variables:
JAVA_HOME=C:\Program Files\Java\jdk-17
PATH=C:\Program Files\Common Files\Oracle\Java\javapath;C:\Program Files\Microsoft MPI\Bin\;C:\WINDOWS\system32;C:\WINDOWS;C:\WINDOWS\System32\Wbem;C:\WINDOWS\System32\WindowsPowerShell\v1.0\;C:\WINDOWS\System32\OpenSSH\;C:\Program Files\NVIDIA Corporation\NVIDIA NvDLISR;C:\Program Files (x86)\NVIDIA Corporation\PhysX\Common;C:\Program Files\dotnet\;C:\Program Files\Git\cmd;C:\Program Files (x86)\Microsoft SQL Server\160\Tools\Binn\;C:\Program Files\Microsoft SQL Server\160\Tools\Binn\;C:\Program Files\Microsoft SQL Server\Client SDK\ODBC\170\Tools\Binn\;C:\Program Files\Microsoft SQL Server\160\DTS\Binn\;C:\Program Files (x86)\Microsoft SQL Server\160\DTS\Binn\;C:\Program Files\Azure Data Studio\bin;C:\Program Files\nodejs\;C:\Program Files\Java\jdk-17;C:\Users\kevin\.console-ninja\.bin;C:\Users\kevin\AppData\Local\Microsoft\WindowsApps;;C:\Users\kevin\AppData\Local\Programs\Microsoft VS Code\bin;C:\Program Files\Azure Data Studio\bin;C:\Users\kevin\AppData\Roaming\npm
USERNAME=kevin
OS=Windows_NT
PROCESSOR_IDENTIFIER=Intel64 Family 6 Model 158 Stepping 13, GenuineIntel



---------------  S Y S T E M  ---------------

OS:
 Windows 10 , 64 bit Build 19041 (10.0.19041.3155)
OS uptime: 1 days 18:33 hours

CPU: total 6 (initial active 6) (6 cores per cpu, 1 threads per core) family 6 model 158 stepping 13 microcode 0xd6, cx8, cmov, fxsr, mmx, 3dnowpref, sse, sse2, sse3, ssse3, sse4.1, sse4.2, popcnt, lzcnt, tsc, tscinvbit, avx, avx2, aes, erms, clmul, bmi1, bmi2, adx, fma, vzeroupper, clflush, clflushopt

Memory: 4k page, system-wide physical 16290M (8874M free)
TotalPageFile size 31650M (AvailPageFile size 19400M)
current process WorkingSet (physical memory assigned to process): 144M, peak: 144M
current process commit charge ("private bytes"): 384M, peak: 384M

vm_info: Java HotSpot(TM) 64-Bit Server VM (17.0.6+9-LTS-190) for windows-amd64 JRE (17.0.6+9-LTS-190), built on Dec  6 2022 15:53:54 by "mach5one" with MS VC++ 17.1 (VS2022)

END.
