#
# A fatal error has been detected by the Java Runtime Environment:
#
#  EXCEPTION_ACCESS_VIOLATION (0xc0000005) at pc=0x00007ffe54185373, pid=14460, tid=12764
#
# JRE version: Java(TM) SE Runtime Environment (17.0.6+9) (build 17.0.6+9-LTS-190)
# Java VM: Java HotSpot(TM) 64-Bit Server VM (17.0.6+9-LTS-190, mixed mode, sharing, tiered, compressed oops, compressed class ptrs, g1 gc, windows-amd64)
# Problematic frame:
# V  [jvm.dll+0x2e5373]
#
# No core dump will be written. Minidumps are not enabled by default on client versions of Windows
#
# If you would like to submit a bug report, please visit:
#   https://bugreport.java.com/bugreport/crash.jsp
#

---------------  S U M M A R Y ------------

Command Line: -javaagent:C:\Program Files\JetBrains\IntelliJ IDEA 2022.3\lib\idea_rt.jar=61615:C:\Program Files\JetBrains\IntelliJ IDEA 2022.3\bin -Dfile.encoding=UTF-8 main.Main

Host: Intel(R) Core(TM) i5-9600K CPU @ 3.70GHz, 6 cores, 15G,  Windows 10 , 64 bit Build 19041 (10.0.19041.3155)
Time: Mon Aug  7 11:34:41 2023 Västeuropa, sommartid elapsed time: 1.758244 seconds (0d 0h 0m 1s)

---------------  T H R E A D  ---------------

Current thread (0x000001eeb0417930):  GCTaskThread "GC Thread#0" [stack: 0x000000de42900000,0x000000de42a00000] [id=12764]

Stack: [0x000000de42900000,0x000000de42a00000],  sp=0x000000de429ffa68,  free space=1022k
Native frames: (J=compiled Java code, j=interpreted, Vv=VM code, C=native code)
V  [jvm.dll+0x2e5373]
V  [jvm.dll+0x3028ab]
V  [jvm.dll+0x2d6690]
V  [jvm.dll+0x2d6c5a]
V  [jvm.dll+0x2d6d57]
V  [jvm.dll+0x2dc1db]
V  [jvm.dll+0x7ff32b]
V  [jvm.dll+0x7ff376]
V  [jvm.dll+0x781a7a]
V  [jvm.dll+0x672375]
C  [ucrtbase.dll+0x21bb2]
C  [KERNEL32.DLL+0x17614]
C  [ntdll.dll+0x526b1]


siginfo: EXCEPTION_ACCESS_VIOLATION (0xc0000005), data execution prevention violation at address 0x00007ffe81335033


Register to memory mapping:

RIP=0x00007ffe54185373 jvm.dll
RAX=0x0000000000001600 is an unknown value
RBX=0x0 is NULL
RCX=0x000001eeb03c7510 points into unknown readable memory: 0x0000000000000000 | 00 00 00 00 00 00 00 00
RDX=0x0000000000000003 is an unknown value
RSP=0x000000de429ffa68 points into unknown readable memory: 0x0000000000000000 | 00 00 00 00 00 00 00 00
RBP=0x0000000000000002 is an unknown value
RSI=0x000001eeb03c6ca0 points into unknown readable memory: 0x0000000000000000 | 00 00 00 00 00 00 00 00
RDI=0x0000000000000018 is an unknown value
R8 =0x0 is NULL
R9 =0x0000000000000004 is an unknown value
R10=0x0 is NULL
R11=0x000001eeb03bd5a0 points into unknown readable memory: 0x00007ffe547904d8 | d8 04 79 54 fe 7f 00 00
R12=0x0 is NULL
R13=0x000001eedc477f70 points into unknown readable memory: 0x00007ffe54796c58 | 58 6c 79 54 fe 7f 00 00
R14=0x0000000000000020 is an unknown value
R15=0x000000de429ffac0 points into unknown readable memory: 0x0000000707a3a541 | 41 a5 a3 07 07 00 00 00


Registers:
RAX=0x0000000000001600, RBX=0x0000000000000000, RCX=0x000001eeb03c7510, RDX=0x0000000000000003
RSP=0x000000de429ffa68, RBP=0x0000000000000002, RSI=0x000001eeb03c6ca0, RDI=0x0000000000000018
R8 =0x0000000000000000, R9 =0x0000000000000004, R10=0x0000000000000000, R11=0x000001eeb03bd5a0
R12=0x0000000000000000, R13=0x000001eedc477f70, R14=0x0000000000000020, R15=0x000000de429ffac0
RIP=0x00007ffe54185373, EFLAGS=0x0000000000010246

Top of Stack: (sp=0x000000de429ffa68)
0x000000de429ffa68:   0000000000000000 000001eedc477f70
0x000000de429ffa78:   0000000000000004 000000de429ffb90
0x000000de429ffa88:   00007ffe541a28ab 000008020000099d
0x000000de429ffa98:   000001eedc477f70 000001eeb03bd5a0
0x000000de429ffaa8:   0000000707a3a538 000000de429ffb20
0x000000de429ffab8:   00007ffe54176690 0000000707a3a541
0x000000de429ffac8:   0000000000000000 000000de429ffb90
0x000000de429ffad8:   0000000000000000 000000de42efed70
0x000000de429ffae8:   00007ffe5450cb8f 0000000000000000
0x000000de429ffaf8:   0000000000000000 0000000000000000
0x000000de429ffb08:   0000000000000000 0000000000000000
0x000000de429ffb18:   00007ffe5462ff37 000001eeb03be260
0x000000de429ffb28:   000001eed576efa0 00000000000003d8
0x000000de429ffb38:   000001eeb03be638 0000000000000000
0x000000de429ffb48:   00007ffe54176c5a 000001eedc477f70
0x000000de429ffb58:   0000000000000013 000000de42efed70 

Instructions: (pc=0x00007ffe54185373)
0x00007ffe54185273:   c5 00 00 00 00 49 8b 43 10 49 8b 0c 06 8b 81 00
0x00007ffe54185283:   01 00 00 44 8b 91 80 00 00 00 44 2b d0 8b c2 41
0x00007ffe54185293:   81 e2 ff ff 01 00 41 81 fa ff ff 01 00 45 0f 44
0x00007ffe541852a3:   d4 48 8d 3c c5 00 00 00 00 49 8b 43 10 48 8b 0c
0x00007ffe541852b3:   07 8b 81 00 01 00 00 44 8b 81 80 00 00 00 44 2b
0x00007ffe541852c3:   c0 32 c0 41 81 e0 ff ff 01 00 41 81 f8 ff ff 01
0x00007ffe541852d3:   00 45 0f 44 c4 45 3b c2 76 0a 49 8b 43 10 48 8b
0x00007ffe541852e3:   3c 07 eb 14 45 85 d2 0f 84 83 00 00 00 49 8b 43
0x00007ffe541852f3:   10 41 8b d1 49 8b 3c 06 48 8b 87 00 01 00 00 90
0x00007ffe54185303:   8b 8f 80 00 00 00 2b c8 81 e1 ff ff 01 00 81 f9
0x00007ffe54185313:   ff ff 01 00 41 0f 44 cc 85 c9 75 12 ba ff ff ff
0x00007ffe54185323:   ff 32 c0 89 96 00 02 00 00 e9 c4 00 00 00 48 8b
0x00007ffe54185333:   8f 80 01 00 00 4c 8b c8 44 8b c0 4e 8b 04 c1 8d
0x00007ffe54185343:   48 01 81 e1 ff ff 01 00 4d 89 07 45 8b c4 41 0f
0x00007ffe54185353:   94 c0 49 c1 e9 20 45 03 c8 49 c1 e1 20 4c 0b c9
0x00007ffe54185363:   f0 4c 0f b1 8f 00 01 00 00 0f 94 c0 84 c0 75 05
0x00007ffe54185373:   ba ff ff ff ff 89 96 00 02 00 00 eb 75 75 77 49
0x00007ffe54185383:   8b 43 10 8d 4b ff 83 e1 01 4c 8b 14 c8 49 8b 82
0x00007ffe54185393:   00 01 00 00 90 41 8b 8a 80 00 00 00 2b c8 81 e1
0x00007ffe541853a3:   ff ff 01 00 81 f9 ff ff 01 00 41 0f 44 cc 85 c9
0x00007ffe541853b3:   75 04 32 c0 eb 3c 49 8b 8a 80 01 00 00 4c 8b c0
0x00007ffe541853c3:   8b d0 48 8b 14 d1 8d 48 01 81 e1 ff ff 01 00 49
0x00007ffe541853d3:   89 17 41 8b d4 0f 94 c2 49 c1 e8 20 44 03 c2 49
0x00007ffe541853e3:   c1 e0 20 4c 0b c1 f0 4d 0f b1 82 00 01 00 00 0f
0x00007ffe541853f3:   94 c0 84 c0 75 2a 41 8b 4b 08 ff c5 8d 04 09 3b
0x00007ffe54185403:   e8 0f 82 a8 fd ff ff 32 c0 48 8b 5c 24 30 48 8b
0x00007ffe54185413:   6c 24 38 48 8b 74 24 40 41 5f 41 5e 41 5c 5f c3
0x00007ffe54185423:   b0 01 eb e5 cc cc cc cc cc cc cc cc cc 48 8b 91
0x00007ffe54185433:   90 00 00 00 48 8b 81 98 00 00 00 48 89 81 90 00
0x00007ffe54185443:   00 00 48 89 91 98 00 00 00 c3 cc cc cc 48 8b 89
0x00007ffe54185453:   a0 06 00 00 e9 d4 a1 51 00 cc cc cc cc 48 89 54
0x00007ffe54185463:   24 10 4c 89 44 24 18 4c 89 4c 24 20 53 48 83 ec 


Stack slot to memory mapping:
stack at sp + 0 slots: 0x0 is NULL
stack at sp + 1 slots: 0x000001eedc477f70 points into unknown readable memory: 0x00007ffe54796c58 | 58 6c 79 54 fe 7f 00 00
stack at sp + 2 slots: 0x0000000000000004 is an unknown value
stack at sp + 3 slots: 0x000000de429ffb90 points into unknown readable memory: 0x00007ffe547904a0 | a0 04 79 54 fe 7f 00 00
stack at sp + 4 slots: 0x00007ffe541a28ab jvm.dll
stack at sp + 5 slots: 0x000008020000099d is an unknown value
stack at sp + 6 slots: 0x000001eedc477f70 points into unknown readable memory: 0x00007ffe54796c58 | 58 6c 79 54 fe 7f 00 00
stack at sp + 7 slots: 0x000001eeb03bd5a0 points into unknown readable memory: 0x00007ffe547904d8 | d8 04 79 54 fe 7f 00 00


---------------  P R O C E S S  ---------------

Threads class SMR info:
_java_thread_list=0x000001eedc152890, length=18, elements={
0x000001eeb03adac0, 0x000001eed2cd8450, 0x000001eed2cd9a60, 0x000001eed2cecb10,
0x000001eed2ced5d0, 0x000001eed2cf2870, 0x000001eed2cf39c0, 0x000001eed2cf64d0,
0x000001eed2cf7dc0, 0x000001eed3810060, 0x000001eed38b75f0, 0x000001eed3a321c0,
0x000001eed3a32690, 0x000001eed3b94020, 0x000001eed3b947c0, 0x000001eed3b95720,
0x000001eed50db630, 0x000001eed5655830
}

Java Threads: ( => current thread )
  0x000001eeb03adac0 JavaThread "main" [_thread_blocked, id=8964, stack(0x000000de42800000,0x000000de42900000)]
  0x000001eed2cd8450 JavaThread "Reference Handler" daemon [_thread_blocked, id=3684, stack(0x000000de42f00000,0x000000de43000000)]
  0x000001eed2cd9a60 JavaThread "Finalizer" daemon [_thread_blocked, id=6464, stack(0x000000de43000000,0x000000de43100000)]
  0x000001eed2cecb10 JavaThread "Signal Dispatcher" daemon [_thread_blocked, id=7868, stack(0x000000de43100000,0x000000de43200000)]
  0x000001eed2ced5d0 JavaThread "Attach Listener" daemon [_thread_blocked, id=11948, stack(0x000000de43200000,0x000000de43300000)]
  0x000001eed2cf2870 JavaThread "Service Thread" daemon [_thread_blocked, id=12216, stack(0x000000de43300000,0x000000de43400000)]
  0x000001eed2cf39c0 JavaThread "Monitor Deflation Thread" daemon [_thread_blocked, id=1256, stack(0x000000de43400000,0x000000de43500000)]
  0x000001eed2cf64d0 JavaThread "C2 CompilerThread0" daemon [_thread_blocked, id=11168, stack(0x000000de43500000,0x000000de43600000)]
  0x000001eed2cf7dc0 JavaThread "C1 CompilerThread0" daemon [_thread_blocked, id=6832, stack(0x000000de43600000,0x000000de43700000)]
  0x000001eed3810060 JavaThread "Sweeper thread" daemon [_thread_blocked, id=11008, stack(0x000000de43700000,0x000000de43800000)]
  0x000001eed38b75f0 JavaThread "Common-Cleaner" daemon [_thread_blocked, id=8804, stack(0x000000de43800000,0x000000de43900000)]
  0x000001eed3a321c0 JavaThread "Monitor Ctrl-Break" daemon [_thread_in_native, id=17388, stack(0x000000de43900000,0x000000de43a00000)]
  0x000001eed3a32690 JavaThread "Notification Thread" daemon [_thread_blocked, id=14032, stack(0x000000de43a00000,0x000000de43b00000)]
  0x000001eed3b94020 JavaThread "Java2D Disposer" daemon [_thread_blocked, id=5256, stack(0x000000de43c00000,0x000000de43d00000)]
  0x000001eed3b947c0 JavaThread "AWT-Shutdown" [_thread_blocked, id=13308, stack(0x000000de43d00000,0x000000de43e00000)]
  0x000001eed3b95720 JavaThread "AWT-Windows" daemon [_thread_blocked, id=13580, stack(0x000000de43e00000,0x000000de43f00000)]
  0x000001eed50db630 JavaThread "AWT-EventQueue-0" [_thread_blocked, id=4508, stack(0x000000de44100000,0x000000de44200000)]
  0x000001eed5655830 JavaThread "D3D Screen Updater" daemon [_thread_blocked, id=12652, stack(0x000000de44200000,0x000000de44300000)]

Other Threads:
  0x000001eed2cd3cc0 VMThread "VM Thread" [stack: 0x000000de42e00000,0x000000de42f00000] [id=3688]
  0x000001eeb0431bc0 WatcherThread [stack: 0x000000de43b00000,0x000000de43c00000] [id=2592]
=>0x000001eeb0417930 GCTaskThread "GC Thread#0" [stack: 0x000000de42900000,0x000000de42a00000] [id=12764]
  0x000001eed565ba80 GCTaskThread "GC Thread#1" [stack: 0x000000de44400000,0x000000de44500000] [id=14644]
  0x000001eedc040820 GCTaskThread "GC Thread#2" [stack: 0x000000de44500000,0x000000de44600000] [id=7568]
  0x000001eedc040ad0 GCTaskThread "GC Thread#3" [stack: 0x000000de44600000,0x000000de44700000] [id=3568]
  0x000001eedc040d80 GCTaskThread "GC Thread#4" [stack: 0x000000de44700000,0x000000de44800000] [id=4624]
  0x000001eed5653d50 GCTaskThread "GC Thread#5" [stack: 0x000000de44800000,0x000000de44900000] [id=5952]
  0x000001eeb0428700 ConcurrentGCThread "G1 Main Marker" [stack: 0x000000de42a00000,0x000000de42b00000] [id=9412]
  0x000001eeb04298b0 ConcurrentGCThread "G1 Conc#0" [stack: 0x000000de42b00000,0x000000de42c00000] [id=10476]
  0x000001eed2b8a500 ConcurrentGCThread "G1 Refine#0" [stack: 0x000000de42c00000,0x000000de42d00000] [id=2376]
  0x000001eed2b8ad30 ConcurrentGCThread "G1 Service" [stack: 0x000000de42d00000,0x000000de42e00000] [id=6440]

Threads with active compile tasks:

VM state: at safepoint (normal execution)

VM Mutex/Monitor currently owned by a thread:  ([mutex/lock_event])
[0x000001eeb03a6db0] Threads_lock - owner thread: 0x000001eed2cd3cc0
[0x000001eeb03a84c0] Heap_lock - owner thread: 0x000001eed50db630

Heap address: 0x0000000701600000, size: 4074 MB, Compressed Oops mode: Zero based, Oop shift amount: 3

CDS archive(s) mapped at: [0x0000000800000000-0x0000000800bd0000-0x0000000800bd0000), size 12386304, SharedBaseAddress: 0x0000000800000000, ArchiveRelocationMode: 0.
Compressed class space mapped at: 0x0000000800c00000-0x0000000840c00000, reserved size: 1073741824
Narrow klass base: 0x0000000800000000, Narrow klass shift: 0, Narrow klass range: 0x100000000

GC Precious Log:
 CPUs: 6 total, 6 available
 Memory: 16290M
 Large Page Support: Disabled
 NUMA Support: Disabled
 Compressed Oops: Enabled (Zero based)
 Heap Region Size: 2M
 Heap Min Capacity: 8M
 Heap Initial Capacity: 256M
 Heap Max Capacity: 4074M
 Pre-touch: Disabled
 Parallel Workers: 6
 Concurrent Workers: 2
 Concurrent Refinement Workers: 6
 Periodic GC: Disabled

Heap:
 garbage-first heap   total 262144K, used 154540K [0x0000000701600000, 0x0000000800000000)
  region size 2048K, 76 young (155648K), 2 survivors (4096K)
 Metaspace       used 7824K, committed 8064K, reserved 1056768K
  class space    used 825K, committed 960K, reserved 1048576K

Heap Regions: E=young(eden), S=young(survivor), O=old, HS=humongous(starts), HC=humongous(continues), CS=collection set, F=free, OA=open archive, CA=closed archive, TAMS=top-at-mark-start (previous, next)
|   0|0x0000000701600000, 0x0000000701600000, 0x0000000701800000|  0%| F|  |TAMS 0x0000000701600000, 0x0000000701600000| Untracked 
|   1|0x0000000701800000, 0x0000000701800000, 0x0000000701a00000|  0%| F|  |TAMS 0x0000000701800000, 0x0000000701800000| Untracked 
|   2|0x0000000701a00000, 0x0000000701a00000, 0x0000000701c00000|  0%| F|  |TAMS 0x0000000701a00000, 0x0000000701a00000| Untracked 
|   3|0x0000000701c00000, 0x0000000701c00000, 0x0000000701e00000|  0%| F|  |TAMS 0x0000000701c00000, 0x0000000701c00000| Untracked 
|   4|0x0000000701e00000, 0x0000000701e00000, 0x0000000702000000|  0%| F|  |TAMS 0x0000000701e00000, 0x0000000701e00000| Untracked 
|   5|0x0000000702000000, 0x0000000702000000, 0x0000000702200000|  0%| F|  |TAMS 0x0000000702000000, 0x0000000702000000| Untracked 
|   6|0x0000000702200000, 0x0000000702200000, 0x0000000702400000|  0%| F|  |TAMS 0x0000000702200000, 0x0000000702200000| Untracked 
|   7|0x0000000702400000, 0x0000000702400000, 0x0000000702600000|  0%| F|  |TAMS 0x0000000702400000, 0x0000000702400000| Untracked 
|   8|0x0000000702600000, 0x0000000702600000, 0x0000000702800000|  0%| F|  |TAMS 0x0000000702600000, 0x0000000702600000| Untracked 
|   9|0x0000000702800000, 0x0000000702800000, 0x0000000702a00000|  0%| F|  |TAMS 0x0000000702800000, 0x0000000702800000| Untracked 
|  10|0x0000000702a00000, 0x0000000702a00000, 0x0000000702c00000|  0%| F|  |TAMS 0x0000000702a00000, 0x0000000702a00000| Untracked 
|  11|0x0000000702c00000, 0x0000000702c00000, 0x0000000702e00000|  0%| F|  |TAMS 0x0000000702c00000, 0x0000000702c00000| Untracked 
|  12|0x0000000702e00000, 0x0000000702e00000, 0x0000000703000000|  0%| F|  |TAMS 0x0000000702e00000, 0x0000000702e00000| Untracked 
|  13|0x0000000703000000, 0x0000000703000000, 0x0000000703200000|  0%| F|  |TAMS 0x0000000703000000, 0x0000000703000000| Untracked 
|  14|0x0000000703200000, 0x0000000703200000, 0x0000000703400000|  0%| F|  |TAMS 0x0000000703200000, 0x0000000703200000| Untracked 
|  15|0x0000000703400000, 0x0000000703400000, 0x0000000703600000|  0%| F|  |TAMS 0x0000000703400000, 0x0000000703400000| Untracked 
|  16|0x0000000703600000, 0x0000000703600000, 0x0000000703800000|  0%| F|  |TAMS 0x0000000703600000, 0x0000000703600000| Untracked 
|  17|0x0000000703800000, 0x0000000703800000, 0x0000000703a00000|  0%| F|  |TAMS 0x0000000703800000, 0x0000000703800000| Untracked 
|  18|0x0000000703a00000, 0x0000000703a00000, 0x0000000703c00000|  0%| F|  |TAMS 0x0000000703a00000, 0x0000000703a00000| Untracked 
|  19|0x0000000703c00000, 0x0000000703c00000, 0x0000000703e00000|  0%| F|  |TAMS 0x0000000703c00000, 0x0000000703c00000| Untracked 
|  20|0x0000000703e00000, 0x0000000703e00000, 0x0000000704000000|  0%| F|  |TAMS 0x0000000703e00000, 0x0000000703e00000| Untracked 
|  21|0x0000000704000000, 0x0000000704000000, 0x0000000704200000|  0%| F|  |TAMS 0x0000000704000000, 0x0000000704000000| Untracked 
|  22|0x0000000704200000, 0x0000000704200000, 0x0000000704400000|  0%| F|  |TAMS 0x0000000704200000, 0x0000000704200000| Untracked 
|  23|0x0000000704400000, 0x0000000704400000, 0x0000000704600000|  0%| F|  |TAMS 0x0000000704400000, 0x0000000704400000| Untracked 
|  24|0x0000000704600000, 0x0000000704600000, 0x0000000704800000|  0%| F|  |TAMS 0x0000000704600000, 0x0000000704600000| Untracked 
|  25|0x0000000704800000, 0x0000000704800000, 0x0000000704a00000|  0%| F|  |TAMS 0x0000000704800000, 0x0000000704800000| Untracked 
|  26|0x0000000704a00000, 0x0000000704a00000, 0x0000000704c00000|  0%| F|  |TAMS 0x0000000704a00000, 0x0000000704a00000| Untracked 
|  27|0x0000000704c00000, 0x0000000704c00000, 0x0000000704e00000|  0%| F|  |TAMS 0x0000000704c00000, 0x0000000704c00000| Untracked 
|  28|0x0000000704e00000, 0x0000000704e00000, 0x0000000705000000|  0%| F|  |TAMS 0x0000000704e00000, 0x0000000704e00000| Untracked 
|  29|0x0000000705000000, 0x0000000705000000, 0x0000000705200000|  0%| F|  |TAMS 0x0000000705000000, 0x0000000705000000| Untracked 
|  30|0x0000000705200000, 0x0000000705200000, 0x0000000705400000|  0%| F|  |TAMS 0x0000000705200000, 0x0000000705200000| Untracked 
|  31|0x0000000705400000, 0x0000000705400000, 0x0000000705600000|  0%| F|  |TAMS 0x0000000705400000, 0x0000000705400000| Untracked 
|  32|0x0000000705600000, 0x0000000705600000, 0x0000000705800000|  0%| F|  |TAMS 0x0000000705600000, 0x0000000705600000| Untracked 
|  33|0x0000000705800000, 0x0000000705800000, 0x0000000705a00000|  0%| F|  |TAMS 0x0000000705800000, 0x0000000705800000| Untracked 
|  34|0x0000000705a00000, 0x0000000705a00000, 0x0000000705c00000|  0%| F|  |TAMS 0x0000000705a00000, 0x0000000705a00000| Untracked 
|  35|0x0000000705c00000, 0x0000000705c00000, 0x0000000705e00000|  0%| F|  |TAMS 0x0000000705c00000, 0x0000000705c00000| Untracked 
|  36|0x0000000705e00000, 0x0000000705e00000, 0x0000000706000000|  0%| F|  |TAMS 0x0000000705e00000, 0x0000000705e00000| Untracked 
|  37|0x0000000706000000, 0x0000000706000000, 0x0000000706200000|  0%| F|  |TAMS 0x0000000706000000, 0x0000000706000000| Untracked 
|  38|0x0000000706200000, 0x0000000706200000, 0x0000000706400000|  0%| F|  |TAMS 0x0000000706200000, 0x0000000706200000| Untracked 
|  39|0x0000000706400000, 0x0000000706400000, 0x0000000706600000|  0%| F|  |TAMS 0x0000000706400000, 0x0000000706400000| Untracked 
|  40|0x0000000706600000, 0x0000000706600000, 0x0000000706800000|  0%| F|  |TAMS 0x0000000706600000, 0x0000000706600000| Untracked 
|  41|0x0000000706800000, 0x0000000706800000, 0x0000000706a00000|  0%| F|  |TAMS 0x0000000706800000, 0x0000000706800000| Untracked 
|  42|0x0000000706a00000, 0x0000000706a00000, 0x0000000706c00000|  0%| F|  |TAMS 0x0000000706a00000, 0x0000000706a00000| Untracked 
|  43|0x0000000706c00000, 0x0000000706c00000, 0x0000000706e00000|  0%| F|  |TAMS 0x0000000706c00000, 0x0000000706c00000| Untracked 
|  44|0x0000000706e00000, 0x0000000706e00000, 0x0000000707000000|  0%| F|  |TAMS 0x0000000706e00000, 0x0000000706e00000| Untracked 
|  45|0x0000000707000000, 0x0000000707000000, 0x0000000707200000|  0%| F|  |TAMS 0x0000000707000000, 0x0000000707000000| Untracked 
|  46|0x0000000707200000, 0x0000000707200000, 0x0000000707400000|  0%| F|  |TAMS 0x0000000707200000, 0x0000000707200000| Untracked 
|  47|0x0000000707400000, 0x0000000707400000, 0x0000000707600000|  0%| F|  |TAMS 0x0000000707400000, 0x0000000707400000| Untracked 
|  48|0x0000000707600000, 0x0000000707600000, 0x0000000707800000|  0%| F|  |TAMS 0x0000000707600000, 0x0000000707600000| Untracked 
|  49|0x0000000707800000, 0x0000000707800000, 0x0000000707a00000|  0%| F|  |TAMS 0x0000000707800000, 0x0000000707800000| Untracked 
|  50|0x0000000707a00000, 0x0000000707af13a0, 0x0000000707c00000| 47%| S|  |TAMS 0x0000000707a00000, 0x0000000707a00000| Complete 
|  51|0x0000000707c00000, 0x0000000707e00000, 0x0000000707e00000|100%| S|  |TAMS 0x0000000707c00000, 0x0000000707c00000| Complete 
|  52|0x0000000707e00000, 0x0000000707eeb360, 0x0000000708000000| 45%| E|CS|TAMS 0x0000000707e00000, 0x0000000707e00000| Complete 
|  53|0x0000000708000000, 0x0000000708200000, 0x0000000708200000|100%| E|CS|TAMS 0x0000000708000000, 0x0000000708000000| Complete 
|  54|0x0000000708200000, 0x0000000708400000, 0x0000000708400000|100%| E|CS|TAMS 0x0000000708200000, 0x0000000708200000| Complete 
|  55|0x0000000708400000, 0x0000000708600000, 0x0000000708600000|100%| E|CS|TAMS 0x0000000708400000, 0x0000000708400000| Complete 
|  56|0x0000000708600000, 0x0000000708800000, 0x0000000708800000|100%| E|CS|TAMS 0x0000000708600000, 0x0000000708600000| Complete 
|  57|0x0000000708800000, 0x0000000708a00000, 0x0000000708a00000|100%| E|CS|TAMS 0x0000000708800000, 0x0000000708800000| Complete 
|  58|0x0000000708a00000, 0x0000000708c00000, 0x0000000708c00000|100%| E|CS|TAMS 0x0000000708a00000, 0x0000000708a00000| Complete 
|  59|0x0000000708c00000, 0x0000000708e00000, 0x0000000708e00000|100%| E|CS|TAMS 0x0000000708c00000, 0x0000000708c00000| Complete 
|  60|0x0000000708e00000, 0x0000000709000000, 0x0000000709000000|100%| E|CS|TAMS 0x0000000708e00000, 0x0000000708e00000| Complete 
|  61|0x0000000709000000, 0x0000000709200000, 0x0000000709200000|100%| E|CS|TAMS 0x0000000709000000, 0x0000000709000000| Complete 
|  62|0x0000000709200000, 0x0000000709400000, 0x0000000709400000|100%| E|CS|TAMS 0x0000000709200000, 0x0000000709200000| Complete 
|  63|0x0000000709400000, 0x0000000709600000, 0x0000000709600000|100%| E|CS|TAMS 0x0000000709400000, 0x0000000709400000| Complete 
|  64|0x0000000709600000, 0x0000000709800000, 0x0000000709800000|100%| E|CS|TAMS 0x0000000709600000, 0x0000000709600000| Complete 
|  65|0x0000000709800000, 0x0000000709a00000, 0x0000000709a00000|100%| E|CS|TAMS 0x0000000709800000, 0x0000000709800000| Complete 
|  66|0x0000000709a00000, 0x0000000709c00000, 0x0000000709c00000|100%| E|CS|TAMS 0x0000000709a00000, 0x0000000709a00000| Complete 
|  67|0x0000000709c00000, 0x0000000709e00000, 0x0000000709e00000|100%| E|CS|TAMS 0x0000000709c00000, 0x0000000709c00000| Complete 
|  68|0x0000000709e00000, 0x000000070a000000, 0x000000070a000000|100%| E|CS|TAMS 0x0000000709e00000, 0x0000000709e00000| Complete 
|  69|0x000000070a000000, 0x000000070a200000, 0x000000070a200000|100%| E|CS|TAMS 0x000000070a000000, 0x000000070a000000| Complete 
|  70|0x000000070a200000, 0x000000070a400000, 0x000000070a400000|100%| E|CS|TAMS 0x000000070a200000, 0x000000070a200000| Complete 
|  71|0x000000070a400000, 0x000000070a600000, 0x000000070a600000|100%| E|CS|TAMS 0x000000070a400000, 0x000000070a400000| Complete 
|  72|0x000000070a600000, 0x000000070a800000, 0x000000070a800000|100%| E|CS|TAMS 0x000000070a600000, 0x000000070a600000| Complete 
|  73|0x000000070a800000, 0x000000070aa00000, 0x000000070aa00000|100%| E|CS|TAMS 0x000000070a800000, 0x000000070a800000| Complete 
|  74|0x000000070aa00000, 0x000000070ac00000, 0x000000070ac00000|100%| E|CS|TAMS 0x000000070aa00000, 0x000000070aa00000| Complete 
|  75|0x000000070ac00000, 0x000000070ae00000, 0x000000070ae00000|100%| E|CS|TAMS 0x000000070ac00000, 0x000000070ac00000| Complete 
|  76|0x000000070ae00000, 0x000000070b000000, 0x000000070b000000|100%| E|CS|TAMS 0x000000070ae00000, 0x000000070ae00000| Complete 
|  77|0x000000070b000000, 0x000000070b200000, 0x000000070b200000|100%| E|CS|TAMS 0x000000070b000000, 0x000000070b000000| Complete 
|  78|0x000000070b200000, 0x000000070b400000, 0x000000070b400000|100%| E|CS|TAMS 0x000000070b200000, 0x000000070b200000| Complete 
|  79|0x000000070b400000, 0x000000070b600000, 0x000000070b600000|100%| E|CS|TAMS 0x000000070b400000, 0x000000070b400000| Complete 
|  80|0x000000070b600000, 0x000000070b800000, 0x000000070b800000|100%| E|CS|TAMS 0x000000070b600000, 0x000000070b600000| Complete 
|  81|0x000000070b800000, 0x000000070ba00000, 0x000000070ba00000|100%| E|CS|TAMS 0x000000070b800000, 0x000000070b800000| Complete 
|  82|0x000000070ba00000, 0x000000070bc00000, 0x000000070bc00000|100%| E|CS|TAMS 0x000000070ba00000, 0x000000070ba00000| Complete 
|  83|0x000000070bc00000, 0x000000070be00000, 0x000000070be00000|100%| E|CS|TAMS 0x000000070bc00000, 0x000000070bc00000| Complete 
|  84|0x000000070be00000, 0x000000070c000000, 0x000000070c000000|100%| E|CS|TAMS 0x000000070be00000, 0x000000070be00000| Complete 
|  85|0x000000070c000000, 0x000000070c200000, 0x000000070c200000|100%| E|CS|TAMS 0x000000070c000000, 0x000000070c000000| Complete 
|  86|0x000000070c200000, 0x000000070c400000, 0x000000070c400000|100%| E|CS|TAMS 0x000000070c200000, 0x000000070c200000| Complete 
|  87|0x000000070c400000, 0x000000070c600000, 0x000000070c600000|100%| E|CS|TAMS 0x000000070c400000, 0x000000070c400000| Complete 
|  88|0x000000070c600000, 0x000000070c800000, 0x000000070c800000|100%| E|CS|TAMS 0x000000070c600000, 0x000000070c600000| Complete 
|  89|0x000000070c800000, 0x000000070ca00000, 0x000000070ca00000|100%| E|CS|TAMS 0x000000070c800000, 0x000000070c800000| Complete 
|  90|0x000000070ca00000, 0x000000070cc00000, 0x000000070cc00000|100%| E|CS|TAMS 0x000000070ca00000, 0x000000070ca00000| Complete 
|  91|0x000000070cc00000, 0x000000070ce00000, 0x000000070ce00000|100%| E|CS|TAMS 0x000000070cc00000, 0x000000070cc00000| Complete 
|  92|0x000000070ce00000, 0x000000070d000000, 0x000000070d000000|100%| E|CS|TAMS 0x000000070ce00000, 0x000000070ce00000| Complete 
|  93|0x000000070d000000, 0x000000070d200000, 0x000000070d200000|100%| E|CS|TAMS 0x000000070d000000, 0x000000070d000000| Complete 
|  94|0x000000070d200000, 0x000000070d400000, 0x000000070d400000|100%| E|CS|TAMS 0x000000070d200000, 0x000000070d200000| Complete 
|  95|0x000000070d400000, 0x000000070d600000, 0x000000070d600000|100%| E|CS|TAMS 0x000000070d400000, 0x000000070d400000| Complete 
|  96|0x000000070d600000, 0x000000070d800000, 0x000000070d800000|100%| E|CS|TAMS 0x000000070d600000, 0x000000070d600000| Complete 
|  97|0x000000070d800000, 0x000000070da00000, 0x000000070da00000|100%| E|CS|TAMS 0x000000070d800000, 0x000000070d800000| Complete 
|  98|0x000000070da00000, 0x000000070dc00000, 0x000000070dc00000|100%| E|CS|TAMS 0x000000070da00000, 0x000000070da00000| Complete 
|  99|0x000000070dc00000, 0x000000070de00000, 0x000000070de00000|100%| E|CS|TAMS 0x000000070dc00000, 0x000000070dc00000| Complete 
| 100|0x000000070de00000, 0x000000070e000000, 0x000000070e000000|100%| E|CS|TAMS 0x000000070de00000, 0x000000070de00000| Complete 
| 101|0x000000070e000000, 0x000000070e200000, 0x000000070e200000|100%| E|CS|TAMS 0x000000070e000000, 0x000000070e000000| Complete 
| 102|0x000000070e200000, 0x000000070e400000, 0x000000070e400000|100%| E|CS|TAMS 0x000000070e200000, 0x000000070e200000| Complete 
| 103|0x000000070e400000, 0x000000070e600000, 0x000000070e600000|100%| E|CS|TAMS 0x000000070e400000, 0x000000070e400000| Complete 
| 104|0x000000070e600000, 0x000000070e800000, 0x000000070e800000|100%| E|CS|TAMS 0x000000070e600000, 0x000000070e600000| Complete 
| 105|0x000000070e800000, 0x000000070ea00000, 0x000000070ea00000|100%| E|CS|TAMS 0x000000070e800000, 0x000000070e800000| Complete 
| 106|0x000000070ea00000, 0x000000070ec00000, 0x000000070ec00000|100%| E|CS|TAMS 0x000000070ea00000, 0x000000070ea00000| Complete 
| 107|0x000000070ec00000, 0x000000070ee00000, 0x000000070ee00000|100%| E|CS|TAMS 0x000000070ec00000, 0x000000070ec00000| Complete 
| 108|0x000000070ee00000, 0x000000070f000000, 0x000000070f000000|100%| E|CS|TAMS 0x000000070ee00000, 0x000000070ee00000| Complete 
| 109|0x000000070f000000, 0x000000070f200000, 0x000000070f200000|100%| E|CS|TAMS 0x000000070f000000, 0x000000070f000000| Complete 
| 110|0x000000070f200000, 0x000000070f400000, 0x000000070f400000|100%| E|CS|TAMS 0x000000070f200000, 0x000000070f200000| Complete 
| 111|0x000000070f400000, 0x000000070f600000, 0x000000070f600000|100%| E|CS|TAMS 0x000000070f400000, 0x000000070f400000| Complete 
| 112|0x000000070f600000, 0x000000070f800000, 0x000000070f800000|100%| E|CS|TAMS 0x000000070f600000, 0x000000070f600000| Complete 
| 113|0x000000070f800000, 0x000000070fa00000, 0x000000070fa00000|100%| E|CS|TAMS 0x000000070f800000, 0x000000070f800000| Complete 
| 114|0x000000070fa00000, 0x000000070fc00000, 0x000000070fc00000|100%| E|CS|TAMS 0x000000070fa00000, 0x000000070fa00000| Complete 
| 115|0x000000070fc00000, 0x000000070fe00000, 0x000000070fe00000|100%| E|CS|TAMS 0x000000070fc00000, 0x000000070fc00000| Complete 
| 116|0x000000070fe00000, 0x0000000710000000, 0x0000000710000000|100%| E|CS|TAMS 0x000000070fe00000, 0x000000070fe00000| Complete 
| 117|0x0000000710000000, 0x0000000710200000, 0x0000000710200000|100%| E|CS|TAMS 0x0000000710000000, 0x0000000710000000| Complete 
| 118|0x0000000710200000, 0x0000000710400000, 0x0000000710400000|100%| E|CS|TAMS 0x0000000710200000, 0x0000000710200000| Complete 
| 119|0x0000000710400000, 0x0000000710600000, 0x0000000710600000|100%| E|CS|TAMS 0x0000000710400000, 0x0000000710400000| Complete 
| 120|0x0000000710600000, 0x0000000710800000, 0x0000000710800000|100%| E|CS|TAMS 0x0000000710600000, 0x0000000710600000| Complete 
| 121|0x0000000710800000, 0x0000000710a00000, 0x0000000710a00000|100%| E|CS|TAMS 0x0000000710800000, 0x0000000710800000| Complete 
| 122|0x0000000710a00000, 0x0000000710c00000, 0x0000000710c00000|100%| E|CS|TAMS 0x0000000710a00000, 0x0000000710a00000| Complete 
| 123|0x0000000710c00000, 0x0000000710e00000, 0x0000000710e00000|100%| E|CS|TAMS 0x0000000710c00000, 0x0000000710c00000| Complete 
| 124|0x0000000710e00000, 0x0000000711000000, 0x0000000711000000|100%| E|CS|TAMS 0x0000000710e00000, 0x0000000710e00000| Complete 
| 125|0x0000000711000000, 0x0000000711200000, 0x0000000711200000|100%| E|CS|TAMS 0x0000000711000000, 0x0000000711000000| Complete 
| 126|0x0000000711200000, 0x0000000711400000, 0x0000000711400000|100%| E|CS|TAMS 0x0000000711200000, 0x0000000711200000| Complete 
| 127|0x0000000711400000, 0x0000000711600000, 0x0000000711600000|100%| E|CS|TAMS 0x0000000711400000, 0x0000000711400000| Complete 

Card table byte_map: [0x000001eec7550000,0x000001eec7d50000] _byte_map_base: 0x000001eec3d45000

Marking Bits (Prev, Next): (CMBitMap*) 0x000001eeb0417f40, (CMBitMap*) 0x000001eeb0417f80
 Prev Bits: [0x000001eec8550000, 0x000001eecc4f8000)
 Next Bits: [0x000001eecc500000, 0x000001eed04a8000)

Polling page: 0x000001eeae340000

Metaspace:

Usage:
  Non-class:      6.84 MB used.
      Class:    825.23 KB used.
       Both:      7.64 MB used.

Virtual space:
  Non-class space:        8.00 MB reserved,       6.94 MB ( 87%) committed,  1 nodes.
      Class space:        1.00 GB reserved,     960.00 KB ( <1%) committed,  1 nodes.
             Both:        1.01 GB reserved,       7.88 MB ( <1%) committed. 

Chunk freelists:
   Non-Class:  1000.00 KB
       Class:  3.11 MB
        Both:  4.09 MB

MaxMetaspaceSize: unlimited
CompressedClassSpaceSize: 1.00 GB
Initial GC threshold: 21.00 MB
Current GC threshold: 21.00 MB
CDS: on
MetaspaceReclaimPolicy: balanced
 - commit_granule_bytes: 65536.
 - commit_granule_words: 8192.
 - virtual_space_node_default_size: 1048576.
 - enlarge_chunks_in_place: 1.
 - new_chunks_are_fully_committed: 0.
 - uncommit_free_chunks: 1.
 - use_allocation_guard: 0.
 - handle_deallocations: 1.


Internal statistics:

num_allocs_failed_limit: 0.
num_arena_births: 114.
num_arena_deaths: 0.
num_vsnodes_births: 2.
num_vsnodes_deaths: 0.
num_space_committed: 126.
num_space_uncommitted: 0.
num_chunks_returned_to_freelist: 0.
num_chunks_taken_from_freelist: 172.
num_chunk_merges: 0.
num_chunk_splits: 94.
num_chunks_enlarged: 29.
num_purges: 0.
num_inconsistent_stats: 0.

CodeHeap 'non-profiled nmethods': size=120000Kb used=1266Kb max_used=1266Kb free=118734Kb
 bounds [0x000001eebf710000, 0x000001eebf980000, 0x000001eec6c40000]
CodeHeap 'profiled nmethods': size=120000Kb used=3345Kb max_used=3345Kb free=116655Kb
 bounds [0x000001eeb7c40000, 0x000001eeb7f90000, 0x000001eebf170000]
CodeHeap 'non-nmethods': size=5760Kb used=1251Kb max_used=1320Kb free=4508Kb
 bounds [0x000001eebf170000, 0x000001eebf3e0000, 0x000001eebf710000]
 total_blobs=2583 nmethods=2011 adapters=485
 compilation: enabled
              stopped_count=0, restarted_count=0
 full_count=0

Compilation events (20 events):
Event: 1.721 Thread 0x000001eed2cf7dc0 2006   !   3       sun.java2d.SunGraphics2D::drawHiDPIImage (540 bytes)
Event: 1.722 Thread 0x000001eed2cf7dc0 nmethod 2006 0x000001eeb7f7a990 code [0x000001eeb7f7ae20, 0x000001eeb7f7ce68]
Event: 1.722 Thread 0x000001eed2cf7dc0 2007       3       sun.java2d.pipe.ValidatePipe::copyImage (29 bytes)
Event: 1.722 Thread 0x000001eed2cf7dc0 nmethod 2007 0x000001eeb7f7e310 code [0x000001eeb7f7e500, 0x000001eeb7f7ea28]
Event: 1.722 Thread 0x000001eed2cf7dc0 2008       3       sun.java2d.pipe.DrawImage::copyImage (60 bytes)
Event: 1.722 Thread 0x000001eed2cf7dc0 nmethod 2008 0x000001eeb7f7ec10 code [0x000001eeb7f7ee00, 0x000001eeb7f7f3f8]
Event: 1.722 Thread 0x000001eed2cf7dc0 2009       3       sun.java2d.pipe.DrawImage::copyImage (105 bytes)
Event: 1.722 Thread 0x000001eed2cf7dc0 nmethod 2009 0x000001eeb7f7f590 code [0x000001eeb7f7f7a0, 0x000001eeb7f7ff58]
Event: 1.722 Thread 0x000001eed2cf7dc0 2010       3       sun.java2d.pipe.DrawImage::isSimpleTranslate (31 bytes)
Event: 1.722 Thread 0x000001eed2cf7dc0 nmethod 2010 0x000001eeb7f80210 code [0x000001eeb7f803c0, 0x000001eeb7f805f8]
Event: 1.722 Thread 0x000001eed2cf7dc0 2011   !   3       sun.java2d.d3d.D3DScreenUpdateManager::wakeUpUpdateThread (25 bytes)
Event: 1.723 Thread 0x000001eed2cf7dc0 nmethod 2011 0x000001eeb7f80690 code [0x000001eeb7f80840, 0x000001eeb7f80a88]
Event: 1.724 Thread 0x000001eed2cf7dc0 2012   !   3       javax.swing.JComponent::safelyGetGraphics (30 bytes)
Event: 1.724 Thread 0x000001eed2cf7dc0 nmethod 2012 0x000001eeb7f80c10 code [0x000001eeb7f80dc0, 0x000001eeb7f81128]
Event: 1.730 Thread 0x000001eed2cf64d0 2013       4       java.awt.Component::repaint (16 bytes)
Event: 1.740 Thread 0x000001eed2cf7dc0 2014       3       javax.swing.RepaintManager$PaintManager::paint (201 bytes)
Event: 1.741 Thread 0x000001eed2cf7dc0 nmethod 2014 0x000001eeb7f81290 code [0x000001eeb7f81580, 0x000001eeb7f82c58]
Event: 1.741 Thread 0x000001eed2cf7dc0 2015   !   3       javax.swing.JComponent::paintToOffscreen (108 bytes)
Event: 1.741 Thread 0x000001eed2cf7dc0 nmethod 2015 0x000001eeb7f83490 code [0x000001eeb7f836c0, 0x000001eeb7f84108]
Event: 1.745 Thread 0x000001eed2cf64d0 nmethod 2013 0x000001eebf84a390 code [0x000001eebf84a620, 0x000001eebf84b970]

GC Heap History (9 events):
Event: 0.489 GC heap before
{Heap before GC invocations=0 (full 0):
 garbage-first heap   total 262144K, used 20480K [0x0000000701600000, 0x0000000800000000)
  region size 2048K, 10 young (20480K), 0 survivors (0K)
 Metaspace       used 7310K, committed 7552K, reserved 1056768K
  class space    used 800K, committed 896K, reserved 1048576K
}
Event: 0.495 GC heap after
{Heap after GC invocations=1 (full 0):
 garbage-first heap   total 262144K, used 2368K [0x0000000701600000, 0x0000000800000000)
  region size 2048K, 2 young (4096K), 2 survivors (4096K)
 Metaspace       used 7310K, committed 7552K, reserved 1056768K
  class space    used 800K, committed 896K, reserved 1048576K
}
Event: 0.579 GC heap before
{Heap before GC invocations=1 (full 0):
 garbage-first heap   total 262144K, used 33088K [0x0000000701600000, 0x0000000800000000)
  region size 2048K, 17 young (34816K), 2 survivors (4096K)
 Metaspace       used 7404K, committed 7680K, reserved 1056768K
  class space    used 807K, committed 960K, reserved 1048576K
}
Event: 0.580 GC heap after
{Heap after GC invocations=2 (full 0):
 garbage-first heap   total 262144K, used 2577K [0x0000000701600000, 0x0000000800000000)
  region size 2048K, 2 young (4096K), 2 survivors (4096K)
 Metaspace       used 7404K, committed 7680K, reserved 1056768K
  class space    used 807K, committed 960K, reserved 1048576K
}
Event: 0.997 GC heap before
{Heap before GC invocations=2 (full 0):
 garbage-first heap   total 262144K, used 154129K [0x0000000701600000, 0x0000000800000000)
  region size 2048K, 76 young (155648K), 2 survivors (4096K)
 Metaspace       used 7528K, committed 7808K, reserved 1056768K
  class space    used 809K, committed 960K, reserved 1048576K
}
Event: 0.999 GC heap after
{Heap after GC invocations=3 (full 0):
 garbage-first heap   total 262144K, used 2502K [0x0000000701600000, 0x0000000800000000)
  region size 2048K, 2 young (4096K), 2 survivors (4096K)
 Metaspace       used 7528K, committed 7808K, reserved 1056768K
  class space    used 809K, committed 960K, reserved 1048576K
}
Event: 1.396 GC heap before
{Heap before GC invocations=3 (full 0):
 garbage-first heap   total 262144K, used 154054K [0x0000000701600000, 0x0000000800000000)
  region size 2048K, 76 young (155648K), 2 survivors (4096K)
 Metaspace       used 7785K, committed 8064K, reserved 1056768K
  class space    used 825K, committed 960K, reserved 1048576K
}
Event: 1.398 GC heap after
{Heap after GC invocations=4 (full 0):
 garbage-first heap   total 262144K, used 2988K [0x0000000701600000, 0x0000000800000000)
  region size 2048K, 2 young (4096K), 2 survivors (4096K)
 Metaspace       used 7785K, committed 8064K, reserved 1056768K
  class space    used 825K, committed 960K, reserved 1048576K
}
Event: 1.752 GC heap before
{Heap before GC invocations=4 (full 0):
 garbage-first heap   total 262144K, used 154540K [0x0000000701600000, 0x0000000800000000)
  region size 2048K, 76 young (155648K), 2 survivors (4096K)
 Metaspace       used 7824K, committed 8064K, reserved 1056768K
  class space    used 825K, committed 960K, reserved 1048576K
}

Deoptimization events (20 events):
Event: 1.627 Thread 0x000001eed50db630 Uncommon trap: trap_request=0xffffffc6 fr.pc=0x000001eebf77045c relative=0x00000000000002bc
Event: 1.627 Thread 0x000001eed50db630 Uncommon trap: reason=bimorphic_or_optimized_type_check action=maybe_recompile pc=0x000001eebf77045c method=java.awt.Component.repaint()V @ 12 c2
Event: 1.627 Thread 0x000001eed50db630 DEOPT PACKING pc=0x000001eebf77045c sp=0x000000de441fe3c0
Event: 1.627 Thread 0x000001eed50db630 DEOPT UNPACKING pc=0x000001eebf1c23a3 sp=0x000000de441fe360 mode 2
Event: 1.627 Thread 0x000001eed50db630 Uncommon trap: trap_request=0xffffffc6 fr.pc=0x000001eebf76a2a8 relative=0x0000000000000b68
Event: 1.627 Thread 0x000001eed50db630 Uncommon trap: reason=bimorphic_or_optimized_type_check action=maybe_recompile pc=0x000001eebf76a2a8 method=javax.swing.RepaintManager.addDirtyRegion0(Ljava/awt/Container;IIII)V @ 16 c2
Event: 1.627 Thread 0x000001eed50db630 DEOPT PACKING pc=0x000001eebf76a2a8 sp=0x000000de441fe280
Event: 1.627 Thread 0x000001eed50db630 DEOPT UNPACKING pc=0x000001eebf1c23a3 sp=0x000000de441fe248 mode 2
Event: 1.634 Thread 0x000001eed50db630 Uncommon trap: trap_request=0xffffffde fr.pc=0x000001eebf81e820 relative=0x0000000000000200
Event: 1.634 Thread 0x000001eed50db630 Uncommon trap: reason=class_check action=maybe_recompile pc=0x000001eebf81e820 method=java.awt.Component.setBounds(IIII)V @ 6 c2
Event: 1.634 Thread 0x000001eed50db630 DEOPT PACKING pc=0x000001eebf81e820 sp=0x000000de441fe610
Event: 1.634 Thread 0x000001eed50db630 DEOPT UNPACKING pc=0x000001eebf1c23a3 sp=0x000000de441fe5c0 mode 2
Event: 1.634 Thread 0x000001eed50db630 Uncommon trap: trap_request=0xffffffc6 fr.pc=0x000001eebf77045c relative=0x00000000000002bc
Event: 1.634 Thread 0x000001eed50db630 Uncommon trap: reason=bimorphic_or_optimized_type_check action=maybe_recompile pc=0x000001eebf77045c method=java.awt.Component.repaint()V @ 12 c2
Event: 1.634 Thread 0x000001eed50db630 DEOPT PACKING pc=0x000001eebf77045c sp=0x000000de441fe3c0
Event: 1.634 Thread 0x000001eed50db630 DEOPT UNPACKING pc=0x000001eebf1c23a3 sp=0x000000de441fe360 mode 2
Event: 1.634 Thread 0x000001eed50db630 Uncommon trap: trap_request=0xffffffc6 fr.pc=0x000001eebf76a2a8 relative=0x0000000000000b68
Event: 1.634 Thread 0x000001eed50db630 Uncommon trap: reason=bimorphic_or_optimized_type_check action=maybe_recompile pc=0x000001eebf76a2a8 method=javax.swing.RepaintManager.addDirtyRegion0(Ljava/awt/Container;IIII)V @ 16 c2
Event: 1.634 Thread 0x000001eed50db630 DEOPT PACKING pc=0x000001eebf76a2a8 sp=0x000000de441fe280
Event: 1.634 Thread 0x000001eed50db630 DEOPT UNPACKING pc=0x000001eebf1c23a3 sp=0x000000de441fe248 mode 2

Classes unloaded (0 events):
No events

Classes redefined (0 events):
No events

Internal exceptions (15 events):
Event: 0.050 Thread 0x000001eed3a321c0 Exception <a 'java/lang/NoSuchMethodError'{0x000000071126b988}: 'java.lang.Object java.lang.invoke.DirectMethodHandle$Holder.invokeStaticInit(java.lang.Object)'> (0x000000071126b988) 
thrown [s\open\src\hotspot\share\interpreter\linkResolver.cpp, line 759]
Event: 0.054 Thread 0x000001eed3a321c0 Exception <a 'java/lang/NoSuchMethodError'{0x0000000711279648}: 'void java.lang.invoke.DirectMethodHandle$Holder.invokeStatic(java.lang.Object, java.lang.Object)'> (0x0000000711279648) 
thrown [s\open\src\hotspot\share\interpreter\linkResolver.cpp, line 759]
Event: 0.060 Thread 0x000001eeb03adac0 Exception <a 'java/lang/ClassNotFoundException'{0x0000000711229b50}: sun/awt/resources/spi/awtProvider> (0x0000000711229b50) 
thrown [s\open\src\hotspot\share\classfile\systemDictionary.cpp, line 256]
Event: 0.072 Thread 0x000001eeb03adac0 Exception <a 'java/io/FileNotFoundException'{0x00000007112e4058}> (0x00000007112e4058) 
thrown [s\open\src\hotspot\share\prims\jni.cpp, line 516]
Event: 0.076 Thread 0x000001eeb03adac0 Exception <a 'java/io/FileNotFoundException'{0x0000000711310f48}> (0x0000000711310f48) 
thrown [s\open\src\hotspot\share\prims\jni.cpp, line 516]
Event: 0.106 Thread 0x000001eeb03adac0 Exception <a 'java/lang/NoSuchMethodError'{0x0000000711396dc8}: 'void java.lang.invoke.DirectMethodHandle$Holder.invokeSpecial(java.lang.Object, java.lang.Object, java.lang.Object)'> (0x0000000711396dc8) 
thrown [s\open\src\hotspot\share\interpreter\linkResolver.cpp, line 759]
Event: 0.111 Thread 0x000001eeb03adac0 Exception <a 'java/lang/NoSuchMethodError'{0x00000007110269b8}: 'java.lang.Object java.lang.invoke.DirectMethodHandle$Holder.newInvokeSpecial(java.lang.Object, java.lang.Object, java.lang.Object, java.lang.Object, java.lang.Object)'> (0x00000007110269b8) 
thrown [s\open\src\hotspot\share\interpreter\linkResolver.cpp, line 759]
Event: 0.112 Thread 0x000001eeb03adac0 Exception <a 'java/lang/NoSuchMethodError'{0x0000000711032380}: 'java.lang.Object java.lang.invoke.DirectMethodHandle$Holder.invokeStatic(java.lang.Object, int, java.lang.Object, java.lang.Object, java.lang.Object, java.lang.Object)'> (0x0000000711032380) 
thrown [s\open\src\hotspot\share\interpreter\linkResolver.cpp, line 759]
Event: 0.114 Thread 0x000001eeb03adac0 Exception <a 'java/lang/NoSuchMethodError'{0x0000000711057b40}: 'java.lang.Object java.lang.invoke.DirectMethodHandle$Holder.invokeStatic(java.lang.Object, int, java.lang.Object)'> (0x0000000711057b40) 
thrown [s\open\src\hotspot\share\interpreter\linkResolver.cpp, line 759]
Event: 0.129 Thread 0x000001eeb03adac0 Exception <a 'java/lang/ClassNotFoundException'{0x0000000711112418}: com/sun/swing/internal/plaf/metal/resources/spi/metalProvider> (0x0000000711112418) 
thrown [s\open\src\hotspot\share\classfile\systemDictionary.cpp, line 256]
Event: 0.129 Thread 0x000001eeb03adac0 Exception <a 'java/lang/ClassNotFoundException'{0x0000000711116028}: com/sun/swing/internal/plaf/basic/resources/spi/basicProvider> (0x0000000711116028) 
thrown [s\open\src\hotspot\share\classfile\systemDictionary.cpp, line 256]
Event: 0.240 Thread 0x000001eeb03adac0 Exception <a 'java/lang/NoSuchMethodError'{0x0000000711165160}: 'void java.lang.invoke.DirectMethodHandle$Holder.invokeStaticInit(java.lang.Object)'> (0x0000000711165160) 
thrown [s\open\src\hotspot\share\interpreter\linkResolver.cpp, line 759]
Event: 0.346 Thread 0x000001eed3b95720 Exception <a 'java/lang/NoSuchMethodError'{0x00000007113aac08}: 'void java.lang.invoke.DirectMethodHandle$Holder.invokeVirtual(java.lang.Object, java.lang.Object)'> (0x00000007113aac08) 
thrown [s\open\src\hotspot\share\interpreter\linkResolver.cpp, line 759]
Event: 0.348 Thread 0x000001eeb03adac0 Exception <a 'java/lang/NoSuchMethodError'{0x0000000710bced80}: 'void java.lang.invoke.DirectMethodHandle$Holder.invokeStatic(java.lang.Object, java.lang.Object, java.lang.Object)'> (0x0000000710bced80) 
thrown [s\open\src\hotspot\share\interpreter\linkResolver.cpp, line 759]
Event: 0.999 Thread 0x000001eed50db630 Implicit null exception at 0x000001eebf78accb to 0x000001eebf78e0d8

VM Operations (20 events):
Event: 0.335 Executing VM operation: HandshakeAllThreads done
Event: 0.335 Executing VM operation: HandshakeAllThreads
Event: 0.335 Executing VM operation: HandshakeAllThreads done
Event: 0.348 Executing VM operation: HandshakeAllThreads
Event: 0.348 Executing VM operation: HandshakeAllThreads done
Event: 0.379 Executing VM operation: ICBufferFull
Event: 0.379 Executing VM operation: ICBufferFull done
Event: 0.398 Executing VM operation: HandshakeAllThreads
Event: 0.398 Executing VM operation: HandshakeAllThreads done
Event: 0.489 Executing VM operation: G1CollectForAllocation
Event: 0.495 Executing VM operation: G1CollectForAllocation done
Event: 0.579 Executing VM operation: G1CollectForAllocation
Event: 0.580 Executing VM operation: G1CollectForAllocation done
Event: 0.710 Executing VM operation: HandshakeAllThreads
Event: 0.714 Executing VM operation: HandshakeAllThreads done
Event: 0.997 Executing VM operation: G1CollectForAllocation
Event: 0.999 Executing VM operation: G1CollectForAllocation done
Event: 1.396 Executing VM operation: G1CollectForAllocation
Event: 1.398 Executing VM operation: G1CollectForAllocation done
Event: 1.752 Executing VM operation: G1CollectForAllocation

Events (20 events):
Event: 1.092 loading class sun/util/cldr/CLDRTimeZoneNameProviderImpl done
Event: 1.094 loading class sun/util/locale/provider/BaseLocaleDataMetaInfo
Event: 1.094 loading class sun/util/locale/provider/BaseLocaleDataMetaInfo done
Event: 1.094 loading class sun/util/resources/cldr/TimeZoneNames
Event: 1.095 loading class sun/util/resources/TimeZoneNamesBundle
Event: 1.095 loading class sun/util/resources/OpenListResourceBundle
Event: 1.095 loading class sun/util/resources/OpenListResourceBundle done
Event: 1.095 loading class sun/util/resources/TimeZoneNamesBundle done
Event: 1.095 loading class sun/util/resources/cldr/TimeZoneNames done
Event: 1.095 loading class sun/util/resources/cldr/TimeZoneNames_en
Event: 1.095 loading class sun/util/resources/cldr/TimeZoneNames_en done
Event: 1.095 loading class sun/util/resources/cldr/TimeZoneNames_en_US
Event: 1.095 loading class sun/util/resources/cldr/TimeZoneNames_en_US done
Event: 1.096 loading class java/util/LinkedHashMap$LinkedKeySet
Event: 1.096 loading class java/util/LinkedHashMap$LinkedKeySet done
Event: 1.096 loading class sun/util/resources/TimeZoneNames
Event: 1.096 loading class sun/util/resources/TimeZoneNames done
Event: 1.096 loading class sun/util/resources/TimeZoneNames_en
Event: 1.097 loading class sun/util/resources/TimeZoneNames_en done
Event: 1.513 Thread 0x000001eed57064a0 Thread exited: 0x000001eed57064a0


Dynamic libraries:
0x00007ff6998b0000 - 0x00007ff6998c0000 	C:\Program Files\Java\jdk-17\bin\java.exe
0x00007ffe8caf0000 - 0x00007ffe8cce8000 	C:\WINDOWS\SYSTEM32\ntdll.dll
0x00007ffe8ac70000 - 0x00007ffe8ad2f000 	C:\WINDOWS\System32\KERNEL32.DLL
0x00007ffe8a510000 - 0x00007ffe8a806000 	C:\WINDOWS\System32\KERNELBASE.dll
0x00007ffe8aa50000 - 0x00007ffe8ab50000 	C:\WINDOWS\System32\ucrtbase.dll
0x00007ffe85fb0000 - 0x00007ffe85fc8000 	C:\Program Files\Java\jdk-17\bin\jli.dll
0x00007ffe8b8a0000 - 0x00007ffe8b94f000 	C:\WINDOWS\System32\ADVAPI32.dll
0x00007ffe85ee0000 - 0x00007ffe85efb000 	C:\Program Files\Java\jdk-17\bin\VCRUNTIME140.dll
0x00007ffe8ca10000 - 0x00007ffe8caae000 	C:\WINDOWS\System32\msvcrt.dll
0x00007ffe8bcb0000 - 0x00007ffe8bd4c000 	C:\WINDOWS\System32\sechost.dll
0x00007ffe8c8e0000 - 0x00007ffe8ca06000 	C:\WINDOWS\System32\RPCRT4.dll
0x00007ffe8add0000 - 0x00007ffe8af6d000 	C:\WINDOWS\System32\USER32.dll
0x00007ffe8a410000 - 0x00007ffe8a432000 	C:\WINDOWS\System32\win32u.dll
0x00007ffe8bc70000 - 0x00007ffe8bc9c000 	C:\WINDOWS\System32\GDI32.dll
0x00007ffe8a1d0000 - 0x00007ffe8a2e5000 	C:\WINDOWS\System32\gdi32full.dll
0x00007ffe8a470000 - 0x00007ffe8a50d000 	C:\WINDOWS\System32\msvcp_win.dll
0x00007ffe7c670000 - 0x00007ffe7c90a000 	C:\WINDOWS\WinSxS\amd64_microsoft.windows.common-controls_6595b64144ccf1df_6.0.19041.1110_none_60b5254171f9507e\COMCTL32.dll
0x00007ffe83b60000 - 0x00007ffe83b6a000 	C:\WINDOWS\SYSTEM32\VERSION.dll
0x00007ffe8abb0000 - 0x00007ffe8abe0000 	C:\WINDOWS\System32\IMM32.DLL
0x00007ffe86b40000 - 0x00007ffe86b4c000 	C:\Program Files\Java\jdk-17\bin\vcruntime140_1.dll
0x00007ffe80740000 - 0x00007ffe807ce000 	C:\Program Files\Java\jdk-17\bin\msvcp140.dll
0x00007ffe53ea0000 - 0x00007ffe54a77000 	C:\Program Files\Java\jdk-17\bin\server\jvm.dll
0x00007ffe8adc0000 - 0x00007ffe8adc8000 	C:\WINDOWS\System32\PSAPI.DLL
0x00007ffe7fa70000 - 0x00007ffe7fa97000 	C:\WINDOWS\SYSTEM32\WINMM.dll
0x00007ffe5b050000 - 0x00007ffe5b059000 	C:\WINDOWS\SYSTEM32\WSOCK32.dll
0x00007ffe8ba10000 - 0x00007ffe8ba7b000 	C:\WINDOWS\System32\WS2_32.dll
0x00007ffe88a60000 - 0x00007ffe88a72000 	C:\WINDOWS\SYSTEM32\kernel.appcore.dll
0x00007ffe86ae0000 - 0x00007ffe86aea000 	C:\Program Files\Java\jdk-17\bin\jimage.dll
0x00007ffe87ca0000 - 0x00007ffe87e84000 	C:\WINDOWS\SYSTEM32\DBGHELP.DLL
0x00007ffe7f810000 - 0x00007ffe7f844000 	C:\WINDOWS\SYSTEM32\dbgcore.DLL
0x00007ffe8a860000 - 0x00007ffe8a8e2000 	C:\WINDOWS\System32\bcryptPrimitives.dll
0x00007ffe85f50000 - 0x00007ffe85f5e000 	C:\Program Files\Java\jdk-17\bin\instrument.dll
0x00007ffe80710000 - 0x00007ffe80735000 	C:\Program Files\Java\jdk-17\bin\java.dll
0x00007ffe80630000 - 0x00007ffe80707000 	C:\Program Files\Java\jdk-17\bin\jsvml.dll
0x00007ffe8af70000 - 0x00007ffe8b6b4000 	C:\WINDOWS\System32\SHELL32.dll
0x00007ffe88280000 - 0x00007ffe88a14000 	C:\WINDOWS\SYSTEM32\windows.storage.dll
0x00007ffe8c500000 - 0x00007ffe8c854000 	C:\WINDOWS\System32\combase.dll
0x00007ffe89c10000 - 0x00007ffe89c3e000 	C:\WINDOWS\SYSTEM32\Wldp.dll
0x00007ffe8c2a0000 - 0x00007ffe8c34d000 	C:\WINDOWS\System32\SHCORE.dll
0x00007ffe8c860000 - 0x00007ffe8c8b5000 	C:\WINDOWS\System32\shlwapi.dll
0x00007ffe8a100000 - 0x00007ffe8a125000 	C:\WINDOWS\SYSTEM32\profapi.dll
0x00007ffe80210000 - 0x00007ffe80228000 	C:\Program Files\Java\jdk-17\bin\zip.dll
0x00007ffe83e20000 - 0x00007ffe83e39000 	C:\Program Files\Java\jdk-17\bin\net.dll
0x00007ffe82cc0000 - 0x00007ffe82dca000 	C:\WINDOWS\SYSTEM32\WINHTTP.dll
0x00007ffe89970000 - 0x00007ffe899da000 	C:\WINDOWS\system32\mswsock.dll
0x00007ffe80580000 - 0x00007ffe80596000 	C:\Program Files\Java\jdk-17\bin\nio.dll
0x00007ffe801b0000 - 0x00007ffe801ca000 	C:\Program Files\JetBrains\IntelliJ IDEA 2022.3\bin\breakgen64.dll
0x00007ffe3efd0000 - 0x00007ffe3f161000 	C:\Program Files\Java\jdk-17\bin\awt.dll
0x00007ffe8ba80000 - 0x00007ffe8bb4d000 	C:\WINDOWS\System32\OLEAUT32.dll
0x00007ffe86be0000 - 0x00007ffe86c71000 	C:\WINDOWS\SYSTEM32\apphelp.dll
0x00007ffe86cf0000 - 0x00007ffe86d8e000 	C:\WINDOWS\system32\uxtheme.dll
0x00007ffe8bb50000 - 0x00007ffe8bc64000 	C:\WINDOWS\System32\MSCTF.dll
0x00007ffe8b6c0000 - 0x00007ffe8b7ea000 	C:\WINDOWS\System32\ole32.dll
0x00007ffe86fb0000 - 0x00007ffe86fdf000 	C:\WINDOWS\system32\DWMAPI.DLL
0x00007ffe2b980000 - 0x00007ffe2baa5000 	C:\WINDOWS\system32\opengl32.dll
0x00007ffe2e430000 - 0x00007ffe2e45c000 	C:\WINDOWS\SYSTEM32\GLU32.dll
0x00007ffe69d20000 - 0x00007ffe69eed000 	C:\WINDOWS\system32\d3d9.dll
0x00007ffe81130000 - 0x00007ffe811ec000 	C:\WINDOWS\System32\DriverStore\FileRepository\nv_dispi.inf_amd64_3c2bd4a1ec6d228e\nvldumdx.dll
0x00007ffe89da0000 - 0x00007ffe89db2000 	C:\WINDOWS\SYSTEM32\msasn1.dll
0x00007ffe83a60000 - 0x00007ffe83a91000 	C:\WINDOWS\SYSTEM32\cryptnet.dll
0x00007ffe8a8f0000 - 0x00007ffe8aa4e000 	C:\WINDOWS\System32\CRYPT32.dll
0x00007ffe83710000 - 0x00007ffe83858000 	C:\WINDOWS\SYSTEM32\drvstore.dll
0x00007ffe89f60000 - 0x00007ffe89f93000 	C:\WINDOWS\SYSTEM32\devobj.dll
0x00007ffe8a810000 - 0x00007ffe8a85e000 	C:\WINDOWS\System32\cfgmgr32.dll
0x00007ffe89b60000 - 0x00007ffe89b6c000 	C:\WINDOWS\SYSTEM32\cryptbase.dll
0x00007ffe8a3a0000 - 0x00007ffe8a407000 	C:\WINDOWS\System32\wintrust.dll
0x00007ffe8c8c0000 - 0x00007ffe8c8dd000 	C:\WINDOWS\System32\imagehlp.dll
0x00007ffe89b70000 - 0x00007ffe89b88000 	C:\WINDOWS\SYSTEM32\CRYPTSP.dll
0x00007ffe89220000 - 0x00007ffe89254000 	C:\WINDOWS\system32\rsaenh.dll
0x00007ffe8a440000 - 0x00007ffe8a467000 	C:\WINDOWS\System32\bcrypt.dll
0x00007ffe45510000 - 0x00007ffe48699000 	C:\WINDOWS\System32\DriverStore\FileRepository\nv_dispi.inf_amd64_3c2bd4a1ec6d228e\nvd3dumx.dll
0x00007ffe54ae0000 - 0x00007ffe54db1000 	C:\WINDOWS\system32\nvspcap64.dll
0x00007ffe89340000 - 0x00007ffe89373000 	C:\WINDOWS\SYSTEM32\ntmarta.dll
0x00007ffe88a30000 - 0x00007ffe88a53000 	C:\WINDOWS\SYSTEM32\gpapi.dll
0x00007ffe81510000 - 0x00007ffe8154b000 	C:\WINDOWS\SYSTEM32\dxcore.dll
0x00007ffe6fb70000 - 0x00007ffe6fbf6000 	C:\Program Files\Java\jdk-17\bin\freetype.dll
0x00007ffe569c0000 - 0x00007ffe56a85000 	C:\Program Files\Java\jdk-17\bin\fontmanager.dll
0x00007ffe72c90000 - 0x00007ffe72d89000 	C:\WINDOWS\SYSTEM32\textinputframework.dll
0x00007ffe868d0000 - 0x00007ffe869c2000 	C:\WINDOWS\System32\CoreMessaging.dll
0x00007ffe86570000 - 0x00007ffe868ce000 	C:\WINDOWS\System32\CoreUIComponents.dll
0x00007ffe85d50000 - 0x00007ffe85ea4000 	C:\WINDOWS\SYSTEM32\wintypes.dll
0x00007ffe7e150000 - 0x00007ffe7e1b6000 	C:\WINDOWS\system32\Oleacc.dll

dbghelp: loaded successfully - version: 4.0.5 - missing functions: none
symbol engine: initialized successfully - sym options: 0x614 - pdb path: .;C:\Program Files\Java\jdk-17\bin;C:\WINDOWS\SYSTEM32;C:\WINDOWS\WinSxS\amd64_microsoft.windows.common-controls_6595b64144ccf1df_6.0.19041.1110_none_60b5254171f9507e;C:\Program Files\Java\jdk-17\bin\server;C:\Program Files\JetBrains\IntelliJ IDEA 2022.3\bin;C:\WINDOWS\System32\DriverStore\FileRepository\nv_dispi.inf_amd64_3c2bd4a1ec6d228e

VM Arguments:
jvm_args: -javaagent:C:\Program Files\JetBrains\IntelliJ IDEA 2022.3\lib\idea_rt.jar=61615:C:\Program Files\JetBrains\IntelliJ IDEA 2022.3\bin -Dfile.encoding=UTF-8 
java_command: main.Main
java_class_path (initial): C:\Users\kevin\IdeaProjects\Chess\out\production\Chess
Launcher Type: SUN_STANDARD

[Global flags]
     intx CICompilerCount                          = 3                                         {product} {ergonomic}
     uint ConcGCThreads                            = 2                                         {product} {ergonomic}
     uint G1ConcRefinementThreads                  = 6                                         {product} {ergonomic}
   size_t G1HeapRegionSize                         = 2097152                                   {product} {ergonomic}
    uintx GCDrainStackTargetSize                   = 64                                        {product} {ergonomic}
   size_t InitialHeapSize                          = 268435456                                 {product} {ergonomic}
   size_t MarkStackSize                            = 4194304                                   {product} {ergonomic}
   size_t MaxHeapSize                              = 4271898624                                {product} {ergonomic}
   size_t MaxNewSize                               = 2562719744                                {product} {ergonomic}
   size_t MinHeapDeltaBytes                        = 2097152                                   {product} {ergonomic}
   size_t MinHeapSize                              = 8388608                                   {product} {ergonomic}
    uintx NonNMethodCodeHeapSize                   = 5832780                                {pd product} {ergonomic}
    uintx NonProfiledCodeHeapSize                  = 122912730                              {pd product} {ergonomic}
    uintx ProfiledCodeHeapSize                     = 122912730                              {pd product} {ergonomic}
    uintx ReservedCodeCacheSize                    = 251658240                              {pd product} {ergonomic}
     bool SegmentedCodeCache                       = true                                      {product} {ergonomic}
   size_t SoftMaxHeapSize                          = 4271898624                             {manageable} {ergonomic}
     bool UseCompressedClassPointers               = true                           {product lp64_product} {ergonomic}
     bool UseCompressedOops                        = true                           {product lp64_product} {ergonomic}
     bool UseG1GC                                  = true                                      {product} {ergonomic}
     bool UseLargePagesIndividualAllocation        = false                                  {pd product} {ergonomic}

Logging:
Log output configuration:
 #0: stdout all=warning uptime,level,tags
 #1: stderr all=off uptime,level,tags

Environment Variables:
JAVA_HOME=C:\Program Files\Java\jdk-17
PATH=C:\Program Files\Common Files\Oracle\Java\javapath;C:\Program Files\Microsoft MPI\Bin\;C:\WINDOWS\system32;C:\WINDOWS;C:\WINDOWS\System32\Wbem;C:\WINDOWS\System32\WindowsPowerShell\v1.0\;C:\WINDOWS\System32\OpenSSH\;C:\Program Files\NVIDIA Corporation\NVIDIA NvDLISR;C:\Program Files (x86)\NVIDIA Corporation\PhysX\Common;C:\Program Files\dotnet\;C:\Program Files\Git\cmd;C:\Program Files (x86)\Microsoft SQL Server\160\Tools\Binn\;C:\Program Files\Microsoft SQL Server\160\Tools\Binn\;C:\Program Files\Microsoft SQL Server\Client SDK\ODBC\170\Tools\Binn\;C:\Program Files\Microsoft SQL Server\160\DTS\Binn\;C:\Program Files (x86)\Microsoft SQL Server\160\DTS\Binn\;C:\Program Files\Azure Data Studio\bin;C:\Program Files\nodejs\;C:\Program Files\Java\jdk-17;C:\Users\kevin\.console-ninja\.bin;C:\Users\kevin\AppData\Local\Microsoft\WindowsApps;;C:\Users\kevin\AppData\Local\Programs\Microsoft VS Code\bin;C:\Program Files\Azure Data Studio\bin;C:\Users\kevin\AppData\Roaming\npm
USERNAME=kevin
OS=Windows_NT
PROCESSOR_IDENTIFIER=Intel64 Family 6 Model 158 Stepping 13, GenuineIntel



---------------  S Y S T E M  ---------------

OS:
 Windows 10 , 64 bit Build 19041 (10.0.19041.3155)
OS uptime: 0 days 18:42 hours

CPU: total 6 (initial active 6) (6 cores per cpu, 1 threads per core) family 6 model 158 stepping 13 microcode 0xd6, cx8, cmov, fxsr, mmx, 3dnowpref, sse, sse2, sse3, ssse3, sse4.1, sse4.2, popcnt, lzcnt, tsc, tscinvbit, avx, avx2, aes, erms, clmul, bmi1, bmi2, adx, fma, vzeroupper, clflush, clflushopt

Memory: 4k page, system-wide physical 16290M (8265M free)
TotalPageFile size 31650M (AvailPageFile size 17469M)
current process WorkingSet (physical memory assigned to process): 251M, peak: 256M
current process commit charge ("private bytes"): 407M, peak: 413M

vm_info: Java HotSpot(TM) 64-Bit Server VM (17.0.6+9-LTS-190) for windows-amd64 JRE (17.0.6+9-LTS-190), built on Dec  6 2022 15:53:54 by "mach5one" with MS VC++ 17.1 (VS2022)

END.
