#
# A fatal error has been detected by the Java Runtime Environment:
#
#  EXCEPTION_ACCESS_VIOLATION (0xc0000005) at pc=0x00007ffe343f5131, pid=1664, tid=8740
#
# JRE version: Java(TM) SE Runtime Environment (17.0.6+9) (build 17.0.6+9-LTS-190)
# Java VM: Java HotSpot(TM) 64-Bit Server VM (17.0.6+9-LTS-190, mixed mode, sharing, tiered, compressed oops, compressed class ptrs, g1 gc, windows-amd64)
# Problematic frame:
# V  [jvm.dll+0x2e5131]
#
# No core dump will be written. Minidumps are not enabled by default on client versions of Windows
#
# If you would like to submit a bug report, please visit:
#   https://bugreport.java.com/bugreport/crash.jsp
#

---------------  S U M M A R Y ------------

Command Line: -javaagent:C:\Program Files\JetBrains\IntelliJ IDEA 2022.3\lib\idea_rt.jar=63565:C:\Program Files\JetBrains\IntelliJ IDEA 2022.3\bin -Dfile.encoding=UTF-8 main.Main

Host: Intel(R) Core(TM) i5-9600K CPU @ 3.70GHz, 6 cores, 15G,  Windows 10 , 64 bit Build 19041 (10.0.19041.3155)
Time: Wed Aug  9 12:24:49 2023 Västeuropa, sommartid elapsed time: 1.609920 seconds (0d 0h 0m 1s)

---------------  T H R E A D  ---------------

Current thread (0x0000011da148c2b0):  GCTaskThread "GC Thread#2" [stack: 0x0000000b53720000,0x0000000b53820000] [id=8740]

Stack: [0x0000000b53720000,0x0000000b53820000],  sp=0x0000000b5381fa28,  free space=1022k
Native frames: (J=compiled Java code, j=interpreted, Vv=VM code, C=native code)
V  [jvm.dll+0x2e5131]


siginfo: EXCEPTION_ACCESS_VIOLATION (0xc0000005), reading address 0x0000000000000009


Register to memory mapping:

RIP=0x00007ffe343f5131 jvm.dll
RAX=0x0000070000001879 is an unknown value
RBX=0x0000000000000005 is an unknown value
RCX=0x0000000000000001 is an unknown value
RDX=0x0000000000000004 is an unknown value
RSP=0x0000000b5381fa28 points into unknown readable memory: 0x0000000000000005 | 05 00 00 00 00 00 00 00
RBP=0x0000000000000002 is an unknown value
RSI=0x0000011df59809c0 points into unknown readable memory: 0x0000000000000000 | 00 00 00 00 00 00 00 00
RDI=0x0000011df59806f0 points into unknown readable memory: 0x0000000000000000 | 00 00 00 00 00 00 00 00
R8 =0x0 is NULL
R9 =0x0000000000000004 is an unknown value
R10=0x0000000000000001 is an unknown value
R11=0x0000011df5975a70 points into unknown readable memory: 0x00007ffe34a004d8 | d8 04 a0 34 fe 7f 00 00
R12=0x0 is NULL
R13=0x0000011da160f630 points into unknown readable memory: 0x00007ffe34a06c58 | 58 6c a0 34 fe 7f 00 00
R14=0x0000000000000020 is an unknown value
R15=0x0000000b5381fa80 points into unknown readable memory: 0x0000000709ea5d79 | 79 5d ea 09 07 00 00 00


Registers:
RAX=0x0000070000001879, RBX=0x0000000000000005, RCX=0x0000000000000001, RDX=0x0000000000000004
RSP=0x0000000b5381fa28, RBP=0x0000000000000002, RSI=0x0000011df59809c0, RDI=0x0000011df59806f0
R8 =0x0000000000000000, R9 =0x0000000000000004, R10=0x0000000000000001, R11=0x0000011df5975a70
R12=0x0000000000000000, R13=0x0000011da160f630, R14=0x0000000000000020, R15=0x0000000b5381fa80
RIP=0x00007ffe343f5131, EFLAGS=0x0000000000010202

Top of Stack: (sp=0x0000000b5381fa28)
0x0000000b5381fa28:   0000000000000005 0000011da160f630
0x0000000b5381fa38:   0000000000000003 0000000b5381fb50
0x0000000b5381fa48:   00007ffe344128ab 0000052b00000347
0x0000000b5381fa58:   0000011da160f630 0000011df5975a70
0x0000000b5381fa68:   0000000709ea5c98 0000000b5381fae0
0x0000000b5381fa78:   00007ffe343e6690 0000000709ea5d79
0x0000000b5381fa88:   0000000000000000 0000000b5381fb50
0x0000000b5381fa98:   0000000000000000 0000000b520fed80
0x0000000b5381faa8:   00007ffe3477cb8f 0000000000000000
0x0000000b5381fab8:   0000000000000000 0000000000000000
0x0000000b5381fac8:   0000000000000000 0000000000000000
0x0000000b5381fad8:   00007ffe3489ff37 0000011d9aa0a560
0x0000000b5381fae8:   0000011da185fcb0 00000000000003d8
0x0000000b5381faf8:   0000011d9aa0a938 0000000000000005
0x0000000b5381fb08:   00007ffe343e6c5a 0000011da160f630
0x0000000b5381fb18:   0000000000000013 0000000b520fed80 

Instructions: (pc=0x00007ffe343f5131)
0x00007ffe343f5031:   48 8b 5c 24 50 48 83 c4 40 5f c3 cc cc cc cc 48
0x00007ffe343f5041:   89 5c 24 08 57 48 83 ec 20 48 8b da 48 8b f9 f6
0x00007ffe343f5051:   c2 01 74 1c 48 83 e3 fe 48 83 c1 08 48 8b d3 e8
0x00007ffe343f5061:   1b 15 00 00 48 8b 97 a0 00 00 00 48 03 d0 eb 3d
0x00007ffe343f5071:   48 8b cb e8 37 cd fe ff 84 c0 74 18 48 8d 4f 08
0x00007ffe343f5081:   48 8b d3 e8 97 14 00 00 48 8b 97 a0 00 00 00 48
0x00007ffe343f5091:   03 d0 eb 19 48 8b 97 80 00 00 00 48 8b cb e8 8c
0x00007ffe343f50a1:   a6 fe ff 48 63 d0 48 03 97 a0 00 00 00 48 89 97
0x00007ffe343f50b1:   a0 00 00 00 48 3b 97 a8 00 00 00 73 10 48 8b 87
0x00007ffe343f50c1:   c0 00 00 00 48 39 87 b8 00 00 00 72 13 48 8b cf
0x00007ffe343f50d1:   e8 fa f1 ff ff 84 c0 75 07 c6 87 d0 00 00 00 01
0x00007ffe343f50e1:   48 8b 5c 24 30 48 83 c4 20 5f c3 cc cc cc cc 40
0x00007ffe343f50f1:   53 48 83 ec 20 48 8b d9 e8 d2 f1 ff ff 84 c0 74
0x00007ffe343f5101:   20 48 8b 43 20 48 8b 88 f0 01 00 00 48 85 c9 75
0x00007ffe343f5111:   10 38 8b d0 00 00 00 75 08 32 c0 48 83 c4 20 5b
0x00007ffe343f5121:   c3 b0 01 48 83 c4 20 5b c3 cc cc cc cc cc cc 48
0x00007ffe343f5131:   8b 41 08 0f b6 80 12 05 00 00 c3 cc cc cc cc 40
0x00007ffe343f5141:   53 48 83 ec 20 0f b6 05 a3 9b 83 00 48 8b d9 84
0x00007ffe343f5151:   c0 74 16 e8 77 84 45 00 48 8b 43 08 0f b6 80 12
0x00007ffe343f5161:   05 00 00 48 83 c4 20 5b c3 48 8b 41 08 0f b6 80
0x00007ffe343f5171:   12 05 00 00 48 83 c4 20 5b c3 cc cc cc cc cc 48
0x00007ffe343f5181:   89 5c 24 10 48 89 6c 24 18 48 89 74 24 20 57 41
0x00007ffe343f5191:   54 41 56 41 57 45 33 e4 8b da 4c 8b d9 4d 8b f8
0x00007ffe343f51a1:   8b 49 08 41 8b ec 8d 04 09 85 c0 0f 84 58 02 00
0x00007ffe343f51b1:   00 83 f9 02 0f 86 c5 01 00 00 49 8b 43 10 48 8b
0x00007ffe343f51c1:   34 d8 44 8b 8e 00 02 00 00 41 83 f9 ff 75 49 44
0x00007ffe343f51d1:   8b 86 04 02 00 00 b8 5f 0b 4e 83 41 f7 e8 41 03
0x00007ffe343f51e1:   d0 c1 fa 10 8b c2 c1 e8 1f 03 d0 41 69 c0 a7 41
0x00007ffe343f51f1:   00 00 69 ca ff ff ff 7f 2b c1 85 c0 8d 88 ff ff
0x00007ffe343f5201:   ff 7f 0f 4e c1 33 d2 89 86 04 02 00 00 41 f7 73
0x00007ffe343f5211:   08 44 8b ca 3b d3 74 b7 8b d3 0f 1f 44 00 00 3b
0x00007ffe343f5221:   d3 74 05 41 3b d1 75 44 44 8b 86 04 02 00 00 b8 


Stack slot to memory mapping:
stack at sp + 0 slots: 0x0000000000000005 is an unknown value
stack at sp + 1 slots: 0x0000011da160f630 points into unknown readable memory: 0x00007ffe34a06c58 | 58 6c a0 34 fe 7f 00 00
stack at sp + 2 slots: 0x0000000000000003 is an unknown value
stack at sp + 3 slots: 0x0000000b5381fb50 points into unknown readable memory: 0x00007ffe34a004a0 | a0 04 a0 34 fe 7f 00 00
stack at sp + 4 slots: 0x00007ffe344128ab jvm.dll
stack at sp + 5 slots: 0x0000052b00000347 is an unknown value
stack at sp + 6 slots: 0x0000011da160f630 points into unknown readable memory: 0x00007ffe34a06c58 | 58 6c a0 34 fe 7f 00 00
stack at sp + 7 slots: 0x0000011df5975a70 points into unknown readable memory: 0x00007ffe34a004d8 | d8 04 a0 34 fe 7f 00 00


---------------  P R O C E S S  ---------------

Threads class SMR info:
_java_thread_list=0x0000011da17479d0, length=20, elements={
0x0000011df5967d10, 0x0000011dff33e740, 0x0000011dff340170, 0x0000011dff34e820,
0x0000011dff34f0e0, 0x0000011dff34f9a0, 0x0000011dff350260, 0x0000011dff354400,
0x0000011dff35edd0, 0x0000011dff35f6d0, 0x0000011dff326b00, 0x0000011d99182e00,
0x0000011d991832d0, 0x0000011d992a7780, 0x0000011d992a90e0, 0x0000011d992aa240,
0x0000011d9926cd80, 0x0000011d9ac246d0, 0x0000011d9ac20d10, 0x0000011da155d4f0
}

Java Threads: ( => current thread )
  0x0000011df5967d10 JavaThread "main" [_thread_blocked, id=8572, stack(0x0000000b51a00000,0x0000000b51b00000)]
  0x0000011dff33e740 JavaThread "Reference Handler" daemon [_thread_blocked, id=7752, stack(0x0000000b52100000,0x0000000b52200000)]
  0x0000011dff340170 JavaThread "Finalizer" daemon [_thread_blocked, id=14776, stack(0x0000000b52200000,0x0000000b52300000)]
  0x0000011dff34e820 JavaThread "Signal Dispatcher" daemon [_thread_blocked, id=9384, stack(0x0000000b52300000,0x0000000b52400000)]
  0x0000011dff34f0e0 JavaThread "Attach Listener" daemon [_thread_blocked, id=8800, stack(0x0000000b52400000,0x0000000b52500000)]
  0x0000011dff34f9a0 JavaThread "Service Thread" daemon [_thread_blocked, id=15160, stack(0x0000000b52500000,0x0000000b52600000)]
  0x0000011dff350260 JavaThread "Monitor Deflation Thread" daemon [_thread_blocked, id=7360, stack(0x0000000b52600000,0x0000000b52700000)]
  0x0000011dff354400 JavaThread "C2 CompilerThread0" daemon [_thread_blocked, id=5760, stack(0x0000000b52700000,0x0000000b52800000)]
  0x0000011dff35edd0 JavaThread "C1 CompilerThread0" daemon [_thread_blocked, id=7832, stack(0x0000000b52800000,0x0000000b52900000)]
  0x0000011dff35f6d0 JavaThread "Sweeper thread" daemon [_thread_blocked, id=13600, stack(0x0000000b52900000,0x0000000b52a00000)]
  0x0000011dff326b00 JavaThread "Common-Cleaner" daemon [_thread_blocked, id=13200, stack(0x0000000b52a00000,0x0000000b52b00000)]
  0x0000011d99182e00 JavaThread "Monitor Ctrl-Break" daemon [_thread_in_native, id=17016, stack(0x0000000b52b00000,0x0000000b52c00000)]
  0x0000011d991832d0 JavaThread "Notification Thread" daemon [_thread_blocked, id=6840, stack(0x0000000b52c00000,0x0000000b52d00000)]
  0x0000011d992a7780 JavaThread "Java2D Disposer" daemon [_thread_blocked, id=9848, stack(0x0000000b52f00000,0x0000000b53000000)]
  0x0000011d992a90e0 JavaThread "AWT-Shutdown" [_thread_blocked, id=14288, stack(0x0000000b53000000,0x0000000b53100000)]
  0x0000011d992aa240 JavaThread "AWT-Windows" daemon [_thread_blocked, id=5232, stack(0x0000000b53100000,0x0000000b53200000)]
  0x0000011d9926cd80 JavaThread "AWT-EventQueue-0" [_thread_blocked, id=2556, stack(0x0000000b52e00000,0x0000000b52f00000)]
  0x0000011d9ac246d0 JavaThread "D3D Screen Updater" daemon [_thread_in_native, id=9016, stack(0x0000000b53510000,0x0000000b53610000)]
  0x0000011d9ac20d10 JavaThread "Thread-0" [_thread_blocked, id=4008, stack(0x0000000b53b20000,0x0000000b53c20000)]
  0x0000011da155d4f0 JavaThread "C2 CompilerThread1" daemon [_thread_blocked, id=11388, stack(0x0000000b53c90000,0x0000000b53d90000)]

Other Threads:
  0x0000011dff33a480 VMThread "VM Thread" [stack: 0x0000000b52000000,0x0000000b52100000] [id=4084]
  0x0000011df59e5b90 WatcherThread [stack: 0x0000000b52d00000,0x0000000b52e00000] [id=8244]
  0x0000011df59d0840 GCTaskThread "GC Thread#0" [stack: 0x0000000b51b00000,0x0000000b51c00000] [id=12244]
  0x0000011da18d9060 GCTaskThread "GC Thread#1" [stack: 0x0000000b53620000,0x0000000b53720000] [id=8092]
=>0x0000011da148c2b0 GCTaskThread "GC Thread#2" [stack: 0x0000000b53720000,0x0000000b53820000] [id=8740]
  0x0000011da148c560 GCTaskThread "GC Thread#3" [stack: 0x0000000b53820000,0x0000000b53920000] [id=8932]
  0x0000011da148c810 GCTaskThread "GC Thread#4" [stack: 0x0000000b53920000,0x0000000b53a20000] [id=11164]
  0x0000011da1b511d0 GCTaskThread "GC Thread#5" [stack: 0x0000000b53a20000,0x0000000b53b20000] [id=10112]
  0x0000011df59dd470 ConcurrentGCThread "G1 Main Marker" [stack: 0x0000000b51c00000,0x0000000b51d00000] [id=5468]
  0x0000011df59ddc90 ConcurrentGCThread "G1 Conc#0" [stack: 0x0000000b51d00000,0x0000000b51e00000] [id=9760]
  0x0000011dff2034e0 ConcurrentGCThread "G1 Refine#0" [stack: 0x0000000b51e00000,0x0000000b51f00000] [id=5416]
  0x0000011dff203d10 ConcurrentGCThread "G1 Service" [stack: 0x0000000b51f00000,0x0000000b52000000] [id=12004]

Threads with active compile tasks:

VM state: at safepoint (normal execution)

VM Mutex/Monitor currently owned by a thread:  ([mutex/lock_event])
[0x0000011df5960cc0] Threads_lock - owner thread: 0x0000011dff33a480
[0x0000011df59604e0] Heap_lock - owner thread: 0x0000011df5967d10

Heap address: 0x0000000701600000, size: 4074 MB, Compressed Oops mode: Zero based, Oop shift amount: 3

CDS archive(s) mapped at: [0x0000000800000000-0x0000000800bd0000-0x0000000800bd0000), size 12386304, SharedBaseAddress: 0x0000000800000000, ArchiveRelocationMode: 0.
Compressed class space mapped at: 0x0000000800c00000-0x0000000840c00000, reserved size: 1073741824
Narrow klass base: 0x0000000800000000, Narrow klass shift: 0, Narrow klass range: 0x100000000

GC Precious Log:
 CPUs: 6 total, 6 available
 Memory: 16290M
 Large Page Support: Disabled
 NUMA Support: Disabled
 Compressed Oops: Enabled (Zero based)
 Heap Region Size: 2M
 Heap Min Capacity: 8M
 Heap Initial Capacity: 256M
 Heap Max Capacity: 4074M
 Pre-touch: Disabled
 Parallel Workers: 6
 Concurrent Workers: 2
 Concurrent Refinement Workers: 6
 Periodic GC: Disabled

Heap:
 garbage-first heap   total 262144K, used 228599K [0x0000000701600000, 0x0000000800000000)
  region size 2048K, 60 young (122880K), 2 survivors (4096K)
 Metaspace       used 9014K, committed 9152K, reserved 1056768K
  class space    used 953K, committed 1024K, reserved 1048576K

Heap Regions: E=young(eden), S=young(survivor), O=old, HS=humongous(starts), HC=humongous(continues), CS=collection set, F=free, OA=open archive, CA=closed archive, TAMS=top-at-mark-start (previous, next)
|   0|0x0000000701600000, 0x0000000701800000, 0x0000000701800000|100%|HS|  |TAMS 0x0000000701600000, 0x0000000701600000| Complete 
|   1|0x0000000701800000, 0x0000000701a00000, 0x0000000701a00000|100%|HC|  |TAMS 0x0000000701800000, 0x0000000701800000| Complete 
|   2|0x0000000701a00000, 0x0000000701c00000, 0x0000000701c00000|100%|HS|  |TAMS 0x0000000701a00000, 0x0000000701a00000| Complete 
|   3|0x0000000701c00000, 0x0000000701e00000, 0x0000000701e00000|100%|HC|  |TAMS 0x0000000701c00000, 0x0000000701c00000| Complete 
|   4|0x0000000701e00000, 0x0000000702000000, 0x0000000702000000|100%|HS|  |TAMS 0x0000000701e00000, 0x0000000701e00000| Complete 
|   5|0x0000000702000000, 0x0000000702200000, 0x0000000702200000|100%|HC|  |TAMS 0x0000000702000000, 0x0000000702000000| Complete 
|   6|0x0000000702200000, 0x0000000702400000, 0x0000000702400000|100%|HS|  |TAMS 0x0000000702200000, 0x0000000702200000| Complete 
|   7|0x0000000702400000, 0x0000000702600000, 0x0000000702600000|100%|HC|  |TAMS 0x0000000702400000, 0x0000000702400000| Complete 
|   8|0x0000000702600000, 0x0000000702800000, 0x0000000702800000|100%|HS|  |TAMS 0x0000000702600000, 0x0000000702600000| Complete 
|   9|0x0000000702800000, 0x0000000702a00000, 0x0000000702a00000|100%|HC|  |TAMS 0x0000000702800000, 0x0000000702800000| Complete 
|  10|0x0000000702a00000, 0x0000000702c00000, 0x0000000702c00000|100%|HS|  |TAMS 0x0000000702a00000, 0x0000000702a00000| Complete 
|  11|0x0000000702c00000, 0x0000000702e00000, 0x0000000702e00000|100%|HC|  |TAMS 0x0000000702c00000, 0x0000000702c00000| Complete 
|  12|0x0000000702e00000, 0x0000000703000000, 0x0000000703000000|100%|HS|  |TAMS 0x0000000702e00000, 0x0000000702e00000| Complete 
|  13|0x0000000703000000, 0x0000000703200000, 0x0000000703200000|100%|HC|  |TAMS 0x0000000703000000, 0x0000000703000000| Complete 
|  14|0x0000000703200000, 0x0000000703400000, 0x0000000703400000|100%|HS|  |TAMS 0x0000000703200000, 0x0000000703200000| Complete 
|  15|0x0000000703400000, 0x0000000703600000, 0x0000000703600000|100%|HC|  |TAMS 0x0000000703400000, 0x0000000703400000| Complete 
|  16|0x0000000703600000, 0x0000000703800000, 0x0000000703800000|100%|HS|  |TAMS 0x0000000703600000, 0x0000000703600000| Complete 
|  17|0x0000000703800000, 0x0000000703a00000, 0x0000000703a00000|100%|HS|  |TAMS 0x0000000703800000, 0x0000000703800000| Complete 
|  18|0x0000000703a00000, 0x0000000703c00000, 0x0000000703c00000|100%|HS|  |TAMS 0x0000000703a00000, 0x0000000703a00000| Complete 
|  19|0x0000000703c00000, 0x0000000703e00000, 0x0000000703e00000|100%|HS|  |TAMS 0x0000000703c00000, 0x0000000703c00000| Complete 
|  20|0x0000000703e00000, 0x0000000704000000, 0x0000000704000000|100%|HS|  |TAMS 0x0000000703e00000, 0x0000000703e00000| Complete 
|  21|0x0000000704000000, 0x0000000704200000, 0x0000000704200000|100%|HS|  |TAMS 0x0000000704000000, 0x0000000704000000| Complete 
|  22|0x0000000704200000, 0x0000000704400000, 0x0000000704400000|100%|HS|  |TAMS 0x0000000704200000, 0x0000000704200000| Complete 
|  23|0x0000000704400000, 0x0000000704600000, 0x0000000704600000|100%|HS|  |TAMS 0x0000000704400000, 0x0000000704400000| Complete 
|  24|0x0000000704600000, 0x0000000704800000, 0x0000000704800000|100%|HS|  |TAMS 0x0000000704600000, 0x0000000704600000| Complete 
|  25|0x0000000704800000, 0x0000000704a00000, 0x0000000704a00000|100%|HC|  |TAMS 0x0000000704800000, 0x0000000704800000| Complete 
|  26|0x0000000704a00000, 0x0000000704c00000, 0x0000000704c00000|100%|HS|  |TAMS 0x0000000704a00000, 0x0000000704a00000| Complete 
|  27|0x0000000704c00000, 0x0000000704e00000, 0x0000000704e00000|100%|HC|  |TAMS 0x0000000704c00000, 0x0000000704c00000| Complete 
|  28|0x0000000704e00000, 0x0000000705000000, 0x0000000705000000|100%|HS|  |TAMS 0x0000000704e00000, 0x0000000704e00000| Complete 
|  29|0x0000000705000000, 0x0000000705200000, 0x0000000705200000|100%|HC|  |TAMS 0x0000000705000000, 0x0000000705000000| Complete 
|  30|0x0000000705200000, 0x0000000705400000, 0x0000000705400000|100%|HS|  |TAMS 0x0000000705200000, 0x0000000705200000| Complete 
|  31|0x0000000705400000, 0x0000000705600000, 0x0000000705600000|100%|HC|  |TAMS 0x0000000705400000, 0x0000000705400000| Complete 
|  32|0x0000000705600000, 0x0000000705800000, 0x0000000705800000|100%|HS|  |TAMS 0x0000000705600000, 0x0000000705600000| Complete 
|  33|0x0000000705800000, 0x0000000705a00000, 0x0000000705a00000|100%|HC|  |TAMS 0x0000000705800000, 0x0000000705800000| Complete 
|  34|0x0000000705a00000, 0x0000000705c00000, 0x0000000705c00000|100%|HS|  |TAMS 0x0000000705a00000, 0x0000000705a00000| Complete 
|  35|0x0000000705c00000, 0x0000000705e00000, 0x0000000705e00000|100%|HC|  |TAMS 0x0000000705c00000, 0x0000000705c00000| Complete 
|  36|0x0000000705e00000, 0x0000000706000000, 0x0000000706000000|100%|HS|  |TAMS 0x0000000705e00000, 0x0000000705e00000| Complete 
|  37|0x0000000706000000, 0x0000000706200000, 0x0000000706200000|100%|HC|  |TAMS 0x0000000706000000, 0x0000000706000000| Complete 
|  38|0x0000000706200000, 0x0000000706400000, 0x0000000706400000|100%|HS|  |TAMS 0x0000000706200000, 0x0000000706200000| Complete 
|  39|0x0000000706400000, 0x0000000706600000, 0x0000000706600000|100%|HC|  |TAMS 0x0000000706400000, 0x0000000706400000| Complete 
|  40|0x0000000706600000, 0x0000000706800000, 0x0000000706800000|100%|HS|  |TAMS 0x0000000706600000, 0x0000000706600000| Complete 
|  41|0x0000000706800000, 0x0000000706a00000, 0x0000000706a00000|100%|HS|  |TAMS 0x0000000706800000, 0x0000000706800000| Complete 
|  42|0x0000000706a00000, 0x0000000706c00000, 0x0000000706c00000|100%|HS|  |TAMS 0x0000000706a00000, 0x0000000706a00000| Complete 
|  43|0x0000000706c00000, 0x0000000706e00000, 0x0000000706e00000|100%|HS|  |TAMS 0x0000000706c00000, 0x0000000706c00000| Complete 
|  44|0x0000000706e00000, 0x0000000707000000, 0x0000000707000000|100%|HS|  |TAMS 0x0000000706e00000, 0x0000000706e00000| Complete 
|  45|0x0000000707000000, 0x0000000707200000, 0x0000000707200000|100%|HS|  |TAMS 0x0000000707000000, 0x0000000707000000| Complete 
|  46|0x0000000707200000, 0x0000000707400000, 0x0000000707400000|100%|HS|  |TAMS 0x0000000707200000, 0x0000000707200000| Complete 
|  47|0x0000000707400000, 0x0000000707600000, 0x0000000707600000|100%|HS|  |TAMS 0x0000000707400000, 0x0000000707400000| Complete 
|  48|0x0000000707600000, 0x0000000707800000, 0x0000000707800000|100%|HS|  |TAMS 0x0000000707600000, 0x0000000707600000| Complete 
|  49|0x0000000707800000, 0x0000000707a00000, 0x0000000707a00000|100%|HC|  |TAMS 0x0000000707800000, 0x0000000707800000| Complete 
|  50|0x0000000707a00000, 0x0000000707c00000, 0x0000000707c00000|100%|HS|  |TAMS 0x0000000707a00000, 0x0000000707a00000| Complete 
|  51|0x0000000707c00000, 0x0000000707e00000, 0x0000000707e00000|100%|HC|  |TAMS 0x0000000707c00000, 0x0000000707c00000| Complete 
|  52|0x0000000707e00000, 0x0000000707e00000, 0x0000000708000000|  0%| F|  |TAMS 0x0000000707e00000, 0x0000000707e00000| Untracked 
|  53|0x0000000708000000, 0x0000000708000000, 0x0000000708200000|  0%| F|  |TAMS 0x0000000708000000, 0x0000000708000000| Untracked 
|  54|0x0000000708200000, 0x000000070833df58, 0x0000000708400000| 62%| E|CS|TAMS 0x0000000708200000, 0x0000000708200000| Complete 
|  55|0x0000000708400000, 0x0000000708600000, 0x0000000708600000|100%| E|CS|TAMS 0x0000000708400000, 0x0000000708400000| Complete 
|  56|0x0000000708600000, 0x0000000708600000, 0x0000000708800000|  0%| F|  |TAMS 0x0000000708600000, 0x0000000708600000| Untracked 
|  57|0x0000000708800000, 0x0000000708800000, 0x0000000708a00000|  0%| F|  |TAMS 0x0000000708800000, 0x0000000708800000| Untracked 
|  58|0x0000000708a00000, 0x0000000708a00000, 0x0000000708c00000|  0%| F|  |TAMS 0x0000000708a00000, 0x0000000708a00000| Untracked 
|  59|0x0000000708c00000, 0x0000000708c00000, 0x0000000708e00000|  0%| F|  |TAMS 0x0000000708c00000, 0x0000000708c00000| Untracked 
|  60|0x0000000708e00000, 0x0000000708e00000, 0x0000000709000000|  0%| F|  |TAMS 0x0000000708e00000, 0x0000000708e00000| Untracked 
|  61|0x0000000709000000, 0x0000000709000000, 0x0000000709200000|  0%| F|  |TAMS 0x0000000709000000, 0x0000000709000000| Untracked 
|  62|0x0000000709200000, 0x0000000709200000, 0x0000000709400000|  0%| F|  |TAMS 0x0000000709200000, 0x0000000709200000| Untracked 
|  63|0x0000000709400000, 0x0000000709400000, 0x0000000709600000|  0%| F|  |TAMS 0x0000000709400000, 0x0000000709400000| Untracked 
|  64|0x0000000709600000, 0x0000000709600000, 0x0000000709800000|  0%| F|  |TAMS 0x0000000709600000, 0x0000000709600000| Untracked 
|  65|0x0000000709800000, 0x0000000709800000, 0x0000000709a00000|  0%| F|  |TAMS 0x0000000709800000, 0x0000000709800000| Untracked 
|  66|0x0000000709a00000, 0x0000000709a00000, 0x0000000709c00000|  0%| F|  |TAMS 0x0000000709a00000, 0x0000000709a00000| Untracked 
|  67|0x0000000709c00000, 0x0000000709c00000, 0x0000000709e00000|  0%| F|  |TAMS 0x0000000709c00000, 0x0000000709c00000| Untracked 
|  68|0x0000000709e00000, 0x0000000709f6da78, 0x000000070a000000| 71%| S|  |TAMS 0x0000000709e00000, 0x0000000709e00000| Complete 
|  69|0x000000070a000000, 0x000000070a200000, 0x000000070a200000|100%| S|  |TAMS 0x000000070a000000, 0x000000070a000000| Complete 
|  70|0x000000070a200000, 0x000000070a400000, 0x000000070a400000|100%| E|CS|TAMS 0x000000070a200000, 0x000000070a200000| Complete 
|  71|0x000000070a400000, 0x000000070a600000, 0x000000070a600000|100%| E|CS|TAMS 0x000000070a400000, 0x000000070a400000| Complete 
|  72|0x000000070a600000, 0x000000070a800000, 0x000000070a800000|100%| E|CS|TAMS 0x000000070a600000, 0x000000070a600000| Complete 
|  73|0x000000070a800000, 0x000000070aa00000, 0x000000070aa00000|100%| E|CS|TAMS 0x000000070a800000, 0x000000070a800000| Complete 
|  74|0x000000070aa00000, 0x000000070ac00000, 0x000000070ac00000|100%| E|CS|TAMS 0x000000070aa00000, 0x000000070aa00000| Complete 
|  75|0x000000070ac00000, 0x000000070ae00000, 0x000000070ae00000|100%| E|CS|TAMS 0x000000070ac00000, 0x000000070ac00000| Complete 
|  76|0x000000070ae00000, 0x000000070b000000, 0x000000070b000000|100%| E|CS|TAMS 0x000000070ae00000, 0x000000070ae00000| Complete 
|  77|0x000000070b000000, 0x000000070b200000, 0x000000070b200000|100%| E|CS|TAMS 0x000000070b000000, 0x000000070b000000| Complete 
|  78|0x000000070b200000, 0x000000070b400000, 0x000000070b400000|100%| E|CS|TAMS 0x000000070b200000, 0x000000070b200000| Complete 
|  79|0x000000070b400000, 0x000000070b600000, 0x000000070b600000|100%| E|CS|TAMS 0x000000070b400000, 0x000000070b400000| Complete 
|  80|0x000000070b600000, 0x000000070b800000, 0x000000070b800000|100%| E|CS|TAMS 0x000000070b600000, 0x000000070b600000| Complete 
|  81|0x000000070b800000, 0x000000070ba00000, 0x000000070ba00000|100%| E|CS|TAMS 0x000000070b800000, 0x000000070b800000| Complete 
|  82|0x000000070ba00000, 0x000000070bc00000, 0x000000070bc00000|100%| E|CS|TAMS 0x000000070ba00000, 0x000000070ba00000| Complete 
|  83|0x000000070bc00000, 0x000000070be00000, 0x000000070be00000|100%| E|CS|TAMS 0x000000070bc00000, 0x000000070bc00000| Complete 
|  84|0x000000070be00000, 0x000000070c000000, 0x000000070c000000|100%| E|CS|TAMS 0x000000070be00000, 0x000000070be00000| Complete 
|  85|0x000000070c000000, 0x000000070c200000, 0x000000070c200000|100%| E|CS|TAMS 0x000000070c000000, 0x000000070c000000| Complete 
|  86|0x000000070c200000, 0x000000070c400000, 0x000000070c400000|100%| E|CS|TAMS 0x000000070c200000, 0x000000070c200000| Complete 
|  87|0x000000070c400000, 0x000000070c600000, 0x000000070c600000|100%| E|CS|TAMS 0x000000070c400000, 0x000000070c400000| Complete 
|  88|0x000000070c600000, 0x000000070c800000, 0x000000070c800000|100%| E|CS|TAMS 0x000000070c600000, 0x000000070c600000| Complete 
|  89|0x000000070c800000, 0x000000070ca00000, 0x000000070ca00000|100%| E|CS|TAMS 0x000000070c800000, 0x000000070c800000| Complete 
|  90|0x000000070ca00000, 0x000000070cc00000, 0x000000070cc00000|100%| E|CS|TAMS 0x000000070ca00000, 0x000000070ca00000| Complete 
|  91|0x000000070cc00000, 0x000000070ce00000, 0x000000070ce00000|100%| E|CS|TAMS 0x000000070cc00000, 0x000000070cc00000| Complete 
|  92|0x000000070ce00000, 0x000000070d000000, 0x000000070d000000|100%| E|CS|TAMS 0x000000070ce00000, 0x000000070ce00000| Complete 
|  93|0x000000070d000000, 0x000000070d200000, 0x000000070d200000|100%| E|CS|TAMS 0x000000070d000000, 0x000000070d000000| Complete 
|  94|0x000000070d200000, 0x000000070d400000, 0x000000070d400000|100%| E|CS|TAMS 0x000000070d200000, 0x000000070d200000| Complete 
|  95|0x000000070d400000, 0x000000070d600000, 0x000000070d600000|100%| E|CS|TAMS 0x000000070d400000, 0x000000070d400000| Complete 
|  96|0x000000070d600000, 0x000000070d800000, 0x000000070d800000|100%| E|CS|TAMS 0x000000070d600000, 0x000000070d600000| Complete 
|  97|0x000000070d800000, 0x000000070da00000, 0x000000070da00000|100%| E|CS|TAMS 0x000000070d800000, 0x000000070d800000| Complete 
|  98|0x000000070da00000, 0x000000070dc00000, 0x000000070dc00000|100%| E|CS|TAMS 0x000000070da00000, 0x000000070da00000| Complete 
|  99|0x000000070dc00000, 0x000000070de00000, 0x000000070de00000|100%| E|CS|TAMS 0x000000070dc00000, 0x000000070dc00000| Complete 
| 100|0x000000070de00000, 0x000000070e000000, 0x000000070e000000|100%| E|CS|TAMS 0x000000070de00000, 0x000000070de00000| Complete 
| 101|0x000000070e000000, 0x000000070e200000, 0x000000070e200000|100%| E|CS|TAMS 0x000000070e000000, 0x000000070e000000| Complete 
| 102|0x000000070e200000, 0x000000070e400000, 0x000000070e400000|100%| E|CS|TAMS 0x000000070e200000, 0x000000070e200000| Complete 
| 103|0x000000070e400000, 0x000000070e600000, 0x000000070e600000|100%| E|CS|TAMS 0x000000070e400000, 0x000000070e400000| Complete 
| 104|0x000000070e600000, 0x000000070e800000, 0x000000070e800000|100%| E|CS|TAMS 0x000000070e600000, 0x000000070e600000| Complete 
| 105|0x000000070e800000, 0x000000070ea00000, 0x000000070ea00000|100%| E|CS|TAMS 0x000000070e800000, 0x000000070e800000| Complete 
| 106|0x000000070ea00000, 0x000000070ec00000, 0x000000070ec00000|100%| E|CS|TAMS 0x000000070ea00000, 0x000000070ea00000| Complete 
| 107|0x000000070ec00000, 0x000000070ee00000, 0x000000070ee00000|100%| E|CS|TAMS 0x000000070ec00000, 0x000000070ec00000| Complete 
| 108|0x000000070ee00000, 0x000000070f000000, 0x000000070f000000|100%| E|CS|TAMS 0x000000070ee00000, 0x000000070ee00000| Complete 
| 109|0x000000070f000000, 0x000000070f200000, 0x000000070f200000|100%| E|CS|TAMS 0x000000070f000000, 0x000000070f000000| Complete 
| 110|0x000000070f200000, 0x000000070f400000, 0x000000070f400000|100%| E|CS|TAMS 0x000000070f200000, 0x000000070f200000| Complete 
| 111|0x000000070f400000, 0x000000070f600000, 0x000000070f600000|100%| E|CS|TAMS 0x000000070f400000, 0x000000070f400000| Complete 
| 112|0x000000070f600000, 0x000000070f800000, 0x000000070f800000|100%| E|CS|TAMS 0x000000070f600000, 0x000000070f600000| Complete 
| 113|0x000000070f800000, 0x000000070fa00000, 0x000000070fa00000|100%| E|CS|TAMS 0x000000070f800000, 0x000000070f800000| Complete 
| 114|0x000000070fa00000, 0x000000070fc00000, 0x000000070fc00000|100%| E|CS|TAMS 0x000000070fa00000, 0x000000070fa00000| Complete 
| 115|0x000000070fc00000, 0x000000070fe00000, 0x000000070fe00000|100%| E|CS|TAMS 0x000000070fc00000, 0x000000070fc00000| Complete 
| 116|0x000000070fe00000, 0x0000000710000000, 0x0000000710000000|100%| E|CS|TAMS 0x000000070fe00000, 0x000000070fe00000| Complete 
| 117|0x0000000710000000, 0x0000000710200000, 0x0000000710200000|100%| E|CS|TAMS 0x0000000710000000, 0x0000000710000000| Complete 
| 118|0x0000000710200000, 0x0000000710400000, 0x0000000710400000|100%| E|CS|TAMS 0x0000000710200000, 0x0000000710200000| Complete 
| 119|0x0000000710400000, 0x0000000710600000, 0x0000000710600000|100%| E|CS|TAMS 0x0000000710400000, 0x0000000710400000| Complete 
| 120|0x0000000710600000, 0x0000000710800000, 0x0000000710800000|100%| E|CS|TAMS 0x0000000710600000, 0x0000000710600000| Complete 
| 121|0x0000000710800000, 0x0000000710a00000, 0x0000000710a00000|100%| E|CS|TAMS 0x0000000710800000, 0x0000000710800000| Complete 
| 122|0x0000000710a00000, 0x0000000710c00000, 0x0000000710c00000|100%| E|CS|TAMS 0x0000000710a00000, 0x0000000710a00000| Complete 
| 123|0x0000000710c00000, 0x0000000710e00000, 0x0000000710e00000|100%| E|CS|TAMS 0x0000000710c00000, 0x0000000710c00000| Complete 
| 124|0x0000000710e00000, 0x0000000711000000, 0x0000000711000000|100%| E|CS|TAMS 0x0000000710e00000, 0x0000000710e00000| Complete 
| 125|0x0000000711000000, 0x0000000711200000, 0x0000000711200000|100%| E|CS|TAMS 0x0000000711000000, 0x0000000711000000| Complete 
| 126|0x0000000711200000, 0x0000000711400000, 0x0000000711400000|100%| E|CS|TAMS 0x0000000711200000, 0x0000000711200000| Complete 
| 127|0x0000000711400000, 0x0000000711600000, 0x0000000711600000|100%| E|CS|TAMS 0x0000000711400000, 0x0000000711400000| Complete 

Card table byte_map: [0x0000011dfdb10000,0x0000011dfe310000] _byte_map_base: 0x0000011dfa305000

Marking Bits (Prev, Next): (CMBitMap*) 0x0000011df59d0c60, (CMBitMap*) 0x0000011df59d0ca0
 Prev Bits: [0x0000011d8f000000, 0x0000011d92fa8000)
 Next Bits: [0x0000011d92fb0000, 0x0000011d96f58000)

Polling page: 0x0000011df5140000

Metaspace:

Usage:
  Non-class:      7.87 MB used.
      Class:    953.30 KB used.
       Both:      8.80 MB used.

Virtual space:
  Non-class space:        8.00 MB reserved,       7.94 MB (>99%) committed,  1 nodes.
      Class space:        1.00 GB reserved,       1.00 MB ( <1%) committed,  1 nodes.
             Both:        1.01 GB reserved,       8.94 MB ( <1%) committed. 

Chunk freelists:
   Non-Class:  92.00 KB
       Class:  3.01 MB
        Both:  3.10 MB

MaxMetaspaceSize: unlimited
CompressedClassSpaceSize: 1.00 GB
Initial GC threshold: 21.00 MB
Current GC threshold: 21.00 MB
CDS: on
MetaspaceReclaimPolicy: balanced
 - commit_granule_bytes: 65536.
 - commit_granule_words: 8192.
 - virtual_space_node_default_size: 1048576.
 - enlarge_chunks_in_place: 1.
 - new_chunks_are_fully_committed: 0.
 - uncommit_free_chunks: 1.
 - use_allocation_guard: 0.
 - handle_deallocations: 1.


Internal statistics:

num_allocs_failed_limit: 0.
num_arena_births: 120.
num_arena_deaths: 0.
num_vsnodes_births: 2.
num_vsnodes_deaths: 0.
num_space_committed: 143.
num_space_uncommitted: 0.
num_chunks_returned_to_freelist: 0.
num_chunks_taken_from_freelist: 184.
num_chunk_merges: 0.
num_chunk_splits: 99.
num_chunks_enlarged: 33.
num_purges: 0.
num_inconsistent_stats: 0.

CodeHeap 'non-profiled nmethods': size=120000Kb used=851Kb max_used=851Kb free=119148Kb
 bounds [0x0000011d87ad0000, 0x0000011d87d40000, 0x0000011d8f000000]
CodeHeap 'profiled nmethods': size=120000Kb used=3224Kb max_used=3224Kb free=116775Kb
 bounds [0x0000011d80000000, 0x0000011d80330000, 0x0000011d87530000]
CodeHeap 'non-nmethods': size=5760Kb used=1271Kb max_used=1313Kb free=4489Kb
 bounds [0x0000011d87530000, 0x0000011d877a0000, 0x0000011d87ad0000]
 total_blobs=2542 nmethods=1946 adapters=509
 compilation: enabled
              stopped_count=0, restarted_count=0
 full_count=0

Compilation events (20 events):
Event: 1.502 Thread 0x0000011dff35edd0 1937   !   3       sun.java2d.d3d.D3DScreenUpdateManager::runUpdateNow (99 bytes)
Event: 1.503 Thread 0x0000011dff35edd0 nmethod 1937 0x0000011d80321410 code [0x0000011d80321600, 0x0000011d80321c78]
Event: 1.505 Thread 0x0000011dff35edd0 1938   !   3       javax.swing.RepaintManager::endPaint (72 bytes)
Event: 1.505 Thread 0x0000011dff35edd0 nmethod 1938 0x0000011d80321f10 code [0x0000011d803220e0, 0x0000011d80322708]
Event: 1.505 Thread 0x0000011dff35edd0 1939       3       java.awt.event.MouseEvent::<init> (211 bytes)
Event: 1.506 Thread 0x0000011dff35edd0 nmethod 1939 0x0000011d80322910 code [0x0000011d80322c00, 0x0000011d80323ef8]
Event: 1.506 Thread 0x0000011dff35edd0 1940       3       java.awt.event.InputEvent::<init> (26 bytes)
Event: 1.506 Thread 0x0000011dff35edd0 nmethod 1940 0x0000011d80324510 code [0x0000011d803246c0, 0x0000011d803248b8]
Event: 1.506 Thread 0x0000011dff35edd0 1941   !   3       java.awt.event.InputEvent::canAccessSystemClipboard (57 bytes)
Event: 1.507 Thread 0x0000011dff35edd0 nmethod 1941 0x0000011d80324a10 code [0x0000011d80324ca0, 0x0000011d80325968]
Event: 1.507 Thread 0x0000011dff354400 1942       4       sun.font.CompositeGlyphMapper::charsToGlyphsNS (166 bytes)
Event: 1.507 Thread 0x0000011da155d4f0 1943       4       sun.font.FileFontStrike::getSlot0GlyphImagePtrs (130 bytes)
Event: 1.509 Thread 0x0000011dff354400 nmethod 1942 0x0000011d87ba3990 code [0x0000011d87ba3b20, 0x0000011d87ba3df8]
Event: 1.509 Thread 0x0000011da155d4f0 nmethod 1943 0x0000011d87ba4010 code [0x0000011d87ba41a0, 0x0000011d87ba4518]
Event: 1.529 Thread 0x0000011dff35edd0 1944       3       java.awt.EventQueue$4::run (5 bytes)
Event: 1.529 Thread 0x0000011dff35edd0 nmethod 1944 0x0000011d80325e90 code [0x0000011d80326020, 0x0000011d80326168]
Event: 1.550 Thread 0x0000011da155d4f0 1945       4       java.lang.StringConcatHelper::mix (27 bytes)
Event: 1.550 Thread 0x0000011da155d4f0 nmethod 1945 0x0000011d87ba4890 code [0x0000011d87ba4a00, 0x0000011d87ba4ab8]
Event: 1.602 Thread 0x0000011da155d4f0 1946       4       java.lang.Math::max (11 bytes)
Event: 1.602 Thread 0x0000011da155d4f0 nmethod 1946 0x0000011d87ba4c10 code [0x0000011d87ba4d80, 0x0000011d87ba4dd8]

GC Heap History (7 events):
Event: 0.460 GC heap before
{Heap before GC invocations=0 (full 0):
 garbage-first heap   total 262144K, used 32768K [0x0000000701600000, 0x0000000800000000)
  region size 2048K, 10 young (20480K), 0 survivors (0K)
 Metaspace       used 8155K, committed 8384K, reserved 1056768K
  class space    used 915K, committed 1024K, reserved 1048576K
}
Event: 0.462 GC heap after
{Heap after GC invocations=1 (full 0):
 garbage-first heap   total 262144K, used 14947K [0x0000000701600000, 0x0000000800000000)
  region size 2048K, 2 young (4096K), 2 survivors (4096K)
 Metaspace       used 8155K, committed 8384K, reserved 1056768K
  class space    used 915K, committed 1024K, reserved 1048576K
}
Event: 0.592 GC heap before
{Heap before GC invocations=1 (full 0):
 garbage-first heap   total 262144K, used 86627K [0x0000000701600000, 0x0000000800000000)
  region size 2048K, 17 young (34816K), 2 survivors (4096K)
 Metaspace       used 8179K, committed 8384K, reserved 1056768K
  class space    used 915K, committed 1024K, reserved 1048576K
}
Event: 0.594 GC heap after
{Heap after GC invocations=2 (full 0):
 garbage-first heap   total 262144K, used 56039K [0x0000000701600000, 0x0000000800000000)
  region size 2048K, 2 young (4096K), 2 survivors (4096K)
 Metaspace       used 8179K, committed 8384K, reserved 1056768K
  class space    used 915K, committed 1024K, reserved 1048576K
}
Event: 1.265 GC heap before
{Heap before GC invocations=2 (full 0):
 garbage-first heap   total 262144K, used 250599K [0x0000000701600000, 0x0000000800000000)
  region size 2048K, 72 young (147456K), 2 survivors (4096K)
 Metaspace       used 8913K, committed 9088K, reserved 1056768K
  class space    used 952K, committed 1024K, reserved 1048576K
}
Event: 1.267 GC heap after
{Heap after GC invocations=3 (full 0):
 garbage-first heap   total 262144K, used 109815K [0x0000000701600000, 0x0000000800000000)
  region size 2048K, 2 young (4096K), 2 survivors (4096K)
 Metaspace       used 8913K, committed 9088K, reserved 1056768K
  class space    used 952K, committed 1024K, reserved 1048576K
}
Event: 1.604 GC heap before
{Heap before GC invocations=3 (full 0):
 garbage-first heap   total 262144K, used 228599K [0x0000000701600000, 0x0000000800000000)
  region size 2048K, 60 young (122880K), 2 survivors (4096K)
 Metaspace       used 9014K, committed 9152K, reserved 1056768K
  class space    used 953K, committed 1024K, reserved 1048576K
}

Deoptimization events (20 events):
Event: 0.964 Thread 0x0000011d992aa240 Uncommon trap: trap_request=0xffffffde fr.pc=0x0000011d87b39194 relative=0x0000000000000074
Event: 0.964 Thread 0x0000011d992aa240 Uncommon trap: reason=class_check action=maybe_recompile pc=0x0000011d87b39194 method=sun.awt.SunToolkit.getAppContext(Ljava/lang/Object;)Lsun/awt/AppContext; @ 1 c2
Event: 0.964 Thread 0x0000011d992aa240 DEOPT PACKING pc=0x0000011d87b39194 sp=0x0000000b531fe130
Event: 0.964 Thread 0x0000011d992aa240 DEOPT UNPACKING pc=0x0000011d875823a3 sp=0x0000000b531fe0c8 mode 2
Event: 0.964 Thread 0x0000011d992aa240 Uncommon trap: trap_request=0xffffffde fr.pc=0x0000011d87b39194 relative=0x0000000000000074
Event: 0.964 Thread 0x0000011d992aa240 Uncommon trap: reason=class_check action=maybe_recompile pc=0x0000011d87b39194 method=sun.awt.SunToolkit.getAppContext(Ljava/lang/Object;)Lsun/awt/AppContext; @ 1 c2
Event: 0.964 Thread 0x0000011d992aa240 DEOPT PACKING pc=0x0000011d87b39194 sp=0x0000000b531fe0b0
Event: 0.964 Thread 0x0000011d992aa240 DEOPT UNPACKING pc=0x0000011d875823a3 sp=0x0000000b531fe048 mode 2
Event: 1.198 Thread 0x0000011dff34f0e0 Uncommon trap: trap_request=0xffffffde fr.pc=0x0000011d87b28088 relative=0x00000000000004a8
Event: 1.198 Thread 0x0000011dff34f0e0 Uncommon trap: reason=class_check action=maybe_recompile pc=0x0000011d87b28088 method=java.io.DataInputStream.readFully([BII)V @ 30 c2
Event: 1.198 Thread 0x0000011dff34f0e0 DEOPT PACKING pc=0x0000011d87b28088 sp=0x0000000b524feec0
Event: 1.198 Thread 0x0000011dff34f0e0 DEOPT UNPACKING pc=0x0000011d875823a3 sp=0x0000000b524feec8 mode 2
Event: 1.198 Thread 0x0000011dff34f0e0 Uncommon trap: trap_request=0xffffffde fr.pc=0x0000011d87b28088 relative=0x00000000000004a8
Event: 1.198 Thread 0x0000011dff34f0e0 Uncommon trap: reason=class_check action=maybe_recompile pc=0x0000011d87b28088 method=java.io.DataInputStream.readFully([BII)V @ 30 c2
Event: 1.198 Thread 0x0000011dff34f0e0 DEOPT PACKING pc=0x0000011d87b28088 sp=0x0000000b524feec0
Event: 1.198 Thread 0x0000011dff34f0e0 DEOPT UNPACKING pc=0x0000011d875823a3 sp=0x0000000b524feec8 mode 2
Event: 1.267 Thread 0x0000011d9926cd80 Uncommon trap: trap_request=0xfffffff4 fr.pc=0x0000011d87b5d108 relative=0x00000000000020e8
Event: 1.267 Thread 0x0000011d9926cd80 Uncommon trap: reason=null_check action=make_not_entrant pc=0x0000011d87b5d108 method=sun.java2d.pipe.BufferedContext.validate(Lsun/java2d/pipe/hw/AccelSurface;Lsun/java2d/pipe/hw/AccelSurface;Lsun/java2d/pipe/Region;Ljava/awt/Composite;Ljava/awt/geom/Aff
Event: 1.267 Thread 0x0000011d9926cd80 DEOPT PACKING pc=0x0000011d87b5d108 sp=0x0000000b52efdc30
Event: 1.267 Thread 0x0000011d9926cd80 DEOPT UNPACKING pc=0x0000011d875823a3 sp=0x0000000b52efdbd8 mode 2

Classes unloaded (0 events):
No events

Classes redefined (0 events):
No events

Internal exceptions (16 events):
Event: 0.049 Thread 0x0000011d99182e00 Exception <a 'java/lang/NoSuchMethodError'{0x000000071126bc30}: 'java.lang.Object java.lang.invoke.DirectMethodHandle$Holder.invokeStaticInit(java.lang.Object)'> (0x000000071126bc30) 
thrown [s\open\src\hotspot\share\interpreter\linkResolver.cpp, line 759]
Event: 0.052 Thread 0x0000011d99182e00 Exception <a 'java/lang/NoSuchMethodError'{0x00000007112798f0}: 'void java.lang.invoke.DirectMethodHandle$Holder.invokeStatic(java.lang.Object, java.lang.Object)'> (0x00000007112798f0) 
thrown [s\open\src\hotspot\share\interpreter\linkResolver.cpp, line 759]
Event: 0.059 Thread 0x0000011df5967d10 Exception <a 'java/lang/ClassNotFoundException'{0x000000071122d3a0}: sun/awt/resources/spi/awtProvider> (0x000000071122d3a0) 
thrown [s\open\src\hotspot\share\classfile\systemDictionary.cpp, line 256]
Event: 0.070 Thread 0x0000011df5967d10 Exception <a 'java/io/FileNotFoundException'{0x00000007112e78b0}> (0x00000007112e78b0) 
thrown [s\open\src\hotspot\share\prims\jni.cpp, line 516]
Event: 0.074 Thread 0x0000011df5967d10 Exception <a 'java/io/FileNotFoundException'{0x00000007113147a0}> (0x00000007113147a0) 
thrown [s\open\src\hotspot\share\prims\jni.cpp, line 516]
Event: 0.107 Thread 0x0000011df5967d10 Exception <a 'java/lang/NoSuchMethodError'{0x0000000711001598}: 'void java.lang.invoke.DirectMethodHandle$Holder.invokeSpecial(java.lang.Object, java.lang.Object, java.lang.Object)'> (0x0000000711001598) 
thrown [s\open\src\hotspot\share\interpreter\linkResolver.cpp, line 759]
Event: 0.112 Thread 0x0000011df5967d10 Exception <a 'java/lang/NoSuchMethodError'{0x000000071102b560}: 'java.lang.Object java.lang.invoke.DirectMethodHandle$Holder.newInvokeSpecial(java.lang.Object, java.lang.Object, java.lang.Object, java.lang.Object, java.lang.Object)'> (0x000000071102b560) 
thrown [s\open\src\hotspot\share\interpreter\linkResolver.cpp, line 759]
Event: 0.113 Thread 0x0000011df5967d10 Exception <a 'java/lang/NoSuchMethodError'{0x0000000711036f28}: 'java.lang.Object java.lang.invoke.DirectMethodHandle$Holder.invokeStatic(java.lang.Object, int, java.lang.Object, java.lang.Object, java.lang.Object, java.lang.Object)'> (0x0000000711036f28) 
thrown [s\open\src\hotspot\share\interpreter\linkResolver.cpp, line 759]
Event: 0.115 Thread 0x0000011df5967d10 Exception <a 'java/lang/NoSuchMethodError'{0x000000071105c6e8}: 'java.lang.Object java.lang.invoke.DirectMethodHandle$Holder.invokeStatic(java.lang.Object, int, java.lang.Object)'> (0x000000071105c6e8) 
thrown [s\open\src\hotspot\share\interpreter\linkResolver.cpp, line 759]
Event: 0.131 Thread 0x0000011df5967d10 Exception <a 'java/lang/ClassNotFoundException'{0x0000000711116f60}: com/sun/swing/internal/plaf/metal/resources/spi/metalProvider> (0x0000000711116f60) 
thrown [s\open\src\hotspot\share\classfile\systemDictionary.cpp, line 256]
Event: 0.132 Thread 0x0000011df5967d10 Exception <a 'java/lang/ClassNotFoundException'{0x000000071111ab70}: com/sun/swing/internal/plaf/basic/resources/spi/basicProvider> (0x000000071111ab70) 
thrown [s\open\src\hotspot\share\classfile\systemDictionary.cpp, line 256]
Event: 0.235 Thread 0x0000011df5967d10 Exception <a 'java/lang/NoSuchMethodError'{0x000000071116a028}: 'void java.lang.invoke.DirectMethodHandle$Holder.invokeStaticInit(java.lang.Object)'> (0x000000071116a028) 
thrown [s\open\src\hotspot\share\interpreter\linkResolver.cpp, line 759]
Event: 0.253 Thread 0x0000011d992aa240 Exception <a 'java/lang/NoSuchMethodError'{0x00000007113aa8f8}: 'void java.lang.invoke.DirectMethodHandle$Holder.invokeVirtual(java.lang.Object, java.lang.Object)'> (0x00000007113aa8f8) 
thrown [s\open\src\hotspot\share\interpreter\linkResolver.cpp, line 759]
Event: 0.367 Thread 0x0000011df5967d10 Exception <a 'java/lang/NoSuchMethodError'{0x0000000710829dc8}: 'java.lang.Object java.lang.invoke.DirectMethodHandle$Holder.invokeStaticInit(java.lang.Object, int, int, int, int)'> (0x0000000710829dc8) 
thrown [s\open\src\hotspot\share\interpreter\linkResolver.cpp, line 759]
Event: 0.392 Thread 0x0000011df5967d10 Exception <a 'java/lang/NoSuchMethodError'{0x0000000710857a40}: 'java.lang.Object java.lang.invoke.DirectMethodHandle$Holder.invokeStaticInit(java.lang.Object, java.lang.Object, int, int, int, int)'> (0x0000000710857a40) 
thrown [s\open\src\hotspot\share\interpreter\linkResolver.cpp, line 759]
Event: 1.267 Thread 0x0000011d9926cd80 Implicit null exception at 0x0000011d87b5b56b to 0x0000011d87b5d0d0

VM Operations (20 events):
Event: 0.048 Executing VM operation: HandshakeAllThreads done
Event: 0.079 Executing VM operation: HandshakeAllThreads
Event: 0.079 Executing VM operation: HandshakeAllThreads done
Event: 0.246 Executing VM operation: HandshakeAllThreads
Event: 0.246 Executing VM operation: HandshakeAllThreads done
Event: 0.334 Executing VM operation: HandshakeAllThreads
Event: 0.334 Executing VM operation: HandshakeAllThreads done
Event: 0.334 Executing VM operation: HandshakeAllThreads
Event: 0.334 Executing VM operation: HandshakeAllThreads done
Event: 0.367 Executing VM operation: HandshakeAllThreads
Event: 0.367 Executing VM operation: HandshakeAllThreads done
Event: 0.394 Executing VM operation: ICBufferFull
Event: 0.394 Executing VM operation: ICBufferFull done
Event: 0.460 Executing VM operation: G1CollectForAllocation
Event: 0.462 Executing VM operation: G1CollectForAllocation done
Event: 0.592 Executing VM operation: G1CollectForAllocation
Event: 0.594 Executing VM operation: G1CollectForAllocation done
Event: 1.265 Executing VM operation: G1CollectForAllocation
Event: 1.267 Executing VM operation: G1CollectForAllocation done
Event: 1.604 Executing VM operation: G1CollectForAllocation

Events (20 events):
Event: 1.201 loading class sun/util/cldr/CLDRTimeZoneNameProviderImpl done
Event: 1.202 loading class sun/util/locale/provider/BaseLocaleDataMetaInfo
Event: 1.202 loading class sun/util/locale/provider/BaseLocaleDataMetaInfo done
Event: 1.203 loading class sun/util/resources/cldr/TimeZoneNames
Event: 1.203 loading class sun/util/resources/TimeZoneNamesBundle
Event: 1.203 loading class sun/util/resources/OpenListResourceBundle
Event: 1.203 loading class sun/util/resources/OpenListResourceBundle done
Event: 1.203 loading class sun/util/resources/TimeZoneNamesBundle done
Event: 1.203 loading class sun/util/resources/cldr/TimeZoneNames done
Event: 1.203 loading class sun/util/resources/cldr/TimeZoneNames_en
Event: 1.204 loading class sun/util/resources/cldr/TimeZoneNames_en done
Event: 1.204 loading class sun/util/resources/cldr/TimeZoneNames_en_US
Event: 1.204 loading class sun/util/resources/cldr/TimeZoneNames_en_US done
Event: 1.205 loading class sun/util/resources/TimeZoneNames
Event: 1.205 loading class sun/util/resources/TimeZoneNames done
Event: 1.205 loading class sun/util/resources/TimeZoneNames_en
Event: 1.205 loading class sun/util/resources/TimeZoneNames_en done
Event: 1.215 Thread 0x0000011da155d4f0 Thread added: 0x0000011da155d4f0
Event: 1.588 loading class java/awt/event/ContainerEvent
Event: 1.588 loading class java/awt/event/ContainerEvent done


Dynamic libraries:
0x00007ff75c080000 - 0x00007ff75c090000 	C:\Program Files\Java\jdk-17\bin\java.exe
0x00007ffe8caf0000 - 0x00007ffe8cce8000 	C:\WINDOWS\SYSTEM32\ntdll.dll
0x00007ffe8ac70000 - 0x00007ffe8ad2f000 	C:\WINDOWS\System32\KERNEL32.DLL
0x00007ffe8a510000 - 0x00007ffe8a806000 	C:\WINDOWS\System32\KERNELBASE.dll
0x00007ffe8aa50000 - 0x00007ffe8ab50000 	C:\WINDOWS\System32\ucrtbase.dll
0x00007ffe86af0000 - 0x00007ffe86b08000 	C:\Program Files\Java\jdk-17\bin\jli.dll
0x00007ffe86ad0000 - 0x00007ffe86aeb000 	C:\Program Files\Java\jdk-17\bin\VCRUNTIME140.dll
0x00007ffe8b8a0000 - 0x00007ffe8b94f000 	C:\WINDOWS\System32\ADVAPI32.dll
0x00007ffe8ca10000 - 0x00007ffe8caae000 	C:\WINDOWS\System32\msvcrt.dll
0x00007ffe8bcb0000 - 0x00007ffe8bd4c000 	C:\WINDOWS\System32\sechost.dll
0x00007ffe8c8e0000 - 0x00007ffe8ca06000 	C:\WINDOWS\System32\RPCRT4.dll
0x00007ffe8add0000 - 0x00007ffe8af6d000 	C:\WINDOWS\System32\USER32.dll
0x00007ffe8a410000 - 0x00007ffe8a432000 	C:\WINDOWS\System32\win32u.dll
0x00007ffe7c670000 - 0x00007ffe7c90a000 	C:\WINDOWS\WinSxS\amd64_microsoft.windows.common-controls_6595b64144ccf1df_6.0.19041.1110_none_60b5254171f9507e\COMCTL32.dll
0x00007ffe8bc70000 - 0x00007ffe8bc9c000 	C:\WINDOWS\System32\GDI32.dll
0x00007ffe8a1d0000 - 0x00007ffe8a2e5000 	C:\WINDOWS\System32\gdi32full.dll
0x00007ffe8a470000 - 0x00007ffe8a50d000 	C:\WINDOWS\System32\msvcp_win.dll
0x00007ffe83b60000 - 0x00007ffe83b6a000 	C:\WINDOWS\SYSTEM32\VERSION.dll
0x00007ffe8abb0000 - 0x00007ffe8abe0000 	C:\WINDOWS\System32\IMM32.DLL
0x00007ffe85f50000 - 0x00007ffe85f5c000 	C:\Program Files\Java\jdk-17\bin\vcruntime140_1.dll
0x00007ffe80250000 - 0x00007ffe802de000 	C:\Program Files\Java\jdk-17\bin\msvcp140.dll
0x00007ffe34110000 - 0x00007ffe34ce7000 	C:\Program Files\Java\jdk-17\bin\server\jvm.dll
0x00007ffe8adc0000 - 0x00007ffe8adc8000 	C:\WINDOWS\System32\PSAPI.DLL
0x00007ffe7e140000 - 0x00007ffe7e149000 	C:\WINDOWS\SYSTEM32\WSOCK32.dll
0x00007ffe7fa70000 - 0x00007ffe7fa97000 	C:\WINDOWS\SYSTEM32\WINMM.dll
0x00007ffe8ba10000 - 0x00007ffe8ba7b000 	C:\WINDOWS\System32\WS2_32.dll
0x00007ffe88a60000 - 0x00007ffe88a72000 	C:\WINDOWS\SYSTEM32\kernel.appcore.dll
0x00007ffe85f40000 - 0x00007ffe85f4a000 	C:\Program Files\Java\jdk-17\bin\jimage.dll
0x00007ffe87ca0000 - 0x00007ffe87e84000 	C:\WINDOWS\SYSTEM32\DBGHELP.DLL
0x00007ffe7f810000 - 0x00007ffe7f844000 	C:\WINDOWS\SYSTEM32\dbgcore.DLL
0x00007ffe8a860000 - 0x00007ffe8a8e2000 	C:\WINDOWS\System32\bcryptPrimitives.dll
0x00007ffe85f10000 - 0x00007ffe85f1e000 	C:\Program Files\Java\jdk-17\bin\instrument.dll
0x00007ffe83e60000 - 0x00007ffe83e85000 	C:\Program Files\Java\jdk-17\bin\java.dll
0x00007ffe7eff0000 - 0x00007ffe7f0c7000 	C:\Program Files\Java\jdk-17\bin\jsvml.dll
0x00007ffe8af70000 - 0x00007ffe8b6b4000 	C:\WINDOWS\System32\SHELL32.dll
0x00007ffe88280000 - 0x00007ffe88a14000 	C:\WINDOWS\SYSTEM32\windows.storage.dll
0x00007ffe8c500000 - 0x00007ffe8c854000 	C:\WINDOWS\System32\combase.dll
0x00007ffe89c10000 - 0x00007ffe89c3e000 	C:\WINDOWS\SYSTEM32\Wldp.dll
0x00007ffe8c2a0000 - 0x00007ffe8c34d000 	C:\WINDOWS\System32\SHCORE.dll
0x00007ffe8c860000 - 0x00007ffe8c8b5000 	C:\WINDOWS\System32\shlwapi.dll
0x00007ffe8a100000 - 0x00007ffe8a125000 	C:\WINDOWS\SYSTEM32\profapi.dll
0x00007ffe807b0000 - 0x00007ffe807c8000 	C:\Program Files\Java\jdk-17\bin\zip.dll
0x00007ffe85ee0000 - 0x00007ffe85ef9000 	C:\Program Files\Java\jdk-17\bin\net.dll
0x00007ffe82cc0000 - 0x00007ffe82dca000 	C:\WINDOWS\SYSTEM32\WINHTTP.dll
0x00007ffe89970000 - 0x00007ffe899da000 	C:\WINDOWS\system32\mswsock.dll
0x00007ffe80680000 - 0x00007ffe80696000 	C:\Program Files\Java\jdk-17\bin\nio.dll
0x00007ffe80660000 - 0x00007ffe8067a000 	C:\Program Files\JetBrains\IntelliJ IDEA 2022.3\bin\breakgen64.dll
0x00007ffe78fd0000 - 0x00007ffe79161000 	C:\Program Files\Java\jdk-17\bin\awt.dll
0x00007ffe8ba80000 - 0x00007ffe8bb4d000 	C:\WINDOWS\System32\OLEAUT32.dll
0x00007ffe86be0000 - 0x00007ffe86c71000 	C:\WINDOWS\SYSTEM32\apphelp.dll
0x00007ffe86cf0000 - 0x00007ffe86d8e000 	C:\WINDOWS\system32\uxtheme.dll
0x00007ffe8bb50000 - 0x00007ffe8bc64000 	C:\WINDOWS\System32\MSCTF.dll
0x00007ffe8b6c0000 - 0x00007ffe8b7ea000 	C:\WINDOWS\System32\ole32.dll
0x00007ffe86fb0000 - 0x00007ffe86fdf000 	C:\WINDOWS\system32\DWMAPI.DLL
0x00007ffe2d2f0000 - 0x00007ffe2d415000 	C:\WINDOWS\system32\opengl32.dll
0x00007ffe72380000 - 0x00007ffe723ac000 	C:\WINDOWS\SYSTEM32\GLU32.dll
0x00007ffe66c60000 - 0x00007ffe66e2d000 	C:\WINDOWS\system32\d3d9.dll
0x00007ffe81130000 - 0x00007ffe811ec000 	C:\WINDOWS\System32\DriverStore\FileRepository\nv_dispi.inf_amd64_3c2bd4a1ec6d228e\nvldumdx.dll
0x00007ffe89da0000 - 0x00007ffe89db2000 	C:\WINDOWS\SYSTEM32\msasn1.dll
0x00007ffe83a60000 - 0x00007ffe83a91000 	C:\WINDOWS\SYSTEM32\cryptnet.dll
0x00007ffe8a8f0000 - 0x00007ffe8aa4e000 	C:\WINDOWS\System32\CRYPT32.dll
0x00007ffe83710000 - 0x00007ffe83858000 	C:\WINDOWS\SYSTEM32\drvstore.dll
0x00007ffe89f60000 - 0x00007ffe89f93000 	C:\WINDOWS\SYSTEM32\devobj.dll
0x00007ffe8a810000 - 0x00007ffe8a85e000 	C:\WINDOWS\System32\cfgmgr32.dll
0x00007ffe89b60000 - 0x00007ffe89b6c000 	C:\WINDOWS\SYSTEM32\cryptbase.dll
0x00007ffe8a3a0000 - 0x00007ffe8a407000 	C:\WINDOWS\System32\wintrust.dll
0x00007ffe8c8c0000 - 0x00007ffe8c8dd000 	C:\WINDOWS\System32\imagehlp.dll
0x00007ffe89b70000 - 0x00007ffe89b88000 	C:\WINDOWS\SYSTEM32\CRYPTSP.dll
0x00007ffe89220000 - 0x00007ffe89254000 	C:\WINDOWS\system32\rsaenh.dll
0x00007ffe8a440000 - 0x00007ffe8a467000 	C:\WINDOWS\System32\bcrypt.dll
0x00007ffe45510000 - 0x00007ffe48699000 	C:\WINDOWS\System32\DriverStore\FileRepository\nv_dispi.inf_amd64_3c2bd4a1ec6d228e\nvd3dumx.dll
0x00007ffe4e710000 - 0x00007ffe4e9e1000 	C:\WINDOWS\system32\nvspcap64.dll
0x00007ffe89340000 - 0x00007ffe89373000 	C:\WINDOWS\SYSTEM32\ntmarta.dll
0x00007ffe88a30000 - 0x00007ffe88a53000 	C:\WINDOWS\SYSTEM32\gpapi.dll
0x00007ffe81510000 - 0x00007ffe8154b000 	C:\WINDOWS\SYSTEM32\dxcore.dll
0x00007ffe7eb40000 - 0x00007ffe7ebc6000 	C:\Program Files\Java\jdk-17\bin\freetype.dll
0x00007ffe69d40000 - 0x00007ffe69e05000 	C:\Program Files\Java\jdk-17\bin\fontmanager.dll
0x00007ffe78e70000 - 0x00007ffe78f69000 	C:\WINDOWS\SYSTEM32\textinputframework.dll
0x00007ffe86570000 - 0x00007ffe868ce000 	C:\WINDOWS\System32\CoreUIComponents.dll
0x00007ffe868d0000 - 0x00007ffe869c2000 	C:\WINDOWS\System32\CoreMessaging.dll
0x00007ffe85d50000 - 0x00007ffe85ea4000 	C:\WINDOWS\SYSTEM32\wintypes.dll
0x00007ffe80160000 - 0x00007ffe801c6000 	C:\WINDOWS\system32\Oleacc.dll
0x00007ffe8a0c0000 - 0x00007ffe8a0ee000 	C:\WINDOWS\SYSTEM32\USERENV.dll
0x00007ffe89610000 - 0x00007ffe8964c000 	C:\WINDOWS\SYSTEM32\IPHLPAPI.DLL
0x00007ffe8bca0000 - 0x00007ffe8bca8000 	C:\WINDOWS\System32\NSI.dll
0x00007ffe83a40000 - 0x00007ffe83a57000 	C:\WINDOWS\SYSTEM32\dhcpcsvc6.DLL
0x00007ffe83aa0000 - 0x00007ffe83abd000 	C:\WINDOWS\SYSTEM32\dhcpcsvc.DLL
0x00007ffe89660000 - 0x00007ffe8972a000 	C:\WINDOWS\SYSTEM32\DNSAPI.dll

dbghelp: loaded successfully - version: 4.0.5 - missing functions: none
symbol engine: initialized successfully - sym options: 0x614 - pdb path: .;C:\Program Files\Java\jdk-17\bin;C:\WINDOWS\SYSTEM32;C:\WINDOWS\WinSxS\amd64_microsoft.windows.common-controls_6595b64144ccf1df_6.0.19041.1110_none_60b5254171f9507e;C:\Program Files\Java\jdk-17\bin\server;C:\Program Files\JetBrains\IntelliJ IDEA 2022.3\bin;C:\WINDOWS\System32\DriverStore\FileRepository\nv_dispi.inf_amd64_3c2bd4a1ec6d228e

VM Arguments:
jvm_args: -javaagent:C:\Program Files\JetBrains\IntelliJ IDEA 2022.3\lib\idea_rt.jar=63565:C:\Program Files\JetBrains\IntelliJ IDEA 2022.3\bin -Dfile.encoding=UTF-8 
java_command: main.Main
java_class_path (initial): C:\Users\kevin\IdeaProjects\Chess\out\production\Chess
Launcher Type: SUN_STANDARD

[Global flags]
     intx CICompilerCount                          = 3                                         {product} {ergonomic}
     uint ConcGCThreads                            = 2                                         {product} {ergonomic}
     uint G1ConcRefinementThreads                  = 6                                         {product} {ergonomic}
   size_t G1HeapRegionSize                         = 2097152                                   {product} {ergonomic}
    uintx GCDrainStackTargetSize                   = 64                                        {product} {ergonomic}
   size_t InitialHeapSize                          = 268435456                                 {product} {ergonomic}
   size_t MarkStackSize                            = 4194304                                   {product} {ergonomic}
   size_t MaxHeapSize                              = 4271898624                                {product} {ergonomic}
   size_t MaxNewSize                               = 2562719744                                {product} {ergonomic}
   size_t MinHeapDeltaBytes                        = 2097152                                   {product} {ergonomic}
   size_t MinHeapSize                              = 8388608                                   {product} {ergonomic}
    uintx NonNMethodCodeHeapSize                   = 5832780                                {pd product} {ergonomic}
    uintx NonProfiledCodeHeapSize                  = 122912730                              {pd product} {ergonomic}
    uintx ProfiledCodeHeapSize                     = 122912730                              {pd product} {ergonomic}
    uintx ReservedCodeCacheSize                    = 251658240                              {pd product} {ergonomic}
     bool SegmentedCodeCache                       = true                                      {product} {ergonomic}
   size_t SoftMaxHeapSize                          = 4271898624                             {manageable} {ergonomic}
     bool UseCompressedClassPointers               = true                           {product lp64_product} {ergonomic}
     bool UseCompressedOops                        = true                           {product lp64_product} {ergonomic}
     bool UseG1GC                                  = true                                      {product} {ergonomic}
     bool UseLargePagesIndividualAllocation        = false                                  {pd product} {ergonomic}

Logging:
Log output configuration:
 #0: stdout all=warning uptime,level,tags
 #1: stderr all=off uptime,level,tags

Environment Variables:
JAVA_HOME=C:\Program Files\Java\jdk-17
PATH=C:\Program Files\Common Files\Oracle\Java\javapath;C:\Program Files\Microsoft MPI\Bin\;C:\WINDOWS\system32;C:\WINDOWS;C:\WINDOWS\System32\Wbem;C:\WINDOWS\System32\WindowsPowerShell\v1.0\;C:\WINDOWS\System32\OpenSSH\;C:\Program Files\NVIDIA Corporation\NVIDIA NvDLISR;C:\Program Files (x86)\NVIDIA Corporation\PhysX\Common;C:\Program Files\dotnet\;C:\Program Files\Git\cmd;C:\Program Files (x86)\Microsoft SQL Server\160\Tools\Binn\;C:\Program Files\Microsoft SQL Server\160\Tools\Binn\;C:\Program Files\Microsoft SQL Server\Client SDK\ODBC\170\Tools\Binn\;C:\Program Files\Microsoft SQL Server\160\DTS\Binn\;C:\Program Files (x86)\Microsoft SQL Server\160\DTS\Binn\;C:\Program Files\Azure Data Studio\bin;C:\Program Files\nodejs\;C:\Program Files\Java\jdk-17;C:\Users\kevin\.console-ninja\.bin;C:\Users\kevin\AppData\Local\Microsoft\WindowsApps;;C:\Users\kevin\AppData\Local\Programs\Microsoft VS Code\bin;C:\Program Files\Azure Data Studio\bin;C:\Users\kevin\AppData\Roaming\npm
USERNAME=kevin
OS=Windows_NT
PROCESSOR_IDENTIFIER=Intel64 Family 6 Model 158 Stepping 13, GenuineIntel



---------------  S Y S T E M  ---------------

OS:
 Windows 10 , 64 bit Build 19041 (10.0.19041.3155)
OS uptime: 2 days 19:32 hours

CPU: total 6 (initial active 6) (6 cores per cpu, 1 threads per core) family 6 model 158 stepping 13 microcode 0xd6, cx8, cmov, fxsr, mmx, 3dnowpref, sse, sse2, sse3, ssse3, sse4.1, sse4.2, popcnt, lzcnt, tsc, tscinvbit, avx, avx2, aes, erms, clmul, bmi1, bmi2, adx, fma, vzeroupper, clflush, clflushopt

Memory: 4k page, system-wide physical 16290M (8603M free)
TotalPageFile size 31650M (AvailPageFile size 20360M)
current process WorkingSet (physical memory assigned to process): 418M, peak: 419M
current process commit charge ("private bytes"): 611M, peak: 613M

vm_info: Java HotSpot(TM) 64-Bit Server VM (17.0.6+9-LTS-190) for windows-amd64 JRE (17.0.6+9-LTS-190), built on Dec  6 2022 15:53:54 by "mach5one" with MS VC++ 17.1 (VS2022)

END.
